#----------------------------------------
# JasperGold Version Info
# tool      : JasperGold 2018.03
# platform  : Linux 2.6.32-431.el6.x86_64
# version   : 2018.03p001 64 bits
# build date: 2018.04.24 18:13:05 PDT
#----------------------------------------
# started Wed Mar 17 20:56:23 CST 2021
# hostname  : ideal125
# pid       : 17221
# arguments : '-label' 'session_0' '-console' 'ideal125:60812' '-style' 'windows' '-data' 'AQAAADx/////AAAAAAAAA3oBAAAAEABMAE0AUgBFAE0ATwBWAEU=' '-proj' '/home/max.chen/ICCONTEST/2014/jgproject/sessionLogs/session_0' '-init' '-hidden' '/home/max.chen/ICCONTEST/2014/jgproject/.tmp/.initCmds.tcl' 'superlint.tcl'

Any disclosure about the Cadence Design Systems software or its use
model to any third party violates the written Non-Disclosure Agreement
between Cadence Design Systems, Inc. and the customer.

THIS SOFTWARE CONTAINS CONFIDENTIAL INFORMATION AND TRADE SECRETS OF
CADENCE DESIGN SYSTEMS, INC. USE, DISCLOSURE, OR REPRODUCTION IS
PROHIBITED WITHOUT THE PRIOR EXPRESS WRITTEN PERMISSION OF CADENCE
DESIGN SYSTEMS, INC.

Copyright (C) 2000-2018 Cadence Design Systems, Inc. All Rights
Reserved.  Unpublished -- rights reserved under the copyright laws of
the United States.

This product includes software developed by others and redistributed
according to license agreement. See doc/third_party_readme.txt for
further details.

RESTRICTED RIGHTS LEGEND

Use, duplication, or disclosure by the Government is subject to
restrictions as set forth in subparagraph (c) (1) (ii) of the Rights in
Technical Data and Computer Software clause at DFARS 252.227-7013 or
subparagraphs (c) (1) and (2) of Commercial Computer Software -- Restricted
Rights at 48 CFR 52.227-19, as applicable.


                          Cadence Design Systems, Inc. 
                          2655 Seely Avenue
                          San Jose, CA 95134
                          Phone: 408.943.1234

For technical assistance visit http://support.cadence.com.

JasperGold Apps Analysis Session - /home/max.chen/ICCONTEST/2014/jgproject/sessionLogs/session_0

INFO: successfully checked out licenses "jasper_interactive" and "jasper_afl".
INFO: reading configuration file "/home/max.chen/.config/jasper/jaspergold.conf".
% check_superlint -init
% clear -all
INFO (IPF121): Cleared environment completely for new design analysis.
% 
% # Config rules
% config_rtlds -rule -enable -domain { LINT AUTO_FORMAL }
% config_rtlds -rule -disable -tag { CAS_IS_DFRC SIG_IS_DLCK SIG_NO_TGFL SIG_NO_TGRS SIG_NO_TGST FSM_NO_MTRN FSM_NO_TRRN }
% # vsd2018_constrain //
% config_rtlds -rule  -disable -category { NAMING AUTO_FORMAL_DEAD_CODE AUTO_FORMAL_SIGNALS AUTO_FORMAL_ARITHMETIC_OVERFLOW }
% config_rtlds -rule  -disable -tag { IDN_NR_SVKY ARY_MS_DRNG IDN_NR_AMKY IDN_NR_CKYW IDN_NR_SVKW ARY_NR_LBND VAR_NR_INDL INS_NR_PTEX INP_NO_USED OTP_NR_ASYA FLP_NR_MXCS OTP_UC_INST OTP_NR_UDRV REG_NR_TRRC INS_NR_INPR MOD_NS_GLGC } 
% config_rtlds -rule  -disable -tag { REG_NR_RWRC }
% # vsd2018_constrain //
% 
% analyze -sv  ./STI_DAC.v
[-- (VERI-1482)] Analyzing Verilog file '/home/nfs_cad/cadence/JASPER/jasper_2018.03p001/lib/verilog/packages/std/std.sv' into library 'std'
[-- (VERI-1482)] Analyzing Verilog file './STI_DAC.v'
% elaborate -bbox true -top STI_DAC
INFO (ISW003): Top module name is "STI_DAC".
[INFO (VERI-1018)] ./STI_DAC.v(1): compiling module 'STI_DAC'
[INFO (VERI-1018)] ./STI_DAC.v(75): compiling module 'CTRL'
[INFO (VERI-1018)] ./STI_DAC.v(157): compiling module 'PROC'
[WARN (VERI-1209)] ./STI_DAC.v(218): expression size 32 truncated to fit in target size 16
[WARN (VERI-1209)] ./STI_DAC.v(264): expression size 32 truncated to fit in target size 5
[WARN (VERI-1209)] ./STI_DAC.v(266): expression size 32 truncated to fit in target size 5
[INFO (VERI-1018)] ./STI_DAC.v(297): compiling module 'DAC'
STI_DAC
[<embedded>] % 
[<embedded>] % # Setup clock and reset
[<embedded>] % clock clk
[<embedded>] % reset reset
INFO (IPM031): Clearing proof results of all properties.
INFO (IRS006): Current reset condition is "reset".
[<embedded>] % 
[<embedded>] % # Setup for CTL check
[<embedded>] % set_superlint_fsm_ctl_livelock true
WARNING (WG002): "superlint_fsm_ctl_livelock" is included as an initial release to gather feedback from early adopters and finalize implementation for an upcoming release.
[<embedded>] % set_superlint_fsm_ctl_deadlock true
WARNING (WG002): "superlint_fsm_ctl_deadlock" is included as an initial release to gather feedback from early adopters and finalize implementation for an upcoming release.
[<embedded>] % 
[<embedded>] % # Setup for LTL check
[<embedded>] % #set_superlint_fsm_ctl_livelock false
[<embedded>] % #set_superlint_fsm_ctl_deadlock false
[<embedded>] % #set_superlint_add_automatic_task_assumption true
[<embedded>] % 
[<embedded>] % # Extract checks
[<embedded>] % check_superlint -extract
INFO (ISL009): Started detection of ASG_IS_XRCH, ARY_IS_OOBI, CAS_NO_PRIO checks
INFO (ISL009): Started detection of FSM_IS_DLCK,FSM_IS_LLCK,FSM_NO_RCHB checks
INFO (IRS029): Starting reset analysis: phase 1 of 4.
INFO (IRS030): Running reset analysis: phase 2 of 4.
INFO (IRS031): Running reset analysis: phase 3 of 4.
INFO (IRS020): Starting the reset analysis simulation with a limit of 100 iterations (phase 4 of 4).
INFO (IRS024): Reset iterations 0 to 3 analyzed.
INFO (IRS018): Reset analysis simulation executed for 2 iterations. Assigned values for 93 of 100 design flops, 0 of 0 design latches, 0 of 0 internal elements.
WARNING (WRS031): 7 of 100 design flop(s) with asynchronous reset condition, but not reset. Run "get_reset_info -x_value -with_reset_pin" to get a list of such flops.
INFO (ISL009): Started detection of BUS_IS_CONT,BUS_IS_FLOT checks
INFO (ISL014): Started extracting properties for ASG_IS_XRCH,ARY_IS_OOBI,CAS_NO_PRIO checks
INFO (ISL015): Extracted 0 properties of ASG_IS_XRCH,ARY_IS_OOBI,CAS_NO_PRIO
INFO (ISL014): Started extracting properties for FSM_IS_DLCK,FSM_IS_LLCK,FSM_NO_RCHB checks
INFO (ISL015): Extracted 34 properties of FSM_IS_DLCK,FSM_IS_LLCK,FSM_NO_RCHB
INFO (ISL014): Started extracting properties for BUS_IS_CONT,BUS_IS_FLOT checks
INFO (ISL015): Extracted 0 properties of BUS_IS_CONT,BUS_IS_FLOT
INFO (ISL018): Started extraction of structural checks
INFO (ISL016): Extracted 7 STRUCTURAL checks.
INFO (ISL016): Extracted 1 SYNTH checks.
INFO (ISL016): Extracted 10 BASIC LINT checks.
52
[<embedded>] % 
[<embedded>] % # Prove
[<embedded>] % set_superlint_prove_parallel_tasks on
[<embedded>] % set_prove_no_traces true
[<embedded>] % check_superlint -prove -time_limit 10m -bg
INFO (ISL008): Running multiple proof threads in parallel, one per task.
    Expect high resource allocation.
WARNING (WG002): "superlint_prove_parallel_tasks" is included as an initial release to gather feedback from early adopters and finalize implementation for an upcoming release.
WARNING (WSL054): "superlint_prove_parallel_tasks" is enabled, overriding the following settings: proofgrid_per_engine_max_jobs, proofgrid_max_jobs.
    For message help, type "help -message WSL054"
INFO (IPF127): Verbosity level: 6
INFO (IPF127): Using Proof Grid in local mode, with 1 licenses
INFO (IPF127): Trace generation: Suppressing
INFO (IPF127): Engine C/G memory limit: 2048MB
INFO (IPF127): Using rule superlint_chunking_rule.
INFO (IPF127): Using action: prove_action.
INFO (IPF036): Starting proof on task: "<SL_AUTO_FORMAL_FSM>", 16 properties to prove with 0 already proven/unreachable
INFO (IPF031): Settings used for proof thread 0:
    orchestration                 = off
    time_limit                    = 599s
    per_property_time_limit       = 10s * 10 ^ scan
    engine_mode                   = Ht J N I L 
    proofgrid_per_engine_max_jobs = 1
    proofgrid_max_jobs            = 35
    max engine jobs               = Ht J N I L, total 5 (max 35)
    proofgrid_mode                = local
    proofgrid_restarts            = 10
    trace_generation              = off
WARNING (WTR001): Trace generation is disabled. This proof will not generate nor store any trace data.
    For message help, type "help -message WTR001".
0: Using multistage preprocessing
0: Starting reduce
0: Finished reduce in 0.001s
0.0.PRE: Performing Proof Simplification...
0.0.Ht: clocks: 1, declared: 1, disabling: 0, posedge: 1, negedge: 0, noedge: 0, bothedge: 0
0.0.Ht: Proof Simplification Iteration 1	[0.00 s]
0.0.Ht: Proof Simplification Iteration 2	[0.00 s]
0.0.Ht: Proof Simplification Iteration 3	[0.00 s]
0.0.PRE: A proof was found: No trace exists. [0.00 s]
INFO (IPF057): 0.0.PRE: The property ":noDeadEnd" was proven in 0.00 s.
use check_assumptions -show to show this property in the property table
0.0.PRE: A proof was found: No trace exists. [0.00 s]
INFO (IPF057): 0.0.PRE: The property ":noConflict" was proven in 0.00 s.
use check_assumptions -show to show this property in the property table
0.0.PRE: Proof Simplification completed in 0.01 s
0: About to start centralized ProofGrid in its own thread with a limit of 10000 pending notifications and a limit of 10 traces.
0: =============================== ProofGrid start ===============================
0: ProofGrid usable level: 8
0: ProofGrid is starting event handling
0.0.I: Proofgrid shell started at 17458@ideal125(local) jg_17221_ideal125_1
0.0.Ht: Proofgrid shell started at 17455@ideal125(local) jg_17221_ideal125_1
0.0.I: clocks: 1, declared: 1, disabling: 0, posedge: 1, negedge: 0, noedge: 0, bothedge: 0
0.0.Ht: clocks: 1, declared: 1, disabling: 0, posedge: 1, negedge: 0, noedge: 0, bothedge: 0
0.0.I: Next scan (0) will use per property time limit: 10s * 10 ^ 0 = 10s
0.0.I: Starting proof for property "fsm_state_cover_EVEN1_prop_8"	[0.00 s].
0.0.I: Trace Attempt  1	[0.00 s]
0.0.Ht: Trace Attempt  1	[0.00 s]
INFO (IPF047): 0.0.Ht: The cover property "fsm_state_cover_NULL_prop_1" was covered in 1 cycles in 0.00 s.
INFO (IPF047): 0.0.Ht: The cover property "fsm_state_cover_STATE_READ_prop_22" was covered in 1 cycles in 0.00 s.
0.0.I: Trace Attempt  2	[0.00 s]
0.0.I: Trace Attempt  3	[0.00 s]
0.0.Ht: Trace Attempt  2	[0.00 s]
0.0.J: Proofgrid shell started at 17456@ideal125(local) jg_17221_ideal125_1
0.0.L: Proofgrid shell started at 17459@ideal125(local) jg_17221_ideal125_1
0.0.Ht: Trace Attempt  3	[0.00 s]
INFO (IPF047): 0.0.Ht: The cover property "fsm_state_cover_STATE_PROC_prop_23" was covered in 3 cycles in 0.01 s.
0.0.I: Trace Attempt  2	[0.00 s]
0.0.Ht: Trace Attempt  4	[0.00 s]
INFO (IPF047): 0.0.Ht: The cover property "fsm_state_cover_STATE_OUT_prop_24" was covered in 4 cycles in 0.01 s.
0.0.Ht: Trace Attempt  5	[0.00 s]
0.0.J: clocks: 1, declared: 1, disabling: 0, posedge: 1, negedge: 0, noedge: 0, bothedge: 0
0.0.I: Trace Attempt  3	[0.00 s]
0.0.L: clocks: 1, declared: 1, disabling: 0, posedge: 1, negedge: 0, noedge: 0, bothedge: 0
0.0.N: Proofgrid shell started at 17457@ideal125(local) jg_17221_ideal125_1
0.0.I: Trace Attempt  4	[0.00 s]
0.0.L: Using trace diversification with seed 1 (0.05)
0.0.L: Using LRU state removal heuristic
INFO (IPF047): 0.0.Ht: The cover property "fsm_state_cover_STATE_MEM_prop_25" was covered in 6 cycles in 0.01 s.
0.0.L: Using states from traces to { (reset) }
INFO (IPF047): 0.0.Ht: The cover property "fsm_state_cover_ODD1_prop_9" was covered in 7 cycles in 0.01 s.
INFO (IPF047): 0.0.Ht: The cover property "fsm_state_cover_STATE_FIN_prop_27" was covered in 7 cycles in 0.01 s.
0.0.L: Trace Attempt  1	[0.00 s]
0.0.N: clocks: 1, declared: 1, disabling: 0, posedge: 1, negedge: 0, noedge: 0, bothedge: 0
0.0.L: Trace Attempt  2	[0.00 s]
0.0.I: Trace Attempt  3	[0.00 s]
0.0.J: Trace Attempt  1	[0.00 s]
0.0.J: Trace Attempt  1	[0.00 s]
0.0.J: Trace Attempt  2	[0.00 s]
0.0.J: Trace Attempt  1	[0.00 s]
0.0.J: Trace Attempt  3	[0.00 s]
0.0.N: Next scan (0) will use per property time limit: 10s * 10 ^ 0 = 10s
0.0.N: Starting proof for property "fsm_state_cover_EVEN1_prop_8"	[0.00 s].
0.0.J: Trace Attempt  1	[0.00 s]
0.0.J: Trace Attempt  4	[0.00 s]
0.0.J: Trace Attempt  1	[0.00 s]
0.0.J: Trace Attempt  4	[0.00 s]
0.0.J: Trace Attempt  1	[0.00 s]
0.0.J: Trace Attempt  1	[0.00 s]
0.0.J: Trace Attempt  1	[0.00 s]
0.0.J: Trace Attempt  1	[0.00 s]
0.0.L: Trace Attempt  3	[0.00 s]
INFO (IPF047): 0.0.J: The cover property "fsm_state_cover_EVEN1_prop_8" was covered in 13 cycles in 0.00 s.
INFO (IPF047): 0.0.J: The cover property "fsm_state_cover_STATE_NULL_prop_26" was covered in 13 cycles in 0.00 s.
0.0.J: Trace Attempt  1	[0.00 s]
0.0.J: Trace Attempt  1	[0.00 s]
0.0.J: Trace Attempt  1	[0.00 s]
0.0.J: Trace Attempt  1	[0.00 s]
0.0.N: Stopped processing property "fsm_state_cover_EVEN1_prop_8"	[0.00 s].
0.0.N: Starting proof for property "fsm_state_cover_EVEN2_prop_6"	[0.00 s].
0.0.J: Trace Attempt  1	[0.00 s]
0.0.J: Trace Attempt  1	[0.00 s]
0.0.L: Using states from traces to { fsm_state_cover_STATE_PROC_prop_23 (2) }
0.0.J: Trace Attempt  1	[0.00 s]
0.0.I: Trace Attempt  4	[0.00 s]
0.0.N: Trace Attempt  1	[0.00 s]
0.0.J: Trace Attempt  1	[0.00 s]
0.0.L: Trace Attempt  1	[0.00 s]
0.0.I: Stopped processing property "fsm_state_cover_EVEN1_prop_8"	[0.01 s].
0.0.I: Starting proof for property "fsm_state_cover_EVEN2_prop_6"	[0.00 s].
INFO (IPF047): 0.0.J: The cover property "fsm_state_cover_ODD2_prop_7" was covered in 139 cycles in 0.01 s.
0.0.L: Trace Attempt  2	[0.00 s]
INFO (IPF047): 0.0.J: The cover property "fsm_state_cover_EVEN2_prop_6" was covered in 141 cycles in 0.01 s.
0.0.I: Trace Attempt  1	[0.00 s]
0.0.J: Trace Attempt  1	[0.00 s]
0.0.L: Trace Attempt  3	[0.00 s]
0.0.N: Trace Attempt  2	[0.00 s]
0.0.J: Trace Attempt  1	[0.00 s]
0.0.I: Trace Attempt  2	[0.00 s]
0.0.I: Stopped processing property "fsm_state_cover_EVEN2_prop_6"	[0.00 s].
0.0.I: Starting proof for property "fsm_state_cover_EVEN3_prop_4"	[0.00 s].
0.0.L: Using states from traces to { fsm_state_cover_STATE_OUT_prop_24 (3) }
0.0.N: Stopped processing property "fsm_state_cover_EVEN2_prop_6"	[0.00 s].
0.0.N: Starting proof for property "fsm_state_cover_EVEN3_prop_4"	[0.00 s].
0.0.J: Trace Attempt  1	[0.00 s]
0.0.I: Trace Attempt  1	[0.00 s]
0.0.L: Trace Attempt  1	[0.00 s]
0.0.N: Trace Attempt  1	[0.00 s]
0.0.J: Trace Attempt  1	[0.00 s]
0.0.L: Trace Attempt  2	[0.00 s]
0.0.I: Trace Attempt  2	[0.00 s]
0.0.I: Trace Attempt  3	[0.00 s]
0.0.L: Trace Attempt  3	[0.00 s]
0.0.J: Trace Attempt  1	[0.00 s]
0.0.N: Trace Attempt  2	[0.00 s]
0.0.L: Trace Attempt  4	[0.00 s]
0.0.J: Trace Attempt  1	[0.00 s]
0.0.I: Trace Attempt  2	[0.00 s]
0.0.L: Trace Attempt  5	[0.00 s]
0.0.J: Trace Attempt  1	[0.00 s]
0.0.J: Trace Attempt  1	[0.00 s]
0.0.I: Trace Attempt  3	[0.00 s]
0.0.I: Trace Attempt  4	[0.00 s]
0.0.J: Trace Attempt  1	[0.00 s]
0.0.J: Trace Attempt  1	[0.00 s]
0.0.N: Trace Attempt  3	[0.00 s]
0.0.I: Trace Attempt  3	[0.00 s]
0.0.J: Trace Attempt  1	[0.00 s]
0.0.L: Using states from traces to { fsm_state_cover_STATE_MEM_prop_25 (7) }
0.0.J: Trace Attempt  1	[0.00 s]
0.0.L: Trace Attempt  1	[0.00 s]
0.0.L: Trace Attempt  2	[0.00 s]
0.0.J: Trace Attempt  1	[0.00 s]
0.0.L: Trace Attempt  3	[0.00 s]
0.0.I: Trace Attempt  4	[0.00 s]
0.0.I: Trace Attempt  5	[0.00 s]
0.0.J: Trace Attempt  1	[0.01 s]
0.0.L: Using states from traces to { fsm_state_cover_ODD1_prop_9 (8) }
0.0.N: Trace Attempt  4	[0.00 s]
0.0.J: Trace Attempt  1	[0.01 s]
0.0.L: Trace Attempt  1	[0.01 s]
0.0.L: Trace Attempt  2	[0.01 s]
0.0.J: Trace Attempt  1	[0.01 s]
0.0.L: Trace Attempt  3	[0.01 s]
0.0.J: Trace Attempt  1	[0.01 s]
0.0.L: Trace Attempt  4	[0.01 s]
0.0.I: Trace Attempt  4	[0.00 s]
0.0.L: Trace Attempt  5	[0.01 s]
0.0.J: Trace Attempt  1	[0.01 s]
0.0.J: Trace Attempt  1	[0.01 s]
0.0.J: Trace Attempt  1	[0.01 s]
0.0.J: Trace Attempt  1	[0.01 s]
0.0.I: Trace Attempt  5	[0.00 s]
0.0.J: Trace Attempt  1	[0.01 s]
0.0.J: Trace Attempt  1	[0.01 s]
0.0.J: Trace Attempt  1	[0.01 s]
0.0.J: Trace Attempt  1	[0.01 s]
0.0.J: Trace Attempt  1	[0.01 s]
0.0.I: Trace Attempt  5	[0.01 s]
0.0.J: Trace Attempt  1	[0.01 s]
0.0.J: Trace Attempt  1	[0.01 s]
0.0.J: Trace Attempt  1	[0.01 s]
0.0.J: Trace Attempt  1	[0.01 s]
0.0.J: Trace Attempt  1	[0.01 s]
0.0.J: Trace Attempt  1	[0.01 s]
0.0.J: Trace Attempt  1	[0.01 s]
0.0.J: Trace Attempt  1	[0.01 s]
0.0.J: Trace Attempt  1	[0.01 s]
0.0.J: Trace Attempt  1	[0.01 s]
0.0.J: Trace Attempt  1	[0.01 s]
0.0.J: Trace Attempt  1	[0.01 s]
0.0.J: Trace Attempt  1	[0.01 s]
0.0.J: Trace Attempt  1	[0.01 s]
0.0.J: Trace Attempt  1	[0.01 s]
0.0.J: Trace Attempt  1	[0.01 s]
0.0.J: Trace Attempt  1	[0.01 s]
0.0.J: Trace Attempt  1	[0.01 s]
0.0.J: Trace Attempt  1	[0.01 s]
0.0.J: Trace Attempt  1	[0.01 s]
0.0.J: Trace Attempt  1	[0.01 s]
0.0.J: Trace Attempt  1	[0.01 s]
0.0.J: Trace Attempt  1	[0.01 s]
0.0.J: Trace Attempt  1	[0.01 s]
0.0.J: Trace Attempt  1	[0.01 s]
0.0.J: Trace Attempt  1	[0.01 s]
0.0.J: Trace Attempt  1	[0.01 s]
0.0.J: Trace Attempt  1	[0.01 s]
0.0.J: Trace Attempt  1	[0.01 s]
0.0.J: Trace Attempt  1	[0.01 s]
0.0.J: Trace Attempt  1	[0.01 s]
0.0.J: Trace Attempt  1	[0.01 s]
0.0.J: Trace Attempt  1	[0.01 s]
0.0.J: Trace Attempt  1	[0.01 s]
0.0.J: Trace Attempt  1	[0.01 s]
0.0.J: Trace Attempt  1	[0.01 s]
0.0.J: Trace Attempt  1	[0.02 s]
0.0.J: Trace Attempt  1	[0.02 s]
0.0.J: Trace Attempt  1	[0.02 s]
0.0.J: Trace Attempt  1	[0.02 s]
0.0.J: Trace Attempt  1	[0.02 s]
0.0.J: Trace Attempt  1	[0.02 s]
0.0.J: Trace Attempt  1	[0.02 s]
0.0.J: Trace Attempt  1	[0.02 s]
0.0.J: Trace Attempt  1	[0.02 s]
0.0.J: Trace Attempt  1	[0.02 s]
0.0.J: Trace Attempt  1	[0.02 s]
0.0.J: Trace Attempt  1	[0.02 s]
0.0.J: Trace Attempt  1	[0.02 s]
0.0.J: Trace Attempt  1	[0.02 s]
0.0.J: Trace Attempt  1	[0.02 s]
0.0.J: Trace Attempt  1	[0.02 s]
0.0.J: Trace Attempt  1	[0.02 s]
0.0.J: Trace Attempt  1	[0.02 s]
0.0.J: Trace Attempt  1	[0.02 s]
0.0.J: Trace Attempt  1	[0.02 s]
0.0.J: Trace Attempt  1	[0.02 s]
0.0.J: Trace Attempt  1	[0.02 s]
0.0.J: Trace Attempt  1	[0.02 s]
0.0.J: Trace Attempt  1	[0.02 s]
0.0.J: Trace Attempt  1	[0.02 s]
0.0.J: Trace Attempt  1	[0.02 s]
0.0.J: Trace Attempt  1	[0.02 s]
0.0.J: Trace Attempt  1	[0.02 s]
0.0.J: Trace Attempt  1	[0.02 s]
0.0.J: Trace Attempt  1	[0.02 s]
0.0.J: Trace Attempt  1	[0.02 s]
0.0.J: Trace Attempt  1	[0.02 s]
0.0.J: Trace Attempt  1	[0.02 s]
0.0.J: Trace Attempt  1	[0.02 s]
0.0.J: Trace Attempt  1	[0.02 s]
0.0.J: Trace Attempt  1	[0.02 s]
0.0.J: Trace Attempt  1	[0.02 s]
0.0.J: Trace Attempt  1	[0.02 s]
0.0.J: Trace Attempt  1	[0.02 s]
0.0.J: Trace Attempt  1	[0.02 s]
0.0.J: Trace Attempt  1	[0.02 s]
0.0.J: Trace Attempt  1	[0.03 s]
0.0.J: Trace Attempt  1	[0.03 s]
0.0.J: Trace Attempt  1	[0.03 s]
0.0.J: Trace Attempt  1	[0.03 s]
0.0.J: Trace Attempt  1	[0.03 s]
0.0.J: Trace Attempt  1	[0.03 s]
0.0.J: Trace Attempt  1	[0.03 s]
0.0.J: Trace Attempt  1	[0.03 s]
0.0.J: Trace Attempt  1	[0.03 s]
0.0.J: Trace Attempt  1	[0.03 s]
0.0.J: Trace Attempt  1	[0.03 s]
0.0.J: Trace Attempt  1	[0.03 s]
0.0.J: Trace Attempt  1	[0.03 s]
0.0.J: Trace Attempt  1	[0.03 s]
0.0.J: Trace Attempt  1	[0.03 s]
0.0.J: Trace Attempt  1	[0.03 s]
0.0.J: Trace Attempt  1	[0.03 s]
0.0.J: Trace Attempt  1	[0.03 s]
0.0.J: Trace Attempt  1	[0.03 s]
0.0.J: Trace Attempt  1	[0.03 s]
0.0.J: Trace Attempt  1	[0.03 s]
0.0.J: Trace Attempt  1	[0.03 s]
0.0.J: Trace Attempt  1	[0.03 s]
0.0.J: Trace Attempt  1	[0.03 s]
0.0.J: Trace Attempt  1	[0.03 s]
0.0.J: Trace Attempt  1	[0.03 s]
0.0.J: Trace Attempt  1	[0.03 s]
0.0.J: Trace Attempt  1	[0.03 s]
0.0.J: Trace Attempt  1	[0.03 s]
0.0.J: Trace Attempt  1	[0.03 s]
0.0.J: Trace Attempt  1	[0.03 s]
0.0.J: Trace Attempt  1	[0.03 s]
0.0.J: Trace Attempt  1	[0.03 s]
0.0.J: Trace Attempt  1	[0.03 s]
0.0.J: Trace Attempt  1	[0.03 s]
0.0.J: Trace Attempt  1	[0.03 s]
0.0.J: Trace Attempt  1	[0.03 s]
0.0.J: Trace Attempt  1	[0.03 s]
0.0.J: Trace Attempt  1	[0.03 s]
0.0.J: Trace Attempt  1	[0.03 s]
0.0.J: Trace Attempt  1	[0.03 s]
0.0.J: Trace Attempt  1	[0.03 s]
0.0.J: Trace Attempt  1	[0.03 s]
0.0.J: Trace Attempt  1	[0.03 s]
0.0.J: Trace Attempt  1	[0.04 s]
0.0.J: Trace Attempt  1	[0.04 s]
0.0.J: Trace Attempt  1	[0.04 s]
0.0.J: Trace Attempt  1	[0.04 s]
0.0.J: Trace Attempt  1	[0.04 s]
0.0.J: Trace Attempt  1	[0.04 s]
0.0.J: Trace Attempt  1	[0.04 s]
0.0.J: Trace Attempt  1	[0.04 s]
0.0.J: Trace Attempt  1	[0.04 s]
0.0.J: Trace Attempt  1	[0.04 s]
0.0.J: Trace Attempt  1	[0.04 s]
0.0.J: Trace Attempt  1	[0.04 s]
0.0.J: Trace Attempt  1	[0.04 s]
0.0.J: Trace Attempt  1	[0.04 s]
0.0.J: Trace Attempt  1	[0.04 s]
0.0.J: Trace Attempt  1	[0.04 s]
0.0.J: Trace Attempt  1	[0.04 s]
0.0.J: Trace Attempt  1	[0.04 s]
0.0.J: Trace Attempt  1	[0.04 s]
0.0.J: Trace Attempt  1	[0.04 s]
0.0.J: Trace Attempt  1	[0.04 s]
0.0.J: Trace Attempt  1	[0.04 s]
0.0.J: Trace Attempt  1	[0.04 s]
0.0.J: Trace Attempt  1	[0.04 s]
0.0.J: Trace Attempt  1	[0.04 s]
0.0.J: Trace Attempt  1	[0.04 s]
0.0.J: Trace Attempt  1	[0.04 s]
0.0.J: Trace Attempt  1	[0.04 s]
0.0.J: Trace Attempt  1	[0.04 s]
0.0.J: Trace Attempt  1	[0.04 s]
0.0.J: Trace Attempt  1	[0.04 s]
0.0.J: Trace Attempt  1	[0.04 s]
0.0.J: Trace Attempt  1	[0.04 s]
0.0.J: Trace Attempt  1	[0.04 s]
0.0.J: Trace Attempt  1	[0.04 s]
0.0.J: Trace Attempt  1	[0.04 s]
0.0.J: Trace Attempt  1	[0.04 s]
0.0.J: Trace Attempt  1	[0.04 s]
0.0.J: Trace Attempt  1	[0.04 s]
0.0.J: Trace Attempt  1	[0.04 s]
0.0.J: Trace Attempt  1	[0.04 s]
0.0.J: Trace Attempt  1	[0.04 s]
0.0.J: Trace Attempt  1	[0.04 s]
0.0.J: Trace Attempt  1	[0.04 s]
0.0.J: Trace Attempt  1	[0.04 s]
0.0.J: Trace Attempt  1	[0.04 s]
0.0.J: Trace Attempt  1	[0.04 s]
0.0.J: Trace Attempt  1	[0.04 s]
0.0.J: Trace Attempt  1	[0.04 s]
0.0.J: Trace Attempt  1	[0.04 s]
0.0.J: Trace Attempt  1	[0.05 s]
0.0.J: Trace Attempt  1	[0.05 s]
0.0.J: Trace Attempt  1	[0.05 s]
0.0.J: Trace Attempt  1	[0.05 s]
0.0.J: Trace Attempt  1	[0.05 s]
0.0.J: Trace Attempt  1	[0.05 s]
0.0.J: Trace Attempt  1	[0.05 s]
0.0.J: Trace Attempt  1	[0.05 s]
0.0.J: Trace Attempt  1	[0.05 s]
0.0.J: Trace Attempt  1	[0.05 s]
0.0.J: Trace Attempt  1	[0.05 s]
0.0.J: Trace Attempt  1	[0.05 s]
0.0.J: Trace Attempt  1	[0.05 s]
0.0.J: Trace Attempt  1	[0.05 s]
0.0.J: Trace Attempt  1	[0.05 s]
0.0.J: Trace Attempt  1	[0.05 s]
0.0.J: Trace Attempt  1	[0.05 s]
0.0.J: Trace Attempt  1	[0.05 s]
0.0.J: Trace Attempt  1	[0.05 s]
0.0.J: Trace Attempt  1	[0.05 s]
0.0.J: Trace Attempt  1	[0.05 s]
0.0.J: Trace Attempt  1	[0.05 s]
0.0.J: Trace Attempt  1	[0.05 s]
0.0.J: Trace Attempt  1	[0.05 s]
0.0.J: Trace Attempt  1	[0.05 s]
0.0.J: Trace Attempt  1	[0.05 s]
0.0.J: Trace Attempt  1	[0.05 s]
0.0.J: Trace Attempt  1	[0.05 s]
0.0.J: Trace Attempt  1	[0.05 s]
0.0.J: Trace Attempt  1	[0.05 s]
0.0.J: Trace Attempt  1	[0.05 s]
0.0.J: Trace Attempt  1	[0.05 s]
0.0.J: Trace Attempt  1	[0.05 s]
0.0.J: Trace Attempt  1	[0.05 s]
0.0.J: Trace Attempt  1	[0.05 s]
0.0.J: Trace Attempt  1	[0.05 s]
0.0.J: Trace Attempt  1	[0.05 s]
0.0.J: Trace Attempt  1	[0.05 s]
0.0.J: Trace Attempt  1	[0.05 s]
0.0.J: Trace Attempt  1	[0.05 s]
0.0.J: Trace Attempt  1	[0.06 s]
0.0.J: Trace Attempt  1	[0.06 s]
0.0.J: Trace Attempt  1	[0.06 s]
0.0.J: Trace Attempt  1	[0.06 s]
0.0.J: Trace Attempt  1	[0.06 s]
0.0.J: Trace Attempt  1	[0.06 s]
0.0.J: Trace Attempt  1	[0.06 s]
0.0.J: Trace Attempt  1	[0.06 s]
0.0.J: Trace Attempt  1	[0.06 s]
0.0.J: Trace Attempt  1	[0.06 s]
0.0.J: Trace Attempt  1	[0.06 s]
0.0.J: Trace Attempt  1	[0.06 s]
0.0.J: Trace Attempt  1	[0.06 s]
0.0.J: Trace Attempt  1	[0.06 s]
0.0.J: Trace Attempt  1	[0.06 s]
0.0.J: Trace Attempt  1	[0.06 s]
0.0.J: Trace Attempt  1	[0.06 s]
0.0.J: Trace Attempt  1	[0.06 s]
0.0.J: Trace Attempt  1	[0.06 s]
0.0.J: Trace Attempt  1	[0.06 s]
0.0.J: Trace Attempt  1	[0.06 s]
0.0.J: Trace Attempt  1	[0.06 s]
0.0.J: Trace Attempt  1	[0.06 s]
0.0.J: Trace Attempt  1	[0.06 s]
0.0.J: Trace Attempt  1	[0.06 s]
0.0.J: Trace Attempt  1	[0.06 s]
0.0.J: Trace Attempt  1	[0.06 s]
0.0.J: Trace Attempt  1	[0.06 s]
0.0.J: Trace Attempt  1	[0.06 s]
0.0.J: Trace Attempt  1	[0.06 s]
0.0.J: Trace Attempt  1	[0.06 s]
0.0.J: Trace Attempt  1	[0.06 s]
0.0.J: Trace Attempt  1	[0.06 s]
0.0.J: Trace Attempt  1	[0.06 s]
0.0.J: Trace Attempt  1	[0.06 s]
0.0.J: Trace Attempt  1	[0.06 s]
0.0.J: Trace Attempt  1	[0.06 s]
0.0.J: Trace Attempt  1	[0.06 s]
0.0.J: Trace Attempt  1	[0.06 s]
0.0.J: Trace Attempt  1	[0.06 s]
0.0.J: Trace Attempt  1	[0.06 s]
0.0.J: Trace Attempt  1	[0.06 s]
0.0.J: Trace Attempt  1	[0.06 s]
0.0.J: Trace Attempt  1	[0.06 s]
0.0.J: Trace Attempt  1	[0.07 s]
0.0.J: Trace Attempt  1	[0.07 s]
0.0.J: Trace Attempt  1	[0.07 s]
0.0.J: Trace Attempt  1	[0.07 s]
0.0.J: Trace Attempt  1	[0.07 s]
0.0.J: Trace Attempt  1	[0.07 s]
0.0.J: Trace Attempt  1	[0.07 s]
0.0.J: Trace Attempt  1	[0.07 s]
0.0.J: Trace Attempt  1	[0.07 s]
0.0.J: Trace Attempt  1	[0.07 s]
0.0.J: Trace Attempt  1	[0.07 s]
0.0.J: Trace Attempt  1	[0.07 s]
0.0.J: Trace Attempt  1	[0.07 s]
0.0.J: Trace Attempt  1	[0.07 s]
0.0.J: Trace Attempt  1	[0.07 s]
0.0.J: Trace Attempt  1	[0.07 s]
0.0.J: Trace Attempt  1	[0.07 s]
0.0.J: Trace Attempt  1	[0.07 s]
0.0.J: Trace Attempt  1	[0.07 s]
0.0.J: Trace Attempt  1	[0.07 s]
0.0.J: Trace Attempt  1	[0.07 s]
0.0.J: Trace Attempt  1	[0.07 s]
0.0.J: Trace Attempt  1	[0.07 s]
0.0.J: Trace Attempt  1	[0.07 s]
0.0.J: Trace Attempt  1	[0.07 s]
0.0.J: Trace Attempt  1	[0.07 s]
0.0.J: Trace Attempt  1	[0.07 s]
0.0.J: Trace Attempt  1	[0.07 s]
0.0.J: Trace Attempt  1	[0.07 s]
0.0.J: Trace Attempt  1	[0.07 s]
0.0.J: Trace Attempt  1	[0.07 s]
0.0.J: Trace Attempt  1	[0.07 s]
0.0.J: Trace Attempt  1	[0.07 s]
0.0.J: Trace Attempt  1	[0.07 s]
0.0.J: Trace Attempt  1	[0.07 s]
0.0.J: Trace Attempt  1	[0.07 s]
0.0.J: Trace Attempt  1	[0.07 s]
0.0.J: Trace Attempt  1	[0.07 s]
0.0.J: Trace Attempt  1	[0.07 s]
0.0.J: Trace Attempt  1	[0.07 s]
0.0.J: Trace Attempt  1	[0.07 s]
0.0.J: Trace Attempt  1	[0.07 s]
0.0.J: Trace Attempt  1	[0.07 s]
0.0.J: Trace Attempt  1	[0.07 s]
0.0.J: Trace Attempt  1	[0.07 s]
0.0.J: Trace Attempt  1	[0.07 s]
0.0.J: Trace Attempt  1	[0.07 s]
0.0.J: Trace Attempt  1	[0.07 s]
0.0.J: Trace Attempt  1	[0.07 s]
0.0.J: Trace Attempt  1	[0.07 s]
0.0.J: Trace Attempt  1	[0.08 s]
0.0.J: Trace Attempt  1	[0.08 s]
0.0.J: Trace Attempt  1	[0.08 s]
0.0.J: Trace Attempt  1	[0.08 s]
0.0.J: Trace Attempt  1	[0.08 s]
0.0.J: Trace Attempt  1	[0.08 s]
0.0.J: Trace Attempt  1	[0.08 s]
0.0.J: Trace Attempt  1	[0.08 s]
0.0.J: Trace Attempt  1	[0.08 s]
0.0.J: Trace Attempt  1	[0.08 s]
0.0.J: Trace Attempt  1	[0.08 s]
0.0.J: Trace Attempt  1	[0.08 s]
0.0.J: Trace Attempt  1	[0.08 s]
0.0.J: Trace Attempt  1	[0.08 s]
0.0.J: Trace Attempt  1	[0.08 s]
0.0.J: Trace Attempt  1	[0.08 s]
0.0.J: Trace Attempt  1	[0.08 s]
0.0.J: Trace Attempt  1	[0.08 s]
0.0.J: Trace Attempt  1	[0.08 s]
0.0.J: Trace Attempt  1	[0.08 s]
0.0.J: Trace Attempt  1	[0.08 s]
0.0.J: Trace Attempt  1	[0.08 s]
0.0.J: Trace Attempt  1	[0.08 s]
0.0.J: Trace Attempt  1	[0.08 s]
0.0.J: Trace Attempt  1	[0.08 s]
0.0.J: Trace Attempt  1	[0.08 s]
0.0.J: Trace Attempt  1	[0.08 s]
0.0.J: Trace Attempt  1	[0.08 s]
0.0.J: Trace Attempt  1	[0.08 s]
0.0.J: Trace Attempt  1	[0.08 s]
0.0.J: Trace Attempt  1	[0.08 s]
0.0.J: Trace Attempt  1	[0.08 s]
0.0.J: Trace Attempt  1	[0.08 s]
0.0.J: Trace Attempt  1	[0.08 s]
0.0.J: Trace Attempt  1	[0.08 s]
0.0.J: Trace Attempt  1	[0.08 s]
0.0.J: Trace Attempt  1	[0.08 s]
0.0.J: Trace Attempt  1	[0.08 s]
0.0.J: Trace Attempt  1	[0.08 s]
0.0.J: Trace Attempt  1	[0.08 s]
0.0.J: Trace Attempt  1	[0.09 s]
0.0.J: Trace Attempt  1	[0.09 s]
0.0.J: Trace Attempt  1	[0.09 s]
0.0.J: Trace Attempt  1	[0.09 s]
0.0.J: Trace Attempt  1	[0.09 s]
0.0.J: Trace Attempt  1	[0.09 s]
0.0.J: Trace Attempt  1	[0.09 s]
0.0.J: Trace Attempt  1	[0.09 s]
0.0.J: Trace Attempt  1	[0.09 s]
0.0.J: Trace Attempt  1	[0.09 s]
0.0.J: Trace Attempt  1	[0.09 s]
0.0.J: Trace Attempt  1	[0.09 s]
0.0.J: Trace Attempt  1	[0.09 s]
0.0.J: Trace Attempt  1	[0.09 s]
0.0.J: Trace Attempt  1	[0.09 s]
0.0.J: Trace Attempt  1	[0.09 s]
0.0.N: Trace Attempt  1	[0.09 s]
0.0.J: Trace Attempt  1	[0.09 s]
0.0.N: Trace Attempt  2	[0.09 s]
0.0.J: Trace Attempt  1	[0.09 s]
0.0.J: Trace Attempt  1	[0.09 s]
0.0.J: Trace Attempt  1	[0.09 s]
0.0.J: Trace Attempt  1	[0.09 s]
0.0.J: Trace Attempt  1	[0.09 s]
0.0.J: Trace Attempt  1	[0.09 s]
0.0.N: Trace Attempt  3	[0.09 s]
0.0.J: Trace Attempt  1	[0.09 s]
0.0.J: Trace Attempt  1	[0.09 s]
0.0.J: Trace Attempt  1	[0.09 s]
0.0.J: Trace Attempt  1	[0.09 s]
0.0.J: Trace Attempt  1	[0.09 s]
0.0.J: Trace Attempt  1	[0.09 s]
0.0.N: Trace Attempt  5	[0.09 s]
0.0.J: Trace Attempt  1	[0.09 s]
0.0.J: Trace Attempt  1	[0.09 s]
0.0.J: Trace Attempt  1	[0.09 s]
0.0.J: Trace Attempt  1	[0.09 s]
0.0.J: Trace Attempt  1	[0.09 s]
0.0.J: Trace Attempt  1	[0.09 s]
0.0.J: Trace Attempt  1	[0.09 s]
0.0.J: Trace Attempt  1	[0.09 s]
0.0.J: Trace Attempt  1	[0.09 s]
0.0.J: Trace Attempt  1	[0.09 s]
0.0.J: Trace Attempt  1	[0.09 s]
0.0.J: Trace Attempt  1	[0.09 s]
0.0.J: Trace Attempt  1	[0.09 s]
0.0.J: Trace Attempt  1	[0.09 s]
0.0.J: Trace Attempt  1	[0.09 s]
0.0.J: Trace Attempt  1	[0.09 s]
0.0.J: Trace Attempt  1	[0.10 s]
0.0.J: Trace Attempt  1	[0.10 s]
0.0.J: Trace Attempt  1	[0.10 s]
0.0.J: Trace Attempt  1	[0.10 s]
0.0.J: Trace Attempt  1	[0.10 s]
0.0.J: Trace Attempt  1	[0.10 s]
0.0.J: Trace Attempt  1	[0.10 s]
0.0.J: Trace Attempt  1	[0.10 s]
0.0.J: Trace Attempt  1	[0.10 s]
0.0.J: Trace Attempt  1	[0.10 s]
0.0.J: Trace Attempt  1	[0.10 s]
0.0.J: Trace Attempt  1	[0.10 s]
0.0.J: Trace Attempt  1	[0.10 s]
0.0.J: Trace Attempt  1	[0.10 s]
0.0.J: Trace Attempt  1	[0.10 s]
0.0.J: Trace Attempt  1	[0.10 s]
0.0.J: Trace Attempt  1	[0.10 s]
0.0.J: Trace Attempt  1	[0.10 s]
0.0.J: Trace Attempt  1	[0.10 s]
0.0.J: Trace Attempt  1	[0.10 s]
0.0.J: Trace Attempt  1	[0.10 s]
0.0.J: Trace Attempt  1	[0.10 s]
0.0.J: Trace Attempt  1	[0.10 s]
0.0.J: Trace Attempt  1	[0.10 s]
0.0.J: Trace Attempt  1	[0.10 s]
0.0.J: Trace Attempt  1	[0.10 s]
0.0.J: Trace Attempt  1	[0.10 s]
0.0.J: Trace Attempt  1	[0.10 s]
0.0.J: Trace Attempt  1	[0.10 s]
0.0.J: Trace Attempt  1	[0.10 s]
0.0.J: Trace Attempt  1	[0.10 s]
0.0.J: Trace Attempt  1	[0.10 s]
0.0.J: Trace Attempt  1	[0.10 s]
0.0.J: Trace Attempt  1	[0.10 s]
0.0.J: Trace Attempt  1	[0.10 s]
0.0.J: Trace Attempt  1	[0.10 s]
0.0.J: Trace Attempt  1	[0.10 s]
0.0.J: Trace Attempt  1	[0.10 s]
0.0.J: Trace Attempt  1	[0.10 s]
0.0.J: Trace Attempt  1	[0.10 s]
0.0.J: Trace Attempt  1	[0.10 s]
0.0.J: Trace Attempt  1	[0.10 s]
0.0.J: Trace Attempt  1	[0.10 s]
0.0.J: Trace Attempt  1	[0.10 s]
0.0.J: Trace Attempt  1	[0.10 s]
0.0.J: Trace Attempt  1	[0.10 s]
0.0.J: Trace Attempt  1	[0.10 s]
0.0.J: Trace Attempt  1	[0.10 s]
0.0.J: Trace Attempt  1	[0.10 s]
0.0.J: Trace Attempt  1	[0.11 s]
0.0.J: Trace Attempt  1	[0.11 s]
0.0.J: Trace Attempt  1	[0.11 s]
0.0.J: Trace Attempt  1	[0.11 s]
0.0.J: Trace Attempt  1	[0.11 s]
0.0.J: Trace Attempt  1	[0.11 s]
0.0.J: Trace Attempt  1	[0.11 s]
0.0.J: Trace Attempt  1	[0.11 s]
0.0.J: Trace Attempt  1	[0.11 s]
0.0.J: Trace Attempt  1	[0.11 s]
0.0.J: Trace Attempt  1	[0.11 s]
0.0.J: Trace Attempt  1	[0.11 s]
0.0.J: Trace Attempt  1	[0.11 s]
0.0.J: Trace Attempt  1	[0.11 s]
0.0.J: Trace Attempt  1	[0.11 s]
0.0.J: Trace Attempt  1	[0.11 s]
0.0.J: Trace Attempt  1	[0.11 s]
0.0.J: Trace Attempt  1	[0.11 s]
0.0.J: Trace Attempt  1	[0.11 s]
0.0.J: Trace Attempt  1	[0.11 s]
0.0.J: Trace Attempt  1	[0.11 s]
0.0.J: Trace Attempt  1	[0.11 s]
0.0.J: Trace Attempt  1	[0.11 s]
0.0.J: Trace Attempt  1	[0.11 s]
0.0.J: Trace Attempt  1	[0.11 s]
0.0.J: Trace Attempt  1	[0.11 s]
0.0.J: Trace Attempt  1	[0.11 s]
0.0.J: Trace Attempt  1	[0.11 s]
0.0.J: Trace Attempt  1	[0.11 s]
0.0.J: Trace Attempt  1	[0.11 s]
0.0.J: Trace Attempt  1	[0.11 s]
0.0.J: Trace Attempt  1	[0.11 s]
0.0.J: Trace Attempt  1	[0.11 s]
0.0.J: Trace Attempt  1	[0.11 s]
0.0.J: Trace Attempt  1	[0.11 s]
0.0.J: Trace Attempt  1	[0.11 s]
0.0.J: Trace Attempt  1	[0.11 s]
0.0.J: Trace Attempt  1	[0.11 s]
0.0.J: Trace Attempt  1	[0.11 s]
0.0.J: Trace Attempt  1	[0.11 s]
0.0.J: Trace Attempt  1	[0.11 s]
0.0.J: Trace Attempt  1	[0.12 s]
0.0.J: Trace Attempt  1	[0.12 s]
0.0.J: Trace Attempt  1	[0.12 s]
0.0.J: Trace Attempt  1	[0.12 s]
0.0.J: Trace Attempt  1	[0.12 s]
0.0.J: Trace Attempt  1	[0.12 s]
0.0.J: Trace Attempt  1	[0.12 s]
0.0.J: Trace Attempt  1	[0.12 s]
0.0.J: Trace Attempt  1	[0.12 s]
0.0.J: Trace Attempt  1	[0.12 s]
0.0.J: Trace Attempt  1	[0.12 s]
0.0.J: Trace Attempt  1	[0.12 s]
0.0.J: Trace Attempt  1	[0.12 s]
0.0.J: Trace Attempt  1	[0.12 s]
0.0.J: Trace Attempt  1	[0.12 s]
0.0.J: Trace Attempt  1	[0.12 s]
0.0.J: Trace Attempt  1	[0.12 s]
0.0.J: Trace Attempt  1	[0.12 s]
0.0.J: Trace Attempt  1	[0.12 s]
0.0.J: Trace Attempt  1	[0.12 s]
0.0.J: Trace Attempt  1	[0.12 s]
0.0.J: Trace Attempt  1	[0.12 s]
0.0.J: Trace Attempt  1	[0.12 s]
0.0.J: Trace Attempt  1	[0.12 s]
0.0.J: Trace Attempt  1	[0.12 s]
0.0.J: Trace Attempt  1	[0.12 s]
0.0.J: Trace Attempt  1	[0.12 s]
0.0.J: Trace Attempt  1	[0.12 s]
0.0.J: Trace Attempt  1	[0.12 s]
0.0.J: Trace Attempt  1	[0.12 s]
0.0.J: Trace Attempt  1	[0.12 s]
0.0.J: Trace Attempt  1	[0.12 s]
0.0.J: Trace Attempt  1	[0.12 s]
0.0.J: Trace Attempt  1	[0.12 s]
0.0.J: Trace Attempt  1	[0.12 s]
0.0.J: Trace Attempt  1	[0.12 s]
0.0.J: Trace Attempt  1	[0.12 s]
0.0.J: Trace Attempt  1	[0.12 s]
0.0.J: Trace Attempt  1	[0.12 s]
0.0.J: Trace Attempt  1	[0.12 s]
0.0.J: Trace Attempt  1	[0.12 s]
0.0.J: Trace Attempt  1	[0.12 s]
0.0.J: Trace Attempt  1	[0.12 s]
0.0.J: Trace Attempt  1	[0.12 s]
0.0.J: Trace Attempt  1	[0.12 s]
0.0.J: Trace Attempt  1	[0.12 s]
0.0.J: Trace Attempt  1	[0.12 s]
0.0.J: Trace Attempt  1	[0.12 s]
0.0.J: Trace Attempt  1	[0.12 s]
0.0.J: Trace Attempt  1	[0.13 s]
0.0.J: Trace Attempt  1	[0.13 s]
0.0.J: Trace Attempt  1	[0.13 s]
0.0.J: Trace Attempt  1	[0.13 s]
0.0.J: Trace Attempt  1	[0.13 s]
0.0.J: Trace Attempt  1	[0.13 s]
0.0.J: Trace Attempt  1	[0.13 s]
0.0.J: Trace Attempt  1	[0.13 s]
0.0.J: Trace Attempt  1	[0.13 s]
0.0.J: Trace Attempt  1	[0.13 s]
0.0.J: Trace Attempt  1	[0.13 s]
0.0.J: Trace Attempt  1	[0.13 s]
0.0.J: Trace Attempt  1	[0.13 s]
0.0.J: Trace Attempt  1	[0.13 s]
0.0.J: Trace Attempt  1	[0.13 s]
0.0.J: Trace Attempt  1	[0.13 s]
0.0.J: Trace Attempt  1	[0.13 s]
0.0.J: Trace Attempt  1	[0.13 s]
0.0.J: Trace Attempt  1	[0.13 s]
0.0.J: Trace Attempt  1	[0.13 s]
0.0.J: Trace Attempt  1	[0.13 s]
0.0.J: Trace Attempt  1	[0.13 s]
0.0.J: Trace Attempt  1	[0.13 s]
0.0.J: Trace Attempt  1	[0.13 s]
0.0.J: Trace Attempt  1	[0.13 s]
0.0.J: Trace Attempt  1	[0.13 s]
0.0.J: Trace Attempt  1	[0.13 s]
0.0.J: Trace Attempt  1	[0.13 s]
0.0.J: Trace Attempt  1	[0.13 s]
0.0.J: Trace Attempt  1	[0.13 s]
0.0.J: Trace Attempt  1	[0.13 s]
0.0.J: Trace Attempt  1	[0.13 s]
0.0.J: Trace Attempt  1	[0.13 s]
0.0.J: Trace Attempt  1	[0.13 s]
0.0.J: Trace Attempt  1	[0.13 s]
0.0.J: Trace Attempt  1	[0.13 s]
0.0.J: Trace Attempt  1	[0.13 s]
0.0.J: Trace Attempt  1	[0.13 s]
0.0.J: Trace Attempt  1	[0.13 s]
0.0.J: Trace Attempt  1	[0.13 s]
0.0.J: Trace Attempt  1	[0.14 s]
0.0.J: Trace Attempt  1	[0.14 s]
0.0.J: Trace Attempt  1	[0.14 s]
0.0.J: Trace Attempt  1	[0.14 s]
0.0.J: Trace Attempt  1	[0.14 s]
0.0.J: Trace Attempt  1	[0.14 s]
0.0.J: Trace Attempt  1	[0.14 s]
0.0.J: Trace Attempt  1	[0.14 s]
0.0.J: Trace Attempt  1	[0.14 s]
0.0.J: Trace Attempt  1	[0.14 s]
0.0.J: Trace Attempt  1	[0.14 s]
0.0.J: Trace Attempt  1	[0.14 s]
0.0.J: Trace Attempt  1	[0.14 s]
0.0.J: Trace Attempt  1	[0.14 s]
0.0.J: Trace Attempt  1	[0.14 s]
0.0.J: Trace Attempt  1	[0.14 s]
0.0.J: Trace Attempt  1	[0.14 s]
0.0.J: Trace Attempt  1	[0.14 s]
0.0.J: Trace Attempt  1	[0.14 s]
0.0.J: Trace Attempt  1	[0.14 s]
0.0.J: Trace Attempt  1	[0.14 s]
0.0.J: Trace Attempt  1	[0.14 s]
0.0.J: Trace Attempt  1	[0.14 s]
0.0.J: Trace Attempt  1	[0.14 s]
0.0.J: Trace Attempt  1	[0.14 s]
0.0.J: Trace Attempt  1	[0.14 s]
0.0.J: Trace Attempt  1	[0.14 s]
0.0.J: Trace Attempt  1	[0.14 s]
0.0.J: Trace Attempt  1	[0.14 s]
0.0.J: Trace Attempt  1	[0.14 s]
0.0.J: Trace Attempt  1	[0.14 s]
0.0.J: Trace Attempt  1	[0.14 s]
0.0.J: Trace Attempt  1	[0.14 s]
0.0.J: Trace Attempt  1	[0.14 s]
0.0.J: Trace Attempt  1	[0.14 s]
0.0.J: Trace Attempt  1	[0.14 s]
0.0.J: Trace Attempt  1	[0.14 s]
0.0.J: Trace Attempt  1	[0.14 s]
0.0.J: Trace Attempt  1	[0.14 s]
0.0.J: Trace Attempt  1	[0.14 s]
0.0.J: Trace Attempt  1	[0.14 s]
0.0.J: Trace Attempt  1	[0.14 s]
0.0.J: Trace Attempt  1	[0.14 s]
0.0.J: Trace Attempt  1	[0.14 s]
0.0.J: Trace Attempt  1	[0.14 s]
0.0.J: Trace Attempt  1	[0.14 s]
0.0.J: Trace Attempt  1	[0.14 s]
0.0.J: Trace Attempt  1	[0.14 s]
0.0.J: Trace Attempt  1	[0.14 s]
0.0.J: Trace Attempt  1	[0.14 s]
0.0.J: Trace Attempt  1	[0.15 s]
0.0.J: Trace Attempt  1	[0.15 s]
0.0.J: Trace Attempt  1	[0.15 s]
0.0.J: Trace Attempt  1	[0.15 s]
0.0.J: Trace Attempt  1	[0.15 s]
0.0.J: Trace Attempt  1	[0.15 s]
0.0.J: Trace Attempt  1	[0.15 s]
0.0.J: Trace Attempt  1	[0.15 s]
0.0.J: Trace Attempt  1	[0.15 s]
0.0.J: Trace Attempt  1	[0.15 s]
0.0.J: Trace Attempt  1	[0.15 s]
0.0.J: Trace Attempt  1	[0.15 s]
0.0.J: Trace Attempt  1	[0.15 s]
0.0.J: Trace Attempt  1	[0.15 s]
0.0.J: Trace Attempt  1	[0.15 s]
0.0.J: Trace Attempt  1	[0.15 s]
0.0.J: Trace Attempt  1	[0.15 s]
0.0.J: Trace Attempt  1	[0.15 s]
0.0.J: Trace Attempt  1	[0.15 s]
0.0.J: Trace Attempt  1	[0.15 s]
0.0.J: Trace Attempt  1	[0.15 s]
0.0.J: Trace Attempt  1	[0.15 s]
0.0.J: Trace Attempt  1	[0.15 s]
0.0.J: Trace Attempt  1	[0.15 s]
0.0.J: Trace Attempt  1	[0.15 s]
0.0.J: Trace Attempt  1	[0.15 s]
0.0.J: Trace Attempt  1	[0.15 s]
0.0.J: Trace Attempt  1	[0.15 s]
0.0.J: Trace Attempt  1	[0.15 s]
0.0.J: Trace Attempt  1	[0.15 s]
0.0.J: Trace Attempt  1	[0.15 s]
0.0.J: Trace Attempt  1	[0.15 s]
0.0.J: Trace Attempt  1	[0.15 s]
0.0.J: Trace Attempt  1	[0.15 s]
0.0.J: Trace Attempt  1	[0.15 s]
0.0.J: Trace Attempt  1	[0.15 s]
0.0.J: Trace Attempt  1	[0.15 s]
0.0.J: Trace Attempt  1	[0.15 s]
0.0.J: Trace Attempt  1	[0.15 s]
0.0.J: Trace Attempt  1	[0.15 s]
0.0.J: Trace Attempt  1	[0.15 s]
0.0.J: Trace Attempt  1	[0.15 s]
0.0.J: Trace Attempt  1	[0.15 s]
0.0.J: Trace Attempt  1	[0.15 s]
0.0.J: Trace Attempt  1	[0.15 s]
0.0.J: Trace Attempt  1	[0.16 s]
0.0.J: Trace Attempt  1	[0.16 s]
0.0.J: Trace Attempt  1	[0.16 s]
0.0.J: Trace Attempt  1	[0.16 s]
0.0.J: Trace Attempt  1	[0.16 s]
0.0.J: Trace Attempt  1	[0.16 s]
0.0.J: Trace Attempt  1	[0.16 s]
0.0.J: Trace Attempt  1	[0.16 s]
0.0.J: Trace Attempt  1	[0.16 s]
0.0.J: Trace Attempt  1	[0.16 s]
0.0.J: Trace Attempt  1	[0.16 s]
0.0.J: Trace Attempt  1	[0.16 s]
0.0.J: Trace Attempt  1	[0.16 s]
0.0.J: Trace Attempt  1	[0.16 s]
0.0.J: Trace Attempt  1	[0.16 s]
0.0.J: Trace Attempt  1	[0.16 s]
0.0.J: Trace Attempt  1	[0.16 s]
0.0.J: Trace Attempt  1	[0.16 s]
0.0.J: Trace Attempt  1	[0.16 s]
0.0.J: Trace Attempt  1	[0.16 s]
0.0.J: Trace Attempt  1	[0.16 s]
0.0.J: Trace Attempt  1	[0.16 s]
0.0.J: Trace Attempt  1	[0.16 s]
0.0.J: Trace Attempt  1	[0.16 s]
0.0.J: Trace Attempt  1	[0.16 s]
0.0.J: Trace Attempt  1	[0.16 s]
0.0.J: Trace Attempt  1	[0.16 s]
0.0.J: Trace Attempt  1	[0.16 s]
0.0.J: Trace Attempt  1	[0.16 s]
0.0.J: Trace Attempt  1	[0.16 s]
0.0.J: Trace Attempt  1	[0.16 s]
0.0.J: Trace Attempt  1	[0.16 s]
0.0.J: Trace Attempt  1	[0.16 s]
0.0.J: Trace Attempt  1	[0.16 s]
0.0.J: Trace Attempt  1	[0.16 s]
0.0.J: Trace Attempt  1	[0.16 s]
0.0.J: Trace Attempt  1	[0.16 s]
0.0.J: Trace Attempt  1	[0.16 s]
0.0.J: Trace Attempt  1	[0.16 s]
0.0.J: Trace Attempt  1	[0.16 s]
0.0.J: Trace Attempt  1	[0.17 s]
0.0.J: Trace Attempt  1	[0.17 s]
0.0.J: Trace Attempt  1	[0.17 s]
0.0.J: Trace Attempt  1	[0.17 s]
0.0.J: Trace Attempt  1	[0.17 s]
0.0.J: Trace Attempt  1	[0.17 s]
0.0.J: Trace Attempt  1	[0.17 s]
0.0.J: Trace Attempt  1	[0.17 s]
0.0.J: Trace Attempt  1	[0.17 s]
0.0.J: Trace Attempt  1	[0.17 s]
0.0.J: Trace Attempt  1	[0.17 s]
0.0.J: Trace Attempt  1	[0.17 s]
0.0.J: Trace Attempt  1	[0.17 s]
0.0.J: Trace Attempt  1	[0.17 s]
0.0.J: Trace Attempt  1	[0.17 s]
0.0.J: Trace Attempt  1	[0.17 s]
0.0.J: Trace Attempt  1	[0.17 s]
0.0.J: Trace Attempt  1	[0.17 s]
0.0.J: Trace Attempt  1	[0.17 s]
0.0.J: Trace Attempt  1	[0.17 s]
0.0.J: Trace Attempt  1	[0.17 s]
0.0.J: Trace Attempt  1	[0.17 s]
0.0.J: Trace Attempt  1	[0.17 s]
0.0.J: Trace Attempt  1	[0.17 s]
0.0.J: Trace Attempt  1	[0.17 s]
0.0.J: Trace Attempt  1	[0.17 s]
0.0.J: Trace Attempt  1	[0.17 s]
0.0.J: Trace Attempt  1	[0.17 s]
0.0.J: Trace Attempt  1	[0.17 s]
0.0.J: Trace Attempt  1	[0.17 s]
0.0.J: Trace Attempt  1	[0.17 s]
0.0.J: Trace Attempt  1	[0.17 s]
0.0.J: Trace Attempt  1	[0.17 s]
0.0.J: Trace Attempt  1	[0.17 s]
0.0.J: Trace Attempt  1	[0.17 s]
0.0.J: Trace Attempt  1	[0.17 s]
0.0.J: Trace Attempt  1	[0.17 s]
0.0.J: Trace Attempt  1	[0.17 s]
0.0.J: Trace Attempt  1	[0.17 s]
0.0.J: Trace Attempt  1	[0.17 s]
0.0.J: Trace Attempt  1	[0.17 s]
0.0.J: Trace Attempt  1	[0.17 s]
0.0.J: Trace Attempt  1	[0.17 s]
0.0.J: Trace Attempt  1	[0.17 s]
0.0.J: Trace Attempt  1	[0.17 s]
0.0.J: Trace Attempt  1	[0.17 s]
0.0.J: Trace Attempt  1	[0.17 s]
0.0.J: Trace Attempt  1	[0.17 s]
0.0.J: Trace Attempt  1	[0.17 s]
0.0.J: Trace Attempt  1	[0.18 s]
0.0.J: Trace Attempt  1	[0.18 s]
0.0.J: Trace Attempt  1	[0.18 s]
0.0.J: Trace Attempt  1	[0.18 s]
0.0.J: Trace Attempt  1	[0.18 s]
0.0.J: Trace Attempt  1	[0.18 s]
0.0.J: Trace Attempt  1	[0.18 s]
0.0.J: Trace Attempt  1	[0.18 s]
0.0.J: Trace Attempt  1	[0.18 s]
0.0.J: Trace Attempt  1	[0.18 s]
0.0.J: Trace Attempt  1	[0.18 s]
0.0.J: Trace Attempt  1	[0.18 s]
0.0.J: Trace Attempt  1	[0.18 s]
0.0.J: Trace Attempt  1	[0.18 s]
0.0.J: Trace Attempt  1	[0.18 s]
0.0.J: Trace Attempt  1	[0.18 s]
0.0.J: Trace Attempt  1	[0.18 s]
0.0.J: Trace Attempt  1	[0.18 s]
0.0.J: Trace Attempt  1	[0.18 s]
0.0.J: Trace Attempt  1	[0.18 s]
0.0.J: Trace Attempt  1	[0.18 s]
0.0.J: Trace Attempt  1	[0.18 s]
0.0.J: Trace Attempt  1	[0.18 s]
0.0.J: Trace Attempt  1	[0.18 s]
0.0.J: Trace Attempt  1	[0.18 s]
0.0.J: Trace Attempt  1	[0.18 s]
0.0.J: Trace Attempt  1	[0.18 s]
0.0.J: Trace Attempt  1	[0.18 s]
0.0.J: Trace Attempt  1	[0.18 s]
0.0.J: Trace Attempt  1	[0.18 s]
0.0.J: Trace Attempt  1	[0.18 s]
0.0.J: Trace Attempt  1	[0.18 s]
0.0.J: Trace Attempt  1	[0.18 s]
0.0.J: Trace Attempt  1	[0.18 s]
0.0.J: Trace Attempt  1	[0.18 s]
0.0.J: Trace Attempt  1	[0.18 s]
0.0.J: Trace Attempt  1	[0.18 s]
0.0.J: Trace Attempt  1	[0.18 s]
0.0.J: Trace Attempt  1	[0.18 s]
0.0.J: Trace Attempt  1	[0.18 s]
0.0.J: Trace Attempt  1	[0.18 s]
0.0.J: Trace Attempt  1	[0.18 s]
0.0.J: Trace Attempt  1	[0.18 s]
0.0.J: Trace Attempt  1	[0.18 s]
0.0.J: Trace Attempt  1	[0.18 s]
0.0.J: Trace Attempt  1	[0.19 s]
0.0.J: Trace Attempt  1	[0.19 s]
0.0.J: Trace Attempt  1	[0.19 s]
0.0.J: Trace Attempt  1	[0.19 s]
0.0.J: Trace Attempt  1	[0.19 s]
0.0.J: Trace Attempt  1	[0.19 s]
0.0.J: Trace Attempt  1	[0.19 s]
0.0.J: Trace Attempt  1	[0.19 s]
0.0.J: Trace Attempt  1	[0.19 s]
0.0.J: Trace Attempt  1	[0.19 s]
0.0.J: Trace Attempt  1	[0.19 s]
0.0.J: Trace Attempt  1	[0.19 s]
0.0.J: Trace Attempt  1	[0.19 s]
0.0.J: Trace Attempt  1	[0.19 s]
0.0.J: Trace Attempt  1	[0.19 s]
0.0.J: Trace Attempt  1	[0.19 s]
0.0.J: Trace Attempt  1	[0.19 s]
0.0.J: Trace Attempt  1	[0.19 s]
0.0.J: Trace Attempt  1	[0.19 s]
0.0.J: Trace Attempt  1	[0.19 s]
0.0.J: Trace Attempt  1	[0.19 s]
0.0.J: Trace Attempt  1	[0.19 s]
0.0.J: Trace Attempt  1	[0.19 s]
0.0.J: Trace Attempt  1	[0.19 s]
0.0.J: Trace Attempt  1	[0.19 s]
0.0.J: Trace Attempt  1	[0.19 s]
0.0.J: Trace Attempt  1	[0.19 s]
0.0.J: Trace Attempt  1	[0.19 s]
0.0.J: Trace Attempt  1	[0.19 s]
0.0.J: Trace Attempt  1	[0.19 s]
0.0.J: Trace Attempt  1	[0.19 s]
0.0.J: Trace Attempt  1	[0.19 s]
0.0.J: Trace Attempt  1	[0.19 s]
0.0.J: Trace Attempt  1	[0.19 s]
0.0.J: Trace Attempt  1	[0.19 s]
0.0.J: Trace Attempt  1	[0.19 s]
0.0.J: Trace Attempt  1	[0.19 s]
0.0.J: Trace Attempt  1	[0.19 s]
0.0.J: Trace Attempt  1	[0.19 s]
0.0.J: Trace Attempt  1	[0.19 s]
0.0.J: Trace Attempt  1	[0.19 s]
0.0.J: Trace Attempt  1	[0.20 s]
0.0.J: Trace Attempt  1	[0.20 s]
0.0.J: Trace Attempt  1	[0.20 s]
0.0.J: Trace Attempt  1	[0.20 s]
0.0.J: Trace Attempt  1	[0.20 s]
0.0.J: Trace Attempt  1	[0.20 s]
0.0.J: Trace Attempt  1	[0.20 s]
0.0.J: Trace Attempt  1	[0.20 s]
0.0.J: Trace Attempt  1	[0.20 s]
0.0.J: Trace Attempt  1	[0.20 s]
0.0.J: Trace Attempt  1	[0.20 s]
0.0.J: Trace Attempt  1	[0.20 s]
0.0.J: Trace Attempt  1	[0.20 s]
0.0.J: Trace Attempt  1	[0.20 s]
0.0.J: Trace Attempt  1	[0.20 s]
0.0.J: Trace Attempt  1	[0.20 s]
0.0.J: Trace Attempt  1	[0.20 s]
0.0.J: Trace Attempt  1	[0.20 s]
0.0.J: Trace Attempt  1	[0.20 s]
0.0.J: Trace Attempt  1	[0.20 s]
0.0.J: Trace Attempt  1	[0.20 s]
0.0.J: Trace Attempt  1	[0.20 s]
0.0.J: Trace Attempt  1	[0.20 s]
0.0.J: Trace Attempt  1	[0.20 s]
0.0.J: Trace Attempt  1	[0.20 s]
0.0.J: Trace Attempt  1	[0.20 s]
0.0.J: Trace Attempt  1	[0.20 s]
0.0.J: Trace Attempt  1	[0.20 s]
0.0.J: Trace Attempt  1	[0.20 s]
0.0.J: Trace Attempt  1	[0.20 s]
0.0.J: Trace Attempt  1	[0.20 s]
0.0.J: Trace Attempt  1	[0.20 s]
0.0.J: Trace Attempt  1	[0.20 s]
0.0.J: Trace Attempt  1	[0.20 s]
0.0.J: Trace Attempt  1	[0.20 s]
0.0.J: Trace Attempt  1	[0.20 s]
0.0.J: Trace Attempt  1	[0.20 s]
0.0.J: Trace Attempt  1	[0.20 s]
0.0.J: Trace Attempt  1	[0.20 s]
0.0.J: Trace Attempt  1	[0.20 s]
0.0.J: Trace Attempt  1	[0.20 s]
0.0.J: Trace Attempt  1	[0.20 s]
0.0.J: Trace Attempt  1	[0.20 s]
0.0.J: Trace Attempt  1	[0.20 s]
0.0.J: Trace Attempt  1	[0.20 s]
0.0.J: Trace Attempt  1	[0.20 s]
0.0.J: Trace Attempt  1	[0.20 s]
0.0.J: Trace Attempt  1	[0.20 s]
0.0.J: Trace Attempt  1	[0.20 s]
0.0.J: Trace Attempt  1	[0.21 s]
0.0.J: Trace Attempt  1	[0.21 s]
0.0.J: Trace Attempt  1	[0.21 s]
0.0.J: Trace Attempt  1	[0.21 s]
0.0.J: Trace Attempt  1	[0.21 s]
0.0.J: Trace Attempt  1	[0.21 s]
0.0.J: Trace Attempt  1	[0.21 s]
0.0.J: Trace Attempt  1	[0.21 s]
0.0.J: Trace Attempt  1	[0.21 s]
0.0.J: Trace Attempt  1	[0.21 s]
0.0.J: Trace Attempt  1	[0.21 s]
0.0.J: Trace Attempt  1	[0.21 s]
0.0.J: Trace Attempt  1	[0.21 s]
0.0.J: Trace Attempt  1	[0.21 s]
0.0.J: Trace Attempt  1	[0.21 s]
0.0.J: Trace Attempt  1	[0.21 s]
0.0.J: Trace Attempt  1	[0.21 s]
0.0.J: Trace Attempt  1	[0.21 s]
0.0.J: Trace Attempt  1	[0.21 s]
0.0.J: Trace Attempt  1	[0.21 s]
0.0.J: Trace Attempt  1	[0.21 s]
0.0.J: Trace Attempt  1	[0.21 s]
0.0.J: Trace Attempt  1	[0.21 s]
0.0.J: Trace Attempt  1	[0.21 s]
0.0.J: Trace Attempt  1	[0.21 s]
0.0.J: Trace Attempt  1	[0.21 s]
0.0.J: Trace Attempt  1	[0.21 s]
0.0.J: Trace Attempt  1	[0.21 s]
0.0.J: Trace Attempt  1	[0.21 s]
0.0.J: Trace Attempt  1	[0.21 s]
0.0.J: Trace Attempt  1	[0.21 s]
0.0.J: Trace Attempt  1	[0.21 s]
0.0.J: Trace Attempt  1	[0.21 s]
0.0.J: Trace Attempt  1	[0.21 s]
0.0.J: Trace Attempt  1	[0.21 s]
0.0.J: Trace Attempt  1	[0.21 s]
0.0.J: Trace Attempt  1	[0.21 s]
0.0.J: Trace Attempt  1	[0.21 s]
0.0.J: Trace Attempt  1	[0.21 s]
0.0.J: Trace Attempt  1	[0.21 s]
0.0.J: Trace Attempt  1	[0.21 s]
0.0.J: Trace Attempt  1	[0.21 s]
0.0.J: Trace Attempt  1	[0.21 s]
0.0.J: Trace Attempt  1	[0.21 s]
0.0.J: Trace Attempt  1	[0.21 s]
0.0.J: Trace Attempt  1	[0.22 s]
0.0.J: Trace Attempt  1	[0.22 s]
0.0.J: Trace Attempt  1	[0.22 s]
0.0.J: Trace Attempt  1	[0.22 s]
0.0.J: Trace Attempt  1	[0.22 s]
0.0.J: Trace Attempt  1	[0.22 s]
0.0.J: Trace Attempt  1	[0.22 s]
0.0.J: Trace Attempt  1	[0.22 s]
0.0.J: Trace Attempt  1	[0.22 s]
0.0.J: Trace Attempt  1	[0.22 s]
0.0.J: Trace Attempt  1	[0.22 s]
0.0.J: Trace Attempt  1	[0.22 s]
0.0.J: Trace Attempt  1	[0.22 s]
0.0.J: Trace Attempt  1	[0.22 s]
0.0.J: Trace Attempt  1	[0.22 s]
0.0.J: Trace Attempt  1	[0.22 s]
0.0.J: Trace Attempt  1	[0.22 s]
0.0.J: Trace Attempt  1	[0.22 s]
0.0.J: Trace Attempt  1	[0.22 s]
0.0.J: Trace Attempt  1	[0.22 s]
0.0.J: Trace Attempt  1	[0.22 s]
0.0.J: Trace Attempt  1	[0.22 s]
0.0.J: Trace Attempt  1	[0.22 s]
0.0.J: Trace Attempt  1	[0.22 s]
0.0.J: Trace Attempt  1	[0.22 s]
0.0.J: Trace Attempt 200	[0.22 s]
0.0.J: Reached length limit (200) [0.22 s]
0.0.J: Exited with Success (@ 0.22 s)
0.0.J: Completed, Restart ignored.
INFO (IPF127): Verbosity level: 6
INFO (IPF127): Using Proof Grid in local mode, with 1 licenses
INFO (IPF127): Trace generation: Suppressing
INFO (IPF127): Engine C/G memory limit: 2048MB
INFO (IPF127): Using rule superlint_chunking_rule.
INFO (IPF127): Using action: prove_action.
INFO (IPF036): Starting proof on task: "<SL_AUTO_FORMAL_FSM_CTL_DEADLOCK>", 16 properties to prove with 0 already proven/unreachable
INFO (IPF031): Settings used for proof thread 1:
    orchestration                 = off
    time_limit                    = 599s
    per_property_time_limit       = 10s * 10 ^ scan
    engine_mode                   = Tri 
    proofgrid_per_engine_max_jobs = 1
    proofgrid_max_jobs            = 35
    max engine jobs               = Tri, total 1 (max 35)
    proofgrid_mode                = local
    proofgrid_restarts            = 10
    trace_generation              = off
WARNING (WTR001): Trace generation is disabled. This proof will not generate nor store any trace data.
    For message help, type "help -message WTR001".
1: Using multistage preprocessing
1: Starting reduce
1: Finished reduce in 0.001s
1.0.PRE: Performing Proof Simplification...
1.0.Tri: clocks: 1, declared: 1, disabling: 0, posedge: 1, negedge: 0, noedge: 0, bothedge: 0
1.0.Tri: Proof Simplification Iteration 1	[0.00 s]
1.0.Tri: Proof Simplification Iteration 2	[0.00 s]
1.0.Tri: Proof Simplification Iteration 3	[0.00 s]
1.0.PRE: A proof was found: No trace exists. [0.00 s]
INFO (IPF057): 1.0.PRE: The property ":noDeadEnd" was proven in 0.00 s.
use check_assumptions -show to show this property in the property table
1.0.PRE: A proof was found: No trace exists. [0.00 s]
INFO (IPF057): 1.0.PRE: The property ":noConflict" was proven in 0.00 s.
use check_assumptions -show to show this property in the property table
1.0.PRE: Proof Simplification completed in 0.01 s
1: About to start centralized ProofGrid in its own thread with a limit of 10000 pending notifications and a limit of 10 traces.
1: =============================== ProofGrid start ===============================
1: ProofGrid usable level: 16
1: ProofGrid is starting event handling
1.0.Tri: Proofgrid shell started at 17507@ideal125(local) jg_17221_ideal125_2
1.0.Tri: clocks: 1, declared: 1, disabling: 0, posedge: 1, negedge: 0, noedge: 0, bothedge: 0
1.0.Tri: Next scan (0) will use per property time limit: 10s * 10 ^ 0 = 10s
1.0.Tri: Starting proof for property "fsm_state_deadlock_EVEN1_prop_19"	[0.00 s].
1.0.Tri: Trace Attempt  1	[0.00 s]
INFO (IPF127): Verbosity level: 6
INFO (IPF127): Using Proof Grid in local mode, with 1 licenses
INFO (IPF127): Trace generation: Suppressing
INFO (IPF127): Engine C/G memory limit: 2048MB
INFO (IPF127): Using rule superlint_chunking_rule.
INFO (IPF127): Using action: prove_action.
INFO (IPF036): Starting proof on task: "<SL_AUTO_FORMAL_FSM_CTL_LIVELOCK>", 2 properties to prove with 0 already proven/unreachable
background (thread 2)
INFO (IPF031): Settings used for proof thread 2:
    orchestration                 = off
    time_limit                    = 599s
    per_property_time_limit       = 10s * 10 ^ scan
    engine_mode                   = Tri 
    proofgrid_per_engine_max_jobs = 1
    proofgrid_max_jobs            = 35
    max engine jobs               = Tri, total 1 (max 35)
    proofgrid_mode                = local
    proofgrid_restarts            = 10
    trace_generation              = off
WARNING (WTR001): Trace generation is disabled. This proof will not generate nor store any trace data.
    For message help, type "help -message WTR001".
2: Using multistage preprocessing
2: Starting reduce
2: Finished reduce in 0s
2.0.PRE: Performing Proof Simplification...
2.0.Tri: clocks: 1, declared: 1, disabling: 0, posedge: 1, negedge: 0, noedge: 0, bothedge: 0
2.0.Tri: Proof Simplification Iteration 1	[0.00 s]
2.0.Tri: Proof Simplification Iteration 2	[0.00 s]
2.0.Tri: Proof Simplification Iteration 3	[0.00 s]
2.0.PRE: A proof was found: No trace exists. [0.00 s]
INFO (IPF057): 2.0.PRE: The property ":noDeadEnd" was proven in 0.00 s.
use check_assumptions -show to show this property in the property table
2.0.PRE: A proof was found: No trace exists. [0.00 s]
INFO (IPF057): 2.0.PRE: The property ":noConflict" was proven in 0.00 s.
use check_assumptions -show to show this property in the property table
2.0.PRE: Proof Simplification completed in 0.01 s
2: About to start centralized ProofGrid in its own thread with a limit of 10000 pending notifications and a limit of 10 traces.
2: =============================== ProofGrid start ===============================
2: ProofGrid usable level: 2
1.0.Tri:    0.00" Running 'thunk' script "bdd_reach -bdd_opts=-#omega,-#escapeb3= @@"
2: ProofGrid is starting event handling
2.0.Tri: Proofgrid shell started at 17534@ideal125(local) jg_17221_ideal125_3
2.0.Tri: clocks: 1, declared: 1, disabling: 0, posedge: 1, negedge: 0, noedge: 0, bothedge: 0
2.0.Tri: Next scan (0) will use per property time limit: 10s * 10 ^ 0 = 10s
2.0.Tri: Starting proof for property "fsm_state_livelock_NULL_prop_11"	[0.00 s].
2.0.Tri: Trace Attempt  1	[0.00 s]
2.0.Tri:    0.00" Running 'thunk' script "bdd_reach -bdd_opts=-#omega,-#escapeb3= @@"
0: ProofGrid usable level: 12
INFO (IPF055): 2.0.Tri: A counterexample (cex) with 8 cycles was found for the property "fsm_state_livelock_NULL_prop_11" in 1.38 s.
2.0.Tri:    1.29" ---- ALL ENGINES STOPPED! ----
2.0.Tri: Stopped processing property "fsm_state_livelock_NULL_prop_11"	[1.39 s].
2.0.Tri: Last scan. Per property time limit: 0s
2.0.Tri: Starting proof for property "fsm_state_livelock_STATE_READ_prop_28"	[0.00 s].
2.0.Tri: Trace Attempt  1	[0.00 s]
2.0.Tri:    1.30" Running 'thunk' script "bdd_reach -bdd_opts=-#omega,-#escapeb3= @@"
1.0.Tri: A proof was found: No trace exists. [2.00 s]
INFO (IPF057): 1.0.Tri: The property "fsm_state_deadlock_EVEN1_prop_19" was proven in 2.00 s.
1.0.Tri:    1.75" ---- ALL ENGINES STOPPED! ----
1.0.Tri: Stopped processing property "fsm_state_deadlock_EVEN1_prop_19"	[2.00 s].
1.0.Tri: Starting proof for property "fsm_state_deadlock_EVEN2_prop_17"	[0.00 s].
1.0.Tri: Trace Attempt  1	[0.00 s]
1.0.Tri:    1.75" Running 'thunk' script "bdd_reach -bdd_opts=-#omega,-#escapeb3= @@"
2.0.Tri: Requesting engine job to stop
INFO (IPF144): 2: Initiating shutdown of proof [1.75]
INFO (IPF055): 2.0.Tri: A counterexample (cex) with 6 cycles was found for the property "fsm_state_livelock_STATE_READ_prop_28" in 0.36 s.
2.0.Tri:    1.65" ---- ALL ENGINES STOPPED! ----
2.0.Tri: Stopped processing property "fsm_state_livelock_STATE_READ_prop_28"	[0.36 s].
2.0.Tri: Trace Attempt  6	[0.36 s]
2.0.Tri: All properties determined. [0.00 s]
2.0.Tri: Exited with Success (@ 1.75 s)
2: ProofGrid usable level: 0
2: --------------------------------------------------------------
ProofGrid Summary
--------------------------------------------------------------
     engines started                         :   1
     engine jobs started                     :   1

    Average time in state (seconds)
    ------------------------------------------------------
    Engine  Pending     Running        Dead    Utilization
    ------------------------------------------------------
    Tri        0.02        1.75        0.00       98.73 %
    all        0.02        1.75        0.00       98.73 %

    Data read    : 579.00 B
    Data written : 534.00 B

2: ProofGrid usable level: 0
2: All pending notifications were processed.
INFO (IPF127): Done using action: prove_action.
INFO (IPF127): Final state reached.

==============================================================
SUMMARY
==============================================================
           Properties Considered              : 2
                 assertions                   : 2
                  - proven                    : 0 (0%)
                  - bounded_proven (user)     : 0 (0%)
                  - bounded_proven (auto)     : 0 (0%)
                  - marked_proven             : 0 (0%)
                  - cex                       : 2 (100%)
                  - ar_cex                    : 0 (0%)
                  - undetermined              : 0 (0%)
                  - unknown                   : 0 (0%)
                  - error                     : 0 (0%)
                 covers                       : 0
                  - unreachable               : 0
                  - bounded_unreachable (user): 0
                  - covered                   : 0
                  - ar_covered                : 0
                  - undetermined              : 0
                  - unknown                   : 0
                  - error                     : 0
1.0.Tri: A proof was found: No trace exists. [1.44 s]
INFO (IPF057): 1.0.Tri: The property "fsm_state_deadlock_EVEN2_prop_17" was proven in 1.44 s.
1: ProofGrid usable level: 14
1.0.Tri:    3.19" ---- ALL ENGINES STOPPED! ----
1.0.Tri: Stopped processing property "fsm_state_deadlock_EVEN2_prop_17"	[1.44 s].
1.0.Tri: Starting proof for property "fsm_state_deadlock_EVEN3_prop_15"	[0.00 s].
1.0.Tri: Trace Attempt  1	[0.00 s]
1.0.Tri:    3.19" Running 'thunk' script "bdd_reach -bdd_opts=-#omega,-#escapeb3= @@"
0.0.L: Trace Attempt 1108	[4.00 s]
0.0.I: Trace Attempt 36	[4.09 s]
0.0.Ht: Trace Attempt 85	[4.17 s]
1.0.Tri: A proof was found: No trace exists. [1.29 s]
INFO (IPF057): 1.0.Tri: The property "fsm_state_deadlock_EVEN3_prop_15" was proven in 1.29 s.
1: ProofGrid usable level: 13
1.0.Tri:    4.48" ---- ALL ENGINES STOPPED! ----
1.0.Tri: Stopped processing property "fsm_state_deadlock_EVEN3_prop_15"	[1.29 s].
1.0.Tri: Starting proof for property "fsm_state_deadlock_EVEN4_prop_13"	[0.00 s].
1.0.Tri: Trace Attempt  1	[0.00 s]
1.0.Tri:    4.48" Running 'thunk' script "bdd_reach -bdd_opts=-#omega,-#escapeb3= @@"
1.0.Tri: A proof was found: No trace exists. [1.84 s]
INFO (IPF057): 1.0.Tri: The property "fsm_state_deadlock_EVEN4_prop_13" was proven in 1.84 s.
1.0.Tri:    6.32" ---- ALL ENGINES STOPPED! ----
1.0.Tri: Stopped processing property "fsm_state_deadlock_EVEN4_prop_13"	[1.84 s].
1.0.Tri: Starting proof for property "fsm_state_deadlock_FIN_prop_21"	[0.00 s].
1.0.Tri: Trace Attempt  1	[0.00 s]
1.0.Tri:    6.33" Running 'thunk' script "bdd_reach -bdd_opts=-#omega,-#escapeb3= @@"
1.0.Tri: A proof was found: No trace exists. [0.87 s]
INFO (IPF057): 1.0.Tri: The property "fsm_state_deadlock_FIN_prop_21" was proven in 0.87 s.
1: ProofGrid usable level: 11
1.0.Tri:    7.20" ---- ALL ENGINES STOPPED! ----
1.0.Tri: Stopped processing property "fsm_state_deadlock_FIN_prop_21"	[0.87 s].
1.0.Tri: Starting proof for property "fsm_state_deadlock_NULL_prop_12"	[0.00 s].
1.0.Tri: Trace Attempt  1	[0.00 s]
1.0.Tri:    7.20" Running 'thunk' script "bdd_reach -bdd_opts=-#omega,-#escapeb3= @@"
0.0.L: Trace Attempt 1565	[8.01 s]
1.0.Tri: A proof was found: No trace exists. [1.40 s]
INFO (IPF057): 1.0.Tri: The property "fsm_state_deadlock_NULL_prop_12" was proven in 1.40 s.
1: ProofGrid usable level: 10
1.0.Tri:    8.60" ---- ALL ENGINES STOPPED! ----
1.0.Tri: Stopped processing property "fsm_state_deadlock_NULL_prop_12"	[1.40 s].
1.0.Tri: Starting proof for property "fsm_state_deadlock_ODD1_prop_20"	[0.00 s].
1.0.Tri: Trace Attempt  1	[0.00 s]
1.0.Tri:    8.60" Running 'thunk' script "bdd_reach -bdd_opts=-#omega,-#escapeb3= @@"
0.0.Ht: Trace Attempt 89	[9.77 s]
0.0.I: Per property time limit expired (10.00 s) [10.00 s]
0.0.I: Stopped processing property "fsm_state_cover_EVEN3_prop_4"	[9.99 s].
0.0.I: Starting proof for property "fsm_state_cover_EVEN4_prop_2"	[0.00 s].
0.0.I: Trace Attempt  1	[0.00 s]
0.0.I: Trace Attempt  2	[0.00 s]
0.0.I: Trace Attempt  3	[0.00 s]
0.0.I: Trace Attempt  2	[0.00 s]
0.0.I: Trace Attempt  3	[0.00 s]
0.0.I: Trace Attempt  4	[0.00 s]
0.0.I: Trace Attempt  3	[0.00 s]
0.0.I: Trace Attempt  4	[0.00 s]
0.0.I: Trace Attempt  5	[0.00 s]
0.0.I: Trace Attempt  4	[0.00 s]
0.0.I: Trace Attempt  5	[0.00 s]
0.0.I: Trace Attempt  5	[0.01 s]
0.0.N: Trace Attempt 114	[1.94 s]
0.0.N: Per property time limit expired (10.00 s) [10.01 s]
0.0.N: Stopped processing property "fsm_state_cover_EVEN3_prop_4"	[10.00 s].
0.0.N: Starting proof for property "fsm_state_cover_EVEN4_prop_2"	[0.00 s].
0.0.N: Trace Attempt  7	[0.00 s]
0.0.N: Trace Attempt  1	[0.05 s]
0.0.N: Trace Attempt  2	[0.05 s]
0.0.N: Trace Attempt  3	[0.05 s]
INFO (IPF055): 1.0.Tri: A counterexample (cex) with 8 cycles was found for the property "fsm_state_deadlock_ODD1_prop_20" in 1.68 s.
1.0.Tri:   10.28" ---- ALL ENGINES STOPPED! ----
1.0.Tri: Stopped processing property "fsm_state_deadlock_ODD1_prop_20"	[1.68 s].
1.0.Tri: Starting proof for property "fsm_state_deadlock_ODD2_prop_18"	[0.00 s].
1.0.Tri: Trace Attempt  1	[0.00 s]
1.0.Tri:   10.28" Running 'thunk' script "bdd_reach -bdd_opts=-#omega,-#escapeb3= @@"
0.0.L: Trace Attempt 1914	[12.01 s]
1: ProofGrid usable level: 9
1.0.Tri: A proof was found: No trace exists. [2.88 s]
INFO (IPF057): 1.0.Tri: The property "fsm_state_deadlock_ODD2_prop_18" was proven in 2.88 s.
1: ProofGrid usable level: 8
1.0.Tri:   13.16" ---- ALL ENGINES STOPPED! ----
1.0.Tri: Stopped processing property "fsm_state_deadlock_ODD2_prop_18"	[2.88 s].
1.0.Tri: Starting proof for property "fsm_state_deadlock_ODD3_prop_16"	[0.00 s].
1.0.Tri: Trace Attempt  1	[0.00 s]
1.0.Tri:   13.16" Running 'thunk' script "bdd_reach -bdd_opts=-#omega,-#escapeb3= @@"
0.0.Ht: Trace Attempt 90	[14.04 s]
0.0.I: Trace Attempt 15	[4.06 s]
0.0.N: Trace Attempt 197	[4.09 s]
0.0.L: Trace Attempt 2209	[16.02 s]
1.0.Tri: A proof was found: No trace exists. [3.36 s]
INFO (IPF057): 1.0.Tri: The property "fsm_state_deadlock_ODD3_prop_16" was proven in 3.36 s.
1.0.Tri:   16.52" ---- ALL ENGINES STOPPED! ----
1.0.Tri: Stopped processing property "fsm_state_deadlock_ODD3_prop_16"	[3.36 s].
1.0.Tri: Starting proof for property "fsm_state_deadlock_ODD4_prop_14"	[0.00 s].
1.0.Tri: Trace Attempt  1	[0.00 s]
1.0.Tri:   16.52" Running 'thunk' script "bdd_reach -bdd_opts=-#omega,-#escapeb3= @@"
1: ProofGrid usable level: 7
INFO (IPF055): 1.0.Tri: A counterexample (cex) with 522 cycles was found for the property "fsm_state_deadlock_ODD4_prop_14" in 1.92 s.
1.0.Tri:   18.44" ---- ALL ENGINES STOPPED! ----
1.0.Tri: Stopped processing property "fsm_state_deadlock_ODD4_prop_14"	[1.92 s].
1.0.Tri: Starting proof for property "fsm_state_deadlock_STATE_FIN_prop_34"	[0.00 s].
1.0.Tri: Trace Attempt  1	[0.00 s]
1.0.Tri:   18.45" Running 'thunk' script "bdd_reach -bdd_opts=-#omega,-#escapeb3= @@"
INFO (IPF055): 1.0.Tri: A counterexample (cex) with 8 cycles was found for the property "fsm_state_deadlock_STATE_FIN_prop_34" in 0.36 s.
1.0.Tri:   18.80" ---- ALL ENGINES STOPPED! ----
1.0.Tri: Stopped processing property "fsm_state_deadlock_STATE_FIN_prop_34"	[0.36 s].
1.0.Tri: Starting proof for property "fsm_state_deadlock_STATE_MEM_prop_32"	[0.00 s].
1.0.Tri: Trace Attempt  1	[0.00 s]
1.0.Tri:   18.81" Running 'thunk' script "bdd_reach -bdd_opts=-#omega,-#escapeb3= @@"
1.0.Tri: A proof was found: No trace exists. [0.36 s]
INFO (IPF057): 1.0.Tri: The property "fsm_state_deadlock_STATE_MEM_prop_32" was proven in 0.36 s.
1: ProofGrid usable level: 4
1.0.Tri:   19.17" ---- ALL ENGINES STOPPED! ----
1.0.Tri: Stopped processing property "fsm_state_deadlock_STATE_MEM_prop_32"	[0.36 s].
1.0.Tri: Starting proof for property "fsm_state_deadlock_STATE_NULL_prop_33"	[0.00 s].
1.0.Tri: Trace Attempt  1	[0.00 s]
1.0.Tri:   19.17" Running 'thunk' script "bdd_reach -bdd_opts=-#omega,-#escapeb3= @@"
0.0.I: Trace Attempt 39	[6.46 s]
0.0.I: Per property time limit expired (10.00 s) [10.00 s]
0.0.I: Stopped processing property "fsm_state_cover_EVEN4_prop_2"	[10.00 s].
0.0.I: Starting proof for property "fsm_state_cover_FIN_prop_10"	[0.00 s].
0.0.I: Trace Attempt  1	[0.00 s]
0.0.I: Trace Attempt  2	[0.00 s]
0.0.I: Trace Attempt  3	[0.00 s]
0.0.I: Trace Attempt  2	[0.00 s]
0.0.I: Trace Attempt  3	[0.00 s]
0.0.I: Trace Attempt  4	[0.00 s]
0.0.I: Trace Attempt  5	[0.00 s]
0.0.I: Trace Attempt  3	[0.00 s]
0.0.I: Trace Attempt  4	[0.00 s]
0.0.I: Trace Attempt  5	[0.00 s]
0.0.I: Trace Attempt  4	[0.00 s]
0.0.I: Trace Attempt  5	[0.00 s]
0.0.I: Trace Attempt  5	[0.01 s]
0.0.N: Stopped processing property "fsm_state_cover_EVEN4_prop_2"	[10.01 s].
0.0.N: Starting proof for property "fsm_state_cover_FIN_prop_10"	[0.00 s].
0.0.L: Trace Attempt 2466	[20.03 s]
0.0.I: Trace Attempt  1	[0.03 s]
0.0.I: Trace Attempt  2	[0.03 s]
0.0.I: Trace Attempt  3	[0.04 s]
0.0.I: Trace Attempt  4	[0.04 s]
0.0.N: Trace Attempt  1	[0.02 s]
0.0.N: Trace Attempt  2	[0.02 s]
0.0.N: Trace Attempt  3	[0.02 s]
0.0.N: Trace Attempt  5	[0.02 s]
1.0.Tri: A proof was found: No trace exists. [0.34 s]
INFO (IPF057): 1.0.Tri: The property "fsm_state_deadlock_STATE_NULL_prop_33" was proven in 0.34 s.
1.0.Tri:   19.51" ---- ALL ENGINES STOPPED! ----
1.0.Tri: Stopped processing property "fsm_state_deadlock_STATE_NULL_prop_33"	[0.34 s].
1.0.Tri: Starting proof for property "fsm_state_deadlock_STATE_OUT_prop_31"	[0.00 s].
1.0.Tri: Trace Attempt  1	[0.00 s]
1.0.Tri:   19.51" Running 'thunk' script "bdd_reach -bdd_opts=-#omega,-#escapeb3= @@"
0.0.N: Validation of fixpoint was successful. Time = 0.00
0.0.N: Trace Attempt  8	[0.03 s]
0.0.N: A proof was found: No trace exists. [0.03 s]
INFO (IPF051): 0.0.N: The cover property "fsm_state_cover_FIN_prop_10" was proven unreachable in 0.03 s.
0.0.N: Stopped processing property "fsm_state_cover_FIN_prop_10"	[0.03 s].
0.0.N: Starting proof for property "fsm_state_cover_ODD3_prop_5"	[0.00 s].
0.0.I: Stopped processing property "fsm_state_cover_FIN_prop_10"	[0.05 s].
0.0.I: Starting proof for property "fsm_state_cover_ODD3_prop_5"	[0.00 s].
0.0.N: Trace Attempt  1	[0.00 s]
0.0.I: Trace Attempt  1	[0.00 s]
0.0.I: Trace Attempt  2	[0.00 s]
0.0.I: Trace Attempt  3	[0.00 s]
0.0.N: Trace Attempt  2	[0.00 s]
0.0.N: Trace Attempt  3	[0.00 s]
0.0.I: Trace Attempt  2	[0.00 s]
0.0.I: Trace Attempt  3	[0.00 s]
0.0.I: Trace Attempt  4	[0.00 s]
0.0.N: Trace Attempt  3	[0.00 s]
0.0.I: Trace Attempt  3	[0.00 s]
0.0.N: Trace Attempt  4	[0.00 s]
0.0.N: Trace Attempt  5	[0.00 s]
0.0.I: Trace Attempt  4	[0.00 s]
0.0.I: Trace Attempt  4	[0.00 s]
0.0.I: Trace Attempt  5	[0.00 s]
0.0.I: Trace Attempt  5	[0.00 s]
0: ProofGrid usable level: 13
0.0.N: Trace Attempt  1	[0.07 s]
0.0.N: Trace Attempt  2	[0.07 s]
0.0.N: Trace Attempt  3	[0.07 s]
1.0.Tri: A proof was found: No trace exists. [0.49 s]
INFO (IPF057): 1.0.Tri: The property "fsm_state_deadlock_STATE_OUT_prop_31" was proven in 0.49 s.
1.0.Tri:   20.00" ---- ALL ENGINES STOPPED! ----
1.0.Tri: Stopped processing property "fsm_state_deadlock_STATE_OUT_prop_31"	[0.49 s].
1.0.Tri: Starting proof for property "fsm_state_deadlock_STATE_PROC_prop_30"	[0.00 s].
1.0.Tri: Trace Attempt  1	[0.00 s]
1.0.Tri:   20.00" Running 'thunk' script "bdd_reach -bdd_opts=-#omega,-#escapeb3= @@"
0.0.Ht: Trace Attempt 91	[20.80 s]
1.0.Tri: A proof was found: No trace exists. [0.43 s]
INFO (IPF057): 1.0.Tri: The property "fsm_state_deadlock_STATE_PROC_prop_30" was proven in 0.43 s.
1: ProofGrid usable level: 1
1.0.Tri:   20.43" ---- ALL ENGINES STOPPED! ----
1.0.Tri: Stopped processing property "fsm_state_deadlock_STATE_PROC_prop_30"	[0.43 s].
1.0.Tri: Last scan. Per property time limit: 0s
1.0.Tri: Starting proof for property "fsm_state_deadlock_STATE_READ_prop_29"	[0.00 s].
1.0.Tri: Trace Attempt  1	[0.00 s]
1.0.Tri:   20.43" Running 'thunk' script "bdd_reach -bdd_opts=-#omega,-#escapeb3= @@"
1.0.Tri: Requesting engine job to stop
INFO (IPF144): 1: Initiating shutdown of proof [21.04]
1.0.Tri: A proof was found: No trace exists. [0.35 s]
INFO (IPF057): 1.0.Tri: The property "fsm_state_deadlock_STATE_READ_prop_29" was proven in 0.36 s.
1.0.Tri:   20.78" ---- ALL ENGINES STOPPED! ----
1.0.Tri: Stopped processing property "fsm_state_deadlock_STATE_READ_prop_29"	[0.36 s].
1.0.Tri: All properties determined. [0.02 s]
1.0.Tri: Exited with Success (@ 21.04 s)
1: ProofGrid usable level: 0
1: --------------------------------------------------------------
ProofGrid Summary
--------------------------------------------------------------
     engines started                         :   1
     engine jobs started                     :   1

    Average time in state (seconds)
    ------------------------------------------------------
    Engine  Pending     Running        Dead    Utilization
    ------------------------------------------------------
    Tri        0.02       21.04        0.00       99.89 %
    all        0.02       21.04        0.00       99.89 %

    Data read    : 3.14 kiB
    Data written : 654.00 B

1: ProofGrid usable level: 0
1: All pending notifications were processed.
INFO (IPF127): Done using action: prove_action.
INFO (IPF127): Final state reached.

==============================================================
SUMMARY
==============================================================
           Properties Considered              : 16
                 assertions                   : 16
                  - proven                    : 13 (81.25%)
                  - bounded_proven (user)     : 0 (0%)
                  - bounded_proven (auto)     : 0 (0%)
                  - marked_proven             : 0 (0%)
                  - cex                       : 3 (18.75%)
                  - ar_cex                    : 0 (0%)
                  - undetermined              : 0 (0%)
                  - unknown                   : 0 (0%)
                  - error                     : 0 (0%)
                 covers                       : 0
                  - unreachable               : 0
                  - bounded_unreachable (user): 0
                  - covered                   : 0
                  - ar_covered                : 0
                  - undetermined              : 0
                  - unknown                   : 0
                  - error                     : 0
0.0.L: Trace Attempt 2704	[24.03 s]
0.0.L: Trace Attempt 2924	[28.05 s]
0.0.I: Trace Attempt 35	[2.35 s]
0.0.I: Per property time limit expired (10.00 s) [10.00 s]
0.0.I: Stopped processing property "fsm_state_cover_ODD3_prop_5"	[10.00 s].
0.0.I: Starting proof for property "fsm_state_cover_ODD4_prop_3"	[0.00 s].
0.0.I: Trace Attempt  1	[0.00 s]
0.0.I: Trace Attempt  2	[0.00 s]
0.0.I: Trace Attempt  3	[0.00 s]
0.0.I: Trace Attempt  2	[0.00 s]
0.0.I: Trace Attempt  3	[0.00 s]
0.0.I: Trace Attempt  4	[0.00 s]
0.0.I: Trace Attempt  5	[0.00 s]
0.0.I: Trace Attempt  3	[0.00 s]
0.0.I: Trace Attempt  4	[0.00 s]
0.0.I: Trace Attempt  5	[0.00 s]
0.0.I: Trace Attempt  4	[0.00 s]
0.0.I: Trace Attempt  5	[0.00 s]
0.0.I: Trace Attempt  5	[0.01 s]
0.0.N: Trace Attempt 126	[0.90 s]
0.0.N: Per property time limit expired (10.00 s) [10.01 s]
0.0.N: Stopped processing property "fsm_state_cover_ODD3_prop_5"	[10.01 s].
0.0.N: Starting proof for property "fsm_state_cover_ODD4_prop_3"	[0.00 s].
0.0.N: Trace Attempt  7	[0.00 s]
0.0.N: Trace Attempt  1	[0.03 s]
0.0.N: Trace Attempt  2	[0.03 s]
0.0.N: Trace Attempt  3	[0.03 s]
0.0.N: Trace Attempt  5	[0.04 s]
0.0.I: Trace Attempt  1	[0.07 s]
0.0.I: Trace Attempt  2	[0.07 s]
0.0.I: Trace Attempt  3	[0.07 s]
0.0.I: Trace Attempt  4	[0.07 s]
0.0.I: Trace Attempt  1	[1.80 s]
0.0.I: Trace Attempt  2	[1.80 s]
0.0.I: Trace Attempt  3	[1.80 s]
0.0.I: Trace Attempt  4	[1.80 s]
0.0.L: Trace Attempt 3129	[32.06 s]
0.0.Ht: Trace Attempt 92	[32.31 s]
0.0.L: Trace Attempt 3322	[36.07 s]
0.0.I: Trace Attempt 41	[4.68 s]
0.0.I: Per property time limit expired (10.00 s) [10.00 s]
0.0.I: Stopped processing property "fsm_state_cover_ODD4_prop_3"	[10.01 s].
0.0.I: Next scan (1) will use per property time limit: 10s * 10 ^ 1 = 100s
0.0.I: Starting proof for property "fsm_state_cover_EVEN3_prop_4"	[0.00 s].
0.0.I: Trace Attempt 16	[0.00 s]
0.0.N: Stopped processing property "fsm_state_cover_ODD4_prop_3"	[10.00 s].
0.0.N: Next scan (1) will use per property time limit: 10s * 10 ^ 1 = 100s
0.0.N: Starting proof for property "fsm_state_cover_EVEN3_prop_4"	[0.00 s].
0.0.L: Trace Attempt 3504	[40.09 s]
0.0.I: Trace Attempt  1	[0.06 s]
0.0.I: Trace Attempt  2	[0.06 s]
0.0.I: Trace Attempt  3	[0.06 s]
0.0.I: Trace Attempt  4	[0.06 s]
0.0.L: Trace Attempt 3677	[44.09 s]
0.0.Ht: Trace Attempt 93	[44.63 s]
0.0.L: Trace Attempt 3842	[48.09 s]
0.0.L: Trace Attempt 4000	[52.12 s]
0.0.L: Trace Attempt 4152	[56.14 s]
0.0.L: Trace Attempt 4298	[60.16 s]
0.0.Ht: Trace Attempt 94	[62.28 s]
0.0.L: Trace Attempt 4439	[64.16 s]
0.0.L: Trace Attempt 4576	[68.18 s]
0.0.L: Trace Attempt 4709	[72.19 s]
0.0.L: Trace Attempt 4838	[76.22 s]
0.0.L: Trace Attempt 4963	[80.23 s]
0.0.I: Trace Attempt 66	[42.88 s]
0.0.L: Trace Attempt 5086	[84.27 s]
0.0.L: Trace Attempt 5206	[88.29 s]
0.0.L: Trace Attempt 5323	[92.32 s]
0.0.Ht: Trace Attempt 95	[93.67 s]
0.0.L: Trace Attempt 5438	[96.34 s]
0.0.L: Trace Attempt 5550	[100.37 s]
0.0.L: Trace Attempt 5660	[104.40 s]
0.0.L: Trace Attempt 5768	[108.43 s]
0.0.L: Trace Attempt 5873	[112.44 s]
0.0.L: Trace Attempt 5977	[116.46 s]
0.0.L: Trace Attempt 6079	[120.50 s]
0.0.L: Trace Attempt 6179	[124.53 s]
0.0.L: Trace Attempt 6277	[128.55 s]
0.0.L: Trace Attempt 6373	[132.56 s]
0.0.L: Trace Attempt 6468	[136.58 s]
0.0.I: Per property time limit expired (100.00 s) [100.01 s]
0.0.I: Stopped processing property "fsm_state_cover_EVEN3_prop_4"	[100.00 s].
0.0.I: Starting proof for property "fsm_state_cover_EVEN4_prop_2"	[0.00 s].
0.0.N: Stopped processing property "fsm_state_cover_EVEN3_prop_4"	[100.02 s].
0.0.N: Starting proof for property "fsm_state_cover_EVEN4_prop_2"	[0.00 s].
0.0.I: Trace Attempt  1	[0.05 s]
0.0.I: Trace Attempt  2	[0.05 s]
0.0.I: Trace Attempt  3	[0.05 s]
0.0.I: Trace Attempt  4	[0.05 s]
0.0.L: Trace Attempt 6562	[140.61 s]
0.0.L: Trace Attempt 6655	[144.66 s]
0.0.Ht: Trace Attempt 96	[146.47 s]
0.0.L: Trace Attempt 6746	[148.67 s]
0.0.L: Trace Attempt 6836	[152.68 s]
0.0.L: Trace Attempt 6924	[156.68 s]
0.0.L: Trace Attempt 7012	[160.72 s]
0.0.L: Trace Attempt 7098	[164.73 s]
0.0.L: Trace Attempt 7183	[168.73 s]
0.0.L: Trace Attempt 7266	[172.76 s]
0.0.L: Trace Attempt 7348	[176.80 s]
INFO (IIM002): *** Stopping all proof jobs ***
0.0.Ht: Interrupted (multi)
0.0.Ht: Terminated by signal SIGINT (@ 180.12 s)
0.0.Ht: Engine should be restarted (starts=1, unexpected_terminations=1)
0.0.Ht: Restarting engine (local)
INFO (IPF144): 0: Initiating shutdown of proof [180.12]
0.0.I: Stopped processing property "fsm_state_cover_EVEN4_prop_2"	[40.06 s].
0.0.I: Trace Attempt 39	[2.43 s]
0.0.I: Terminated by signal SIGINT (@ 180.13 s)
0.0.N: Stopped processing property "fsm_state_cover_EVEN4_prop_2"	[40.06 s].
0.0.N: Trace Attempt 197	[0.03 s]
0.0.N: Terminated by signal SIGINT (@ 180.15 s)
0.0.Ht: Proofgrid shell started at 18928@ideal125(local) jg_17221_ideal125_1
0.0.Ht: Preventing job from starting because proof is shutting down.
0.0.Ht: Requesting engine job to terminate
0.0.Ht: Interrupted. [0.00 s]
0.0.Ht: Exited with Success (@ 180.16 s)
0.0.L: Trace Attempt 7416	[180.12 s]
0.0.L: Terminated by signal SIGINT (@ 180.19 s)
0: --------------------------------------------------------------
ProofGrid Summary
--------------------------------------------------------------
     engines started                         :   5
     engine jobs started                     :   5
     unexpected terminations                 :   4

    Average time in state (seconds)
    ------------------------------------------------------
    Engine  Pending     Running        Dead    Utilization
    ------------------------------------------------------
     Ht        0.06      180.12        0.00       99.97 %
      J        0.02        0.22        0.00       91.03 %
      N        0.02      180.14        0.00       99.99 %
      I        0.02      180.13        0.00       99.99 %
      L        0.02      180.19        0.00       99.99 %
    all        0.03      144.16        0.00       99.98 %

    Data read    : 339.37 kiB
    Data written : 15.19 kiB

0: ProofGrid usable level: 0
0: All pending notifications were processed.
INFO (IPF127): Done using action: prove_action.
INFO (IPF127): Interrupted.
INFO (IPF127): No more actions.

==============================================================
SUMMARY
==============================================================
           Properties Considered              : 16
                 assertions                   : 0
                  - proven                    : 0
                  - bounded_proven (user)     : 0
                  - bounded_proven (auto)     : 0
                  - marked_proven             : 0
                  - cex                       : 0
                  - ar_cex                    : 0
                  - undetermined              : 0
                  - unknown                   : 0
                  - error                     : 0
                 covers                       : 16
                  - unreachable               : 1 (6.25%)
                  - bounded_unreachable (user): 0 (0%)
                  - covered                   : 11 (68.75%)
                  - ar_covered                : 0 (0%)
                  - undetermined              : 4 (25%)
                  - unknown                   : 0 (0%)
                  - error                     : 0 (0%)
INFO (IIM002): *** Stopping all proof jobs ***
INFO (IPL005): Received request to exit from the console.
INFO: Waiting for proof threads to stop...
INFO: Proof threads stopped.
