 
****************************************
Report : area
Design : SME
Version: Q-2019.12
Date   : Tue Apr 13 17:49:24 2021
****************************************

Library(s) Used:

    slow (File: /home/nfs_cad/lib/CBDK_IC_Contest_v2.1/SynopsysDC/db/slow.db)

Number of ports:                           49
Number of nets:                          1858
Number of cells:                         1727
Number of combinational cells:           1367
Number of sequential cells:               358
Number of macros/black boxes:               0
Number of buf/inv:                        233
Number of references:                      66

Combinational area:              11751.100350
Buf/Inv area:                     1408.841979
Noncombinational area:           11017.823318
Macro/Black Box area:                0.000000
Net Interconnect area:          258534.648346

Total cell area:                 22768.923669
Total area:                     281303.572015
1
