 
****************************************
Report : timing
        -path full
        -delay max
        -max_paths 1
Design : SME
Version: Q-2019.12
Date   : Tue Apr 13 17:49:24 2021
****************************************

Operating Conditions: slow   Library: slow
Wire Load Model Mode: top

  Startpoint: ispattern (input port clocked by clk)
  Endpoint: patterns_reg[6][0]
            (rising edge-triggered flip-flop clocked by clk)
  Path Group: clk
  Path Type: max

  Des/Clust/Port     Wire Load Model       Library
  ------------------------------------------------
  SME                tsmc13_wl10           slow

  Point                                    Incr       Path
  -----------------------------------------------------------
  clock clk (fall edge)                   10.00      10.00
  clock network delay (ideal)              0.50      10.50
  input external delay                     0.00      10.50 r
  ispattern (in)                           0.00      10.50 r
  U2258/Y (CLKINVX1)                       0.16      10.67 f
  U1935/Y (NOR2X1)                         0.51      11.17 r
  U1269/Y (OAI21XL)                        0.44      11.62 f
  U1579/Y (NAND3BX2)                       0.63      12.25 f
  U1682/Y (OAI21XL)                        0.61      12.85 r
  U1681/Y (CLKBUFX3)                       0.52      13.37 r
  U1498/Y (AND2X2)                         0.27      13.64 r
  U1398/Y (NOR2BX1)                        0.27      13.91 r
  U1397/Y (CLKBUFX3)                       0.44      14.36 r
  U1581/Y (NOR2X2)                         0.38      14.74 f
  U1901/Y (OAI211X1)                       0.27      15.01 r
  patterns_reg[6][0]/D (DFFSX1)            0.00      15.01 r
  data arrival time                                  15.01

  clock clk (rise edge)                   20.00      20.00
  clock network delay (ideal)              0.50      20.50
  clock uncertainty                       -0.10      20.40
  patterns_reg[6][0]/CK (DFFSX1)           0.00      20.40 r
  library setup time                      -0.20      20.20
  data required time                                 20.20
  -----------------------------------------------------------
  data required time                                 20.20
  data arrival time                                 -15.01
  -----------------------------------------------------------
  slack (MET)                                         5.19


1
