 
****************************************
Report : area
Design : huffman
Version: Q-2019.12
Date   : Tue Feb  2 17:56:52 2021
****************************************

Library(s) Used:

    slow (File: /home/nfs_cad/lib/CBDK_IC_Contest_v2.1/SynopsysDC/db/slow.db)

Number of ports:                         1129
Number of nets:                          3560
Number of cells:                         2241
Number of combinational cells:           1684
Number of sequential cells:               533
Number of macros/black boxes:               0
Number of buf/inv:                        283
Number of references:                       5

Combinational area:              17018.132412
Buf/Inv area:                     1503.896376
Noncombinational area:           17800.633335
Macro/Black Box area:                0.000000
Net Interconnect area:          326808.341705

Total cell area:                 34818.765747
Total area:                     361627.107452
1
