ncverilog(64): 14.10-s005: (c) Copyright 1995-2014 Cadence Design Systems, Inc.
TOOL:	ncverilog	14.10-s005: Started on Apr 13, 2021 at 20:29:48 CST
ncverilog
	-f ncvlog.f
		testfixture.v
		../dc/LBP_syn.v
		+access+r
		-v
		/home/nfs_cad/lib/CBDK_IC_Contest_v2.1/Verilog/tsmc13_neg.v
		+define+SDF
		+nc64bit
Recompiling... reason: file './testfixture.v' is newer than expected.
	expected: Fri Mar 12 11:08:06 2021
	actual:   Tue Apr 13 20:29:47 2021
file: testfixture.v
 #`End_CYCLE ;
           |
ncvlog: *W,INTOVF (testfixture.v,107|11): bit overflow during conversion from text [2.5(IEEE)] (32 bits).
(`define macro: End_CYCLE [testfixture.v line 4], file: testfixture.v line 107)
	module worklib.testfixture:v
		errors: 0, warnings: 1
		Caching library 'worklib' ....... Done
		Caching library 'tsmc13_neg' ....... Done
	Elaborating the design hierarchy:
  DFFRX2 global_index_reg_13_ ( .D(n81), .CK(clk), .RN(n90), .QN(n540) );
                            |
ncelab: *W,CUVWSP (../dc/LBP_syn.v,86|28): 1 output port was not connected:
ncelab: (/home/nfs_cad/lib/CBDK_IC_Contest_v2.1/Verilog/tsmc13_neg.v,18376): Q

  EDFFX1 mid_data_reg_6_ ( .D(gray_data[6]), .E(n154), .CK(clk), .QN(n153) );
                       |
ncelab: *W,CUVWSP (../dc/LBP_syn.v,362|23): 1 output port was not connected:
ncelab: (/home/nfs_cad/lib/CBDK_IC_Contest_v2.1/Verilog/tsmc13_neg.v,19783): Q

  EDFFX1 mid_data_reg_0_ ( .D(gray_data[0]), .E(n154), .CK(clk), .QN(n152) );
                       |
ncelab: *W,CUVWSP (../dc/LBP_syn.v,365|23): 1 output port was not connected:
ncelab: (/home/nfs_cad/lib/CBDK_IC_Contest_v2.1/Verilog/tsmc13_neg.v,19783): Q

  EDFFX1 mid_data_reg_1_ ( .D(gray_data[1]), .E(n154), .CK(clk), .Q(
                       |
ncelab: *W,CUVWSP (../dc/LBP_syn.v,366|23): 1 output port was not connected:
ncelab: (/home/nfs_cad/lib/CBDK_IC_Contest_v2.1/Verilog/tsmc13_neg.v,19783): QN

  EDFFX1 mid_data_reg_3_ ( .D(gray_data[3]), .E(n154), .CK(clk), .Q(
                       |
ncelab: *W,CUVWSP (../dc/LBP_syn.v,368|23): 1 output port was not connected:
ncelab: (/home/nfs_cad/lib/CBDK_IC_Contest_v2.1/Verilog/tsmc13_neg.v,19783): QN

  EDFFX1 mid_data_reg_5_ ( .D(gray_data[5]), .E(n154), .CK(clk), .Q(
                       |
ncelab: *W,CUVWSP (../dc/LBP_syn.v,370|23): 1 output port was not connected:
ncelab: (/home/nfs_cad/lib/CBDK_IC_Contest_v2.1/Verilog/tsmc13_neg.v,19783): QN

  EDFFX1 mid_data_reg_4_ ( .D(gray_data[4]), .E(n154), .CK(clk), .Q(
                       |
ncelab: *W,CUVWSP (../dc/LBP_syn.v,372|23): 1 output port was not connected:
ncelab: (/home/nfs_cad/lib/CBDK_IC_Contest_v2.1/Verilog/tsmc13_neg.v,19783): QN

  EDFFX1 mid_data_reg_2_ ( .D(gray_data[2]), .E(n154), .CK(clk), .Q(
                       |
ncelab: *W,CUVWSP (../dc/LBP_syn.v,374|23): 1 output port was not connected:
ncelab: (/home/nfs_cad/lib/CBDK_IC_Contest_v2.1/Verilog/tsmc13_neg.v,19783): QN

	Reading SDF file from location "../dc/LBP_syn.sdf"
	Writing compiled SDF file to "LBP_syn.sdf.X".
	Annotating SDF timing data:
		Compiled SDF file:     LBP_syn.sdf.X
		Log file:              
		Backannotation scope:  testfixture.LBP
		Configuration file:    
		MTM control:           
		Scale factors:         
		Scale type:            
ncelab: *W,SDFNEP: Unable to annotate to non-existent path (IOPATH (posedge A) Y) of instance testfixture.LBP.READ.sub_190.U25 of module XOR2X1 <../dc/LBP_syn.sdf, line 1375>.
ncelab: *W,SDFNEP: Unable to annotate to non-existent path (IOPATH (negedge A) Y) of instance testfixture.LBP.READ.sub_190.U25 of module XOR2X1 <../dc/LBP_syn.sdf, line 1376>.
ncelab: *W,SDFNEP: Unable to annotate to non-existent path (IOPATH (posedge B) Y) of instance testfixture.LBP.READ.sub_190.U25 of module XOR2X1 <../dc/LBP_syn.sdf, line 1379>.
ncelab: *W,SDFNEP: Unable to annotate to non-existent path (IOPATH (negedge B) Y) of instance testfixture.LBP.READ.sub_190.U25 of module XOR2X1 <../dc/LBP_syn.sdf, line 1380>.
ncelab: *W,SDFNEP: Unable to annotate to non-existent path (IOPATH (posedge A) Y) of instance testfixture.LBP.READ.sub_190.U8 of module XNOR2XL <../dc/LBP_syn.sdf, line 1556>.
ncelab: *W,SDFNEP: Unable to annotate to non-existent path (IOPATH (negedge A) Y) of instance testfixture.LBP.READ.sub_190.U8 of module XNOR2XL <../dc/LBP_syn.sdf, line 1557>.
ncelab: *W,SDFNEP: Unable to annotate to non-existent path (IOPATH (posedge B) Y) of instance testfixture.LBP.READ.sub_190.U8 of module XNOR2XL <../dc/LBP_syn.sdf, line 1560>.
ncelab: *W,SDFNEP: Unable to annotate to non-existent path (IOPATH (negedge B) Y) of instance testfixture.LBP.READ.sub_190.U8 of module XNOR2XL <../dc/LBP_syn.sdf, line 1561>.
ncelab: *W,SDFNEP: Unable to annotate to non-existent path (IOPATH (posedge A) Y) of instance testfixture.LBP.READ.add_191.U1 of module XOR2XL <../dc/LBP_syn.sdf, line 1651>.
ncelab: *W,SDFNEP: Unable to annotate to non-existent path (IOPATH (negedge A) Y) of instance testfixture.LBP.READ.add_191.U1 of module XOR2XL <../dc/LBP_syn.sdf, line 1652>.
ncelab: *W,SDFNEP: Unable to annotate to non-existent path (IOPATH (posedge B) Y) of instance testfixture.LBP.READ.add_191.U1 of module XOR2XL <../dc/LBP_syn.sdf, line 1655>.
ncelab: *W,SDFNEP: Unable to annotate to non-existent path (IOPATH (negedge B) Y) of instance testfixture.LBP.READ.add_191.U1 of module XOR2XL <../dc/LBP_syn.sdf, line 1656>.
ncelab: *W,SDFNEP: Unable to annotate to non-existent path (IOPATH (posedge A) S) of instance testfixture.LBP.READ.add_191.U1_1_12 of module ADDHXL <../dc/LBP_syn.sdf, line 1669>.
ncelab: *W,SDFNEP: Unable to annotate to non-existent path (IOPATH (negedge A) S) of instance testfixture.LBP.READ.add_191.U1_1_12 of module ADDHXL <../dc/LBP_syn.sdf, line 1670>.
ncelab: *W,SDFNEP: Unable to annotate to non-existent path (IOPATH (posedge B) S) of instance testfixture.LBP.READ.add_191.U1_1_12 of module ADDHXL <../dc/LBP_syn.sdf, line 1673>.
ncelab: *W,SDFNEP: Unable to annotate to non-existent path (IOPATH (negedge B) S) of instance testfixture.LBP.READ.add_191.U1_1_12 of module ADDHXL <../dc/LBP_syn.sdf, line 1674>.
ncelab: *W,SDFNEP: Unable to annotate to non-existent path (IOPATH (posedge A) S) of instance testfixture.LBP.READ.add_191.U1_1_7 of module ADDHXL <../dc/LBP_syn.sdf, line 1687>.
ncelab: *W,SDFNEP: Unable to annotate to non-existent path (IOPATH (negedge A) S) of instance testfixture.LBP.READ.add_191.U1_1_7 of module ADDHXL <../dc/LBP_syn.sdf, line 1688>.
ncelab: *W,SDFNEP: Unable to annotate to non-existent path (IOPATH (posedge B) S) of instance testfixture.LBP.READ.add_191.U1_1_7 of module ADDHXL <../dc/LBP_syn.sdf, line 1691>.
ncelab: *W,SDFNEP: Unable to annotate to non-existent path (IOPATH (negedge B) S) of instance testfixture.LBP.READ.add_191.U1_1_7 of module ADDHXL <../dc/LBP_syn.sdf, line 1692>.
ncelab: *W,SDFNEP: Unable to annotate to non-existent path (IOPATH (posedge A) S) of instance testfixture.LBP.READ.add_191.U1_1_9 of module ADDHXL <../dc/LBP_syn.sdf, line 1705>.
ncelab: *W,SDFNEP: Unable to annotate to non-existent path (IOPATH (negedge A) S) of instance testfixture.LBP.READ.add_191.U1_1_9 of module ADDHXL <../dc/LBP_syn.sdf, line 1706>.
ncelab: *W,SDFNEP: Unable to annotate to non-existent path (IOPATH (posedge B) S) of instance testfixture.LBP.READ.add_191.U1_1_9 of module ADDHXL <../dc/LBP_syn.sdf, line 1709>.
ncelab: *W,SDFNEP: Unable to annotate to non-existent path (IOPATH (negedge B) S) of instance testfixture.LBP.READ.add_191.U1_1_9 of module ADDHXL <../dc/LBP_syn.sdf, line 1710>.
ncelab: *W,SDFNEP: Unable to annotate to non-existent path (IOPATH (posedge A) S) of instance testfixture.LBP.READ.add_191.U1_1_8 of module ADDHXL <../dc/LBP_syn.sdf, line 1723>.
ncelab: *W,SDFNEP: Unable to annotate to non-existent path (IOPATH (negedge A) S) of instance testfixture.LBP.READ.add_191.U1_1_8 of module ADDHXL <../dc/LBP_syn.sdf, line 1724>.
ncelab: *W,SDFNEP: Unable to annotate to non-existent path (IOPATH (posedge B) S) of instance testfixture.LBP.READ.add_191.U1_1_8 of module ADDHXL <../dc/LBP_syn.sdf, line 1727>.
ncelab: *W,SDFNEP: Unable to annotate to non-existent path (IOPATH (negedge B) S) of instance testfixture.LBP.READ.add_191.U1_1_8 of module ADDHXL <../dc/LBP_syn.sdf, line 1728>.
ncelab: *W,SDFNEP: Unable to annotate to non-existent path (IOPATH (posedge A) S) of instance testfixture.LBP.READ.add_191.U1_1_10 of module ADDHXL <../dc/LBP_syn.sdf, line 1741>.
ncelab: *W,SDFNEP: Unable to annotate to non-existent path (IOPATH (negedge A) S) of instance testfixture.LBP.READ.add_191.U1_1_10 of module ADDHXL <../dc/LBP_syn.sdf, line 1742>.
ncelab: *W,SDFNEP: Unable to annotate to non-existent path (IOPATH (posedge B) S) of instance testfixture.LBP.READ.add_191.U1_1_10 of module ADDHXL <../dc/LBP_syn.sdf, line 1745>.
ncelab: *W,SDFNEP: Unable to annotate to non-existent path (IOPATH (negedge B) S) of instance testfixture.LBP.READ.add_191.U1_1_10 of module ADDHXL <../dc/LBP_syn.sdf, line 1746>.
ncelab: *W,SDFNEP: Unable to annotate to non-existent path (IOPATH (posedge A) S) of instance testfixture.LBP.READ.add_191.U1_1_11 of module ADDHXL <../dc/LBP_syn.sdf, line 1759>.
ncelab: *W,SDFNEP: Unable to annotate to non-existent path (IOPATH (negedge A) S) of instance testfixture.LBP.READ.add_191.U1_1_11 of module ADDHXL <../dc/LBP_syn.sdf, line 1760>.
ncelab: *W,SDFNEP: Unable to annotate to non-existent path (IOPATH (posedge B) S) of instance testfixture.LBP.READ.add_191.U1_1_11 of module ADDHXL <../dc/LBP_syn.sdf, line 1763>.
ncelab: *W,SDFNEP: Unable to annotate to non-existent path (IOPATH (negedge B) S) of instance testfixture.LBP.READ.add_191.U1_1_11 of module ADDHXL <../dc/LBP_syn.sdf, line 1764>.
ncelab: *W,SDFNEP: Unable to annotate to non-existent path (IOPATH (posedge A) S) of instance testfixture.LBP.READ.add_191.U1_1_2 of module ADDHXL <../dc/LBP_syn.sdf, line 1777>.
ncelab: *W,SDFNEP: Unable to annotate to non-existent path (IOPATH (negedge A) S) of instance testfixture.LBP.READ.add_191.U1_1_2 of module ADDHXL <../dc/LBP_syn.sdf, line 1778>.
ncelab: *W,SDFNEP: Unable to annotate to non-existent path (IOPATH (posedge B) S) of instance testfixture.LBP.READ.add_191.U1_1_2 of module ADDHXL <../dc/LBP_syn.sdf, line 1781>.
ncelab: *W,SDFNEP: Unable to annotate to non-existent path (IOPATH (negedge B) S) of instance testfixture.LBP.READ.add_191.U1_1_2 of module ADDHXL <../dc/LBP_syn.sdf, line 1782>.
ncelab: *W,SDFNEP: Unable to annotate to non-existent path (IOPATH (posedge A) S) of instance testfixture.LBP.READ.add_191.U1_1_3 of module ADDHXL <../dc/LBP_syn.sdf, line 1795>.
ncelab: *W,SDFNEP: Unable to annotate to non-existent path (IOPATH (negedge A) S) of instance testfixture.LBP.READ.add_191.U1_1_3 of module ADDHXL <../dc/LBP_syn.sdf, line 1796>.
ncelab: *W,SDFNEP: Unable to annotate to non-existent path (IOPATH (posedge B) S) of instance testfixture.LBP.READ.add_191.U1_1_3 of module ADDHXL <../dc/LBP_syn.sdf, line 1799>.
ncelab: *W,SDFNEP: Unable to annotate to non-existent path (IOPATH (negedge B) S) of instance testfixture.LBP.READ.add_191.U1_1_3 of module ADDHXL <../dc/LBP_syn.sdf, line 1800>.
ncelab: *W,SDFNEP: Unable to annotate to non-existent path (IOPATH (posedge A) S) of instance testfixture.LBP.READ.add_191.U1_1_4 of module ADDHXL <../dc/LBP_syn.sdf, line 1813>.
ncelab: *W,SDFNEP: Unable to annotate to non-existent path (IOPATH (negedge A) S) of instance testfixture.LBP.READ.add_191.U1_1_4 of module ADDHXL <../dc/LBP_syn.sdf, line 1814>.
ncelab: *W,SDFNEP: Unable to annotate to non-existent path (IOPATH (posedge B) S) of instance testfixture.LBP.READ.add_191.U1_1_4 of module ADDHXL <../dc/LBP_syn.sdf, line 1817>.
ncelab: *W,SDFNEP: Unable to annotate to non-existent path (IOPATH (negedge B) S) of instance testfixture.LBP.READ.add_191.U1_1_4 of module ADDHXL <../dc/LBP_syn.sdf, line 1818>.
ncelab: *W,SDFNEP: Unable to annotate to non-existent path (IOPATH (posedge A) S) of instance testfixture.LBP.READ.add_191.U1_1_5 of module ADDHXL <../dc/LBP_syn.sdf, line 1831>.
ncelab: *W,SDFNEP: Unable to annotate to non-existent path (IOPATH (negedge A) S) of instance testfixture.LBP.READ.add_191.U1_1_5 of module ADDHXL <../dc/LBP_syn.sdf, line 1832>.
ncelab: *W,SDFNEP: Unable to annotate to non-existent path (IOPATH (posedge B) S) of instance testfixture.LBP.READ.add_191.U1_1_5 of module ADDHXL <../dc/LBP_syn.sdf, line 1835>.
ncelab: *W,SDFNEP: Unable to annotate to non-existent path (IOPATH (negedge B) S) of instance testfixture.LBP.READ.add_191.U1_1_5 of module ADDHXL <../dc/LBP_syn.sdf, line 1836>.
ncelab: *W,SDFNEP: Unable to annotate to non-existent path (IOPATH (posedge A) S) of instance testfixture.LBP.READ.add_191.U1_1_6 of module ADDHXL <../dc/LBP_syn.sdf, line 1849>.
ncelab: *W,SDFNEP: Unable to annotate to non-existent path (IOPATH (negedge A) S) of instance testfixture.LBP.READ.add_191.U1_1_6 of module ADDHXL <../dc/LBP_syn.sdf, line 1850>.
ncelab: *W,SDFNEP: Unable to annotate to non-existent path (IOPATH (posedge B) S) of instance testfixture.LBP.READ.add_191.U1_1_6 of module ADDHXL <../dc/LBP_syn.sdf, line 1853>.
ncelab: *W,SDFNEP: Unable to annotate to non-existent path (IOPATH (negedge B) S) of instance testfixture.LBP.READ.add_191.U1_1_6 of module ADDHXL <../dc/LBP_syn.sdf, line 1854>.
ncelab: *W,SDFNEP: Unable to annotate to non-existent path (IOPATH (posedge A) S) of instance testfixture.LBP.READ.add_191.U1_1_1 of module ADDHXL <../dc/LBP_syn.sdf, line 1867>.
ncelab: *W,SDFNEP: Unable to annotate to non-existent path (IOPATH (negedge A) S) of instance testfixture.LBP.READ.add_191.U1_1_1 of module ADDHXL <../dc/LBP_syn.sdf, line 1868>.
ncelab: *W,SDFNEP: Unable to annotate to non-existent path (IOPATH (posedge B) S) of instance testfixture.LBP.READ.add_191.U1_1_1 of module ADDHXL <../dc/LBP_syn.sdf, line 1871>.
ncelab: *W,SDFNEP: Unable to annotate to non-existent path (IOPATH (negedge B) S) of instance testfixture.LBP.READ.add_191.U1_1_1 of module ADDHXL <../dc/LBP_syn.sdf, line 1872>.
ncelab: *W,SDFNEP: Unable to annotate to non-existent path (IOPATH (posedge A) Y) of instance testfixture.LBP.READ.U272 of module XOR2X1 <../dc/LBP_syn.sdf, line 2035>.
ncelab: *W,SDFNEP: Unable to annotate to non-existent path (IOPATH (negedge A) Y) of instance testfixture.LBP.READ.U272 of module XOR2X1 <../dc/LBP_syn.sdf, line 2036>.
ncelab: *W,SDFNEP: Unable to annotate to non-existent path (IOPATH (posedge B) Y) of instance testfixture.LBP.READ.U272 of module XOR2X1 <../dc/LBP_syn.sdf, line 2039>.
ncelab: *W,SDFNEP: Unable to annotate to non-existent path (IOPATH (negedge B) Y) of instance testfixture.LBP.READ.U272 of module XOR2X1 <../dc/LBP_syn.sdf, line 2040>.
ncelab: *W,SDFNEP: Unable to annotate to non-existent path (IOPATH (posedge A) Y) of instance testfixture.LBP.READ.U271 of module XNOR2X1 <../dc/LBP_syn.sdf, line 2051>.
ncelab: *W,SDFNEP: Unable to annotate to non-existent path (IOPATH (negedge A) Y) of instance testfixture.LBP.READ.U271 of module XNOR2X1 <../dc/LBP_syn.sdf, line 2052>.
ncelab: *W,SDFNEP: Unable to annotate to non-existent path (IOPATH (posedge B) Y) of instance testfixture.LBP.READ.U271 of module XNOR2X1 <../dc/LBP_syn.sdf, line 2055>.
ncelab: *W,SDFNEP: Unable to annotate to non-existent path (IOPATH (negedge B) Y) of instance testfixture.LBP.READ.U271 of module XNOR2X1 <../dc/LBP_syn.sdf, line 2056>.
ncelab: *W,SDFNEP: Unable to annotate to non-existent path (IOPATH (posedge A) Y) of instance testfixture.LBP.READ.U270 of module XNOR2X1 <../dc/LBP_syn.sdf, line 2067>.
ncelab: *W,SDFNEP: Unable to annotate to non-existent path (IOPATH (negedge A) Y) of instance testfixture.LBP.READ.U270 of module XNOR2X1 <../dc/LBP_syn.sdf, line 2068>.
ncelab: *W,SDFNEP: Unable to annotate to non-existent path (IOPATH (posedge B) Y) of instance testfixture.LBP.READ.U270 of module XNOR2X1 <../dc/LBP_syn.sdf, line 2071>.
ncelab: *W,SDFNEP: Unable to annotate to non-existent path (IOPATH (negedge B) Y) of instance testfixture.LBP.READ.U270 of module XNOR2X1 <../dc/LBP_syn.sdf, line 2072>.
ncelab: *W,SDFNEP: Unable to annotate to non-existent path (IOPATH (posedge A) Y) of instance testfixture.LBP.READ.U269 of module XNOR2X1 <../dc/LBP_syn.sdf, line 2083>.
ncelab: *W,SDFNEP: Unable to annotate to non-existent path (IOPATH (negedge A) Y) of instance testfixture.LBP.READ.U269 of module XNOR2X1 <../dc/LBP_syn.sdf, line 2084>.
ncelab: *W,SDFNEP: Unable to annotate to non-existent path (IOPATH (posedge B) Y) of instance testfixture.LBP.READ.U269 of module XNOR2X1 <../dc/LBP_syn.sdf, line 2087>.
ncelab: *W,SDFNEP: Unable to annotate to non-existent path (IOPATH (negedge B) Y) of instance testfixture.LBP.READ.U269 of module XNOR2X1 <../dc/LBP_syn.sdf, line 2088>.
ncelab: *W,SDFNEP: Unable to annotate to non-existent path (IOPATH (posedge A) Y) of instance testfixture.LBP.READ.U264 of module XOR2X1 <../dc/LBP_syn.sdf, line 2139>.
ncelab: *W,SDFNEP: Unable to annotate to non-existent path (IOPATH (negedge A) Y) of instance testfixture.LBP.READ.U264 of module XOR2X1 <../dc/LBP_syn.sdf, line 2140>.
ncelab: *W,SDFNEP: Unable to annotate to non-existent path (IOPATH (posedge B) Y) of instance testfixture.LBP.READ.U264 of module XOR2X1 <../dc/LBP_syn.sdf, line 2143>.
ncelab: *W,SDFNEP: Unable to annotate to non-existent path (IOPATH (negedge B) Y) of instance testfixture.LBP.READ.U264 of module XOR2X1 <../dc/LBP_syn.sdf, line 2144>.
ncelab: *W,SDFNEP: Unable to annotate to non-existent path (IOPATH (posedge A) Y) of instance testfixture.LBP.READ.U178 of module XOR2XL <../dc/LBP_syn.sdf, line 3104>.
ncelab: *W,SDFNEP: Unable to annotate to non-existent path (IOPATH (negedge A) Y) of instance testfixture.LBP.READ.U178 of module XOR2XL <../dc/LBP_syn.sdf, line 3105>.
ncelab: *W,SDFNEP: Unable to annotate to non-existent path (IOPATH (posedge B) Y) of instance testfixture.LBP.READ.U178 of module XOR2XL <../dc/LBP_syn.sdf, line 3108>.
ncelab: *W,SDFNEP: Unable to annotate to non-existent path (IOPATH (negedge B) Y) of instance testfixture.LBP.READ.U178 of module XOR2XL <../dc/LBP_syn.sdf, line 3109>.
ncelab: *W,SDFNEP: Unable to annotate to non-existent path (IOPATH (posedge A) Y) of instance testfixture.LBP.READ.U177 of module XOR2XL <../dc/LBP_syn.sdf, line 3120>.
ncelab: *W,SDFNEP: Unable to annotate to non-existent path (IOPATH (negedge A) Y) of instance testfixture.LBP.READ.U177 of module XOR2XL <../dc/LBP_syn.sdf, line 3121>.
ncelab: *W,SDFNEP: Unable to annotate to non-existent path (IOPATH (posedge B) Y) of instance testfixture.LBP.READ.U177 of module XOR2XL <../dc/LBP_syn.sdf, line 3124>.
ncelab: *W,SDFNEP: Unable to annotate to non-existent path (IOPATH (negedge B) Y) of instance testfixture.LBP.READ.U177 of module XOR2XL <../dc/LBP_syn.sdf, line 3125>.
ncelab: *W,SDFNEP: Unable to annotate to non-existent path (IOPATH (posedge A) Y) of instance testfixture.LBP.READ.U176 of module XOR2XL <../dc/LBP_syn.sdf, line 3136>.
ncelab: *W,SDFNEP: Unable to annotate to non-existent path (IOPATH (negedge A) Y) of instance testfixture.LBP.READ.U176 of module XOR2XL <../dc/LBP_syn.sdf, line 3137>.
ncelab: *W,SDFNEP: Unable to annotate to non-existent path (IOPATH (posedge B) Y) of instance testfixture.LBP.READ.U176 of module XOR2XL <../dc/LBP_syn.sdf, line 3140>.
ncelab: *W,SDFNEP: Unable to annotate to non-existent path (IOPATH (negedge B) Y) of instance testfixture.LBP.READ.U176 of module XOR2XL <../dc/LBP_syn.sdf, line 3141>.
ncelab: *W,SDFNEP: Unable to annotate to non-existent path (IOPATH (posedge A) Y) of instance testfixture.LBP.READ.U175 of module XOR2XL <../dc/LBP_syn.sdf, line 3152>.
ncelab: *W,SDFNEP: Unable to annotate to non-existent path (IOPATH (negedge A) Y) of instance testfixture.LBP.READ.U175 of module XOR2XL <../dc/LBP_syn.sdf, line 3153>.
ncelab: *W,SDFNEP: Unable to annotate to non-existent path (IOPATH (posedge B) Y) of instance testfixture.LBP.READ.U175 of module XOR2XL <../dc/LBP_syn.sdf, line 3156>.
ncelab: *W,SDFNEP: Unable to annotate to non-existent path (IOPATH (negedge B) Y) of instance testfixture.LBP.READ.U175 of module XOR2XL <../dc/LBP_syn.sdf, line 3157>.
ncelab: *W,SDFNEP: Unable to annotate to non-existent path (IOPATH (posedge A) Y) of instance testfixture.LBP.READ.U174 of module XOR2XL <../dc/LBP_syn.sdf, line 3168>.
ncelab: *W,SDFNEP: Unable to annotate to non-existent path (IOPATH (negedge A) Y) of instance testfixture.LBP.READ.U174 of module XOR2XL <../dc/LBP_syn.sdf, line 3169>.
ncelab: *W,SDFNEP: Unable to annotate to non-existent path (IOPATH (posedge B) Y) of instance testfixture.LBP.READ.U174 of module XOR2XL <../dc/LBP_syn.sdf, line 3172>.
ncelab: *W,SDFNEP: Unable to annotate to non-existent path (IOPATH (negedge B) Y) of instance testfixture.LBP.READ.U174 of module XOR2XL <../dc/LBP_syn.sdf, line 3173>.
ncelab: *W,SDFNEP: Unable to annotate to non-existent path (IOPATH (posedge A) Y) of instance testfixture.LBP.READ.U173 of module XNOR2XL <../dc/LBP_syn.sdf, line 3184>.
ncelab: *W,SDFNEP: Unable to annotate to non-existent path (IOPATH (negedge A) Y) of instance testfixture.LBP.READ.U173 of module XNOR2XL <../dc/LBP_syn.sdf, line 3185>.
ncelab: *W,SDFNEP: Unable to annotate to non-existent path (IOPATH (posedge B) Y) of instance testfixture.LBP.READ.U173 of module XNOR2XL <../dc/LBP_syn.sdf, line 3188>.
ncelab: *W,SDFNEP: Unable to annotate to non-existent path (IOPATH (negedge B) Y) of instance testfixture.LBP.READ.U173 of module XNOR2XL <../dc/LBP_syn.sdf, line 3189>.
ncelab: *W,SDFNEP: Unable to annotate to non-existent path (IOPATH (posedge A) Y) of instance testfixture.LBP.READ.U172 of module XNOR2XL <../dc/LBP_syn.sdf, line 3200>.
ncelab: *W,SDFNEP: Unable to annotate to non-existent path (IOPATH (negedge A) Y) of instance testfixture.LBP.READ.U172 of module XNOR2XL <../dc/LBP_syn.sdf, line 3201>.
ncelab: *W,SDFNEP: Unable to annotate to non-existent path (IOPATH (posedge B) Y) of instance testfixture.LBP.READ.U172 of module XNOR2XL <../dc/LBP_syn.sdf, line 3204>.
ncelab: *W,SDFNEP: Unable to annotate to non-existent path (IOPATH (negedge B) Y) of instance testfixture.LBP.READ.U172 of module XNOR2XL <../dc/LBP_syn.sdf, line 3205>.
ncelab: *W,SDFNEP: Unable to annotate to non-existent path (IOPATH (posedge A) Y) of instance testfixture.LBP.READ.U171 of module XNOR2XL <../dc/LBP_syn.sdf, line 3216>.
ncelab: *W,SDFNEP: Unable to annotate to non-existent path (IOPATH (negedge A) Y) of instance testfixture.LBP.READ.U171 of module XNOR2XL <../dc/LBP_syn.sdf, line 3217>.
ncelab: *W,SDFNEP: Unable to annotate to non-existent path (IOPATH (posedge B) Y) of instance testfixture.LBP.READ.U171 of module XNOR2XL <../dc/LBP_syn.sdf, line 3220>.
ncelab: *W,SDFNEP: Unable to annotate to non-existent path (IOPATH (negedge B) Y) of instance testfixture.LBP.READ.U171 of module XNOR2XL <../dc/LBP_syn.sdf, line 3221>.
ncelab: *W,SDFNEP: Unable to annotate to non-existent path (IOPATH (posedge A) Y) of instance testfixture.LBP.READ.U170 of module XOR2XL <../dc/LBP_syn.sdf, line 3232>.
ncelab: *W,SDFNEP: Unable to annotate to non-existent path (IOPATH (negedge A) Y) of instance testfixture.LBP.READ.U170 of module XOR2XL <../dc/LBP_syn.sdf, line 3233>.
ncelab: *W,SDFNEP: Unable to annotate to non-existent path (IOPATH (posedge B) Y) of instance testfixture.LBP.READ.U170 of module XOR2XL <../dc/LBP_syn.sdf, line 3236>.
ncelab: *W,SDFNEP: Unable to annotate to non-existent path (IOPATH (negedge B) Y) of instance testfixture.LBP.READ.U170 of module XOR2XL <../dc/LBP_syn.sdf, line 3237>.
ncelab: *W,SDFNEP: Unable to annotate to non-existent path (IOPATH (posedge A) Y) of instance testfixture.LBP.READ.U169 of module XOR2XL <../dc/LBP_syn.sdf, line 3248>.
ncelab: *W,SDFNEP: Unable to annotate to non-existent path (IOPATH (negedge A) Y) of instance testfixture.LBP.READ.U169 of module XOR2XL <../dc/LBP_syn.sdf, line 3249>.
ncelab: *W,SDFNEP: Unable to annotate to non-existent path (IOPATH (posedge B) Y) of instance testfixture.LBP.READ.U169 of module XOR2XL <../dc/LBP_syn.sdf, line 3252>.
ncelab: *W,SDFNEP: Unable to annotate to non-existent path (IOPATH (negedge B) Y) of instance testfixture.LBP.READ.U169 of module XOR2XL <../dc/LBP_syn.sdf, line 3253>.
ncelab: *W,SDFNEP: Unable to annotate to non-existent path (IOPATH (posedge A) Y) of instance testfixture.LBP.READ.U168 of module XOR2XL <../dc/LBP_syn.sdf, line 3264>.
ncelab: *W,SDFNEP: Unable to annotate to non-existent path (IOPATH (negedge A) Y) of instance testfixture.LBP.READ.U168 of module XOR2XL <../dc/LBP_syn.sdf, line 3265>.
ncelab: *W,SDFNEP: Unable to annotate to non-existent path (IOPATH (posedge B) Y) of instance testfixture.LBP.READ.U168 of module XOR2XL <../dc/LBP_syn.sdf, line 3268>.
ncelab: *W,SDFNEP: Unable to annotate to non-existent path (IOPATH (negedge B) Y) of instance testfixture.LBP.READ.U168 of module XOR2XL <../dc/LBP_syn.sdf, line 3269>.
ncelab: *W,SDFNEP: Unable to annotate to non-existent path (IOPATH (posedge A) Y) of instance testfixture.LBP.READ.U167 of module XNOR2XL <../dc/LBP_syn.sdf, line 3280>.
ncelab: *W,SDFNEP: Unable to annotate to non-existent path (IOPATH (negedge A) Y) of instance testfixture.LBP.READ.U167 of module XNOR2XL <../dc/LBP_syn.sdf, line 3281>.
ncelab: *W,SDFNEP: Unable to annotate to non-existent path (IOPATH (posedge B) Y) of instance testfixture.LBP.READ.U167 of module XNOR2XL <../dc/LBP_syn.sdf, line 3284>.
ncelab: *W,SDFNEP: Unable to annotate to non-existent path (IOPATH (negedge B) Y) of instance testfixture.LBP.READ.U167 of module XNOR2XL <../dc/LBP_syn.sdf, line 3285>.
ncelab: *W,SDFNEP: Unable to annotate to non-existent path (IOPATH (posedge A) Y) of instance testfixture.LBP.READ.U166 of module XNOR2XL <../dc/LBP_syn.sdf, line 3296>.
ncelab: *W,SDFNEP: Unable to annotate to non-existent path (IOPATH (negedge A) Y) of instance testfixture.LBP.READ.U166 of module XNOR2XL <../dc/LBP_syn.sdf, line 3297>.
ncelab: *W,SDFNEP: Unable to annotate to non-existent path (IOPATH (posedge B) Y) of instance testfixture.LBP.READ.U166 of module XNOR2XL <../dc/LBP_syn.sdf, line 3300>.
ncelab: *W,SDFNEP: Unable to annotate to non-existent path (IOPATH (negedge B) Y) of instance testfixture.LBP.READ.U166 of module XNOR2XL <../dc/LBP_syn.sdf, line 3301>.
ncelab: *W,SDFNEP: Unable to annotate to non-existent path (IOPATH (posedge A) Y) of instance testfixture.LBP.READ.U165 of module XNOR2XL <../dc/LBP_syn.sdf, line 3312>.
ncelab: *W,SDFNEP: Unable to annotate to non-existent path (IOPATH (negedge A) Y) of instance testfixture.LBP.READ.U165 of module XNOR2XL <../dc/LBP_syn.sdf, line 3313>.
ncelab: *W,SDFNEP: Unable to annotate to non-existent path (IOPATH (posedge B) Y) of instance testfixture.LBP.READ.U165 of module XNOR2XL <../dc/LBP_syn.sdf, line 3316>.
ncelab: *W,SDFNEP: Unable to annotate to non-existent path (IOPATH (negedge B) Y) of instance testfixture.LBP.READ.U165 of module XNOR2XL <../dc/LBP_syn.sdf, line 3317>.
ncelab: *W,SDFNEP: Unable to annotate to non-existent path (IOPATH (posedge A) Y) of instance testfixture.LBP.READ.U164 of module XOR2XL <../dc/LBP_syn.sdf, line 3328>.
ncelab: *W,SDFNEP: Unable to annotate to non-existent path (IOPATH (negedge A) Y) of instance testfixture.LBP.READ.U164 of module XOR2XL <../dc/LBP_syn.sdf, line 3329>.
ncelab: *W,SDFNEP: Unable to annotate to non-existent path (IOPATH (posedge B) Y) of instance testfixture.LBP.READ.U164 of module XOR2XL <../dc/LBP_syn.sdf, line 3332>.
ncelab: *W,SDFNEP: Unable to annotate to non-existent path (IOPATH (negedge B) Y) of instance testfixture.LBP.READ.U164 of module XOR2XL <../dc/LBP_syn.sdf, line 3333>.
ncelab: *W,SDFNEP: Unable to annotate to non-existent path (IOPATH (posedge A) Y) of instance testfixture.LBP.READ.U163 of module XOR2XL <../dc/LBP_syn.sdf, line 3344>.
ncelab: *W,SDFNEP: Unable to annotate to non-existent path (IOPATH (negedge A) Y) of instance testfixture.LBP.READ.U163 of module XOR2XL <../dc/LBP_syn.sdf, line 3345>.
ncelab: *W,SDFNEP: Unable to annotate to non-existent path (IOPATH (posedge B) Y) of instance testfixture.LBP.READ.U163 of module XOR2XL <../dc/LBP_syn.sdf, line 3348>.
ncelab: *W,SDFNEP: Unable to annotate to non-existent path (IOPATH (negedge B) Y) of instance testfixture.LBP.READ.U163 of module XOR2XL <../dc/LBP_syn.sdf, line 3349>.
ncelab: *W,SDFNEP: Unable to annotate to non-existent path (IOPATH (posedge A) Y) of instance testfixture.LBP.READ.U162 of module XOR2XL <../dc/LBP_syn.sdf, line 3360>.
ncelab: *W,SDFNEP: Unable to annotate to non-existent path (IOPATH (negedge A) Y) of instance testfixture.LBP.READ.U162 of module XOR2XL <../dc/LBP_syn.sdf, line 3361>.
ncelab: *W,SDFNEP: Unable to annotate to non-existent path (IOPATH (posedge B) Y) of instance testfixture.LBP.READ.U162 of module XOR2XL <../dc/LBP_syn.sdf, line 3364>.
ncelab: *W,SDFNEP: Unable to annotate to non-existent path (IOPATH (negedge B) Y) of instance testfixture.LBP.READ.U162 of module XOR2XL <../dc/LBP_syn.sdf, line 3365>.
ncelab: *W,SDFNEP: Unable to annotate to non-existent path (IOPATH (posedge A) Y) of instance testfixture.LBP.READ.U161 of module XNOR2XL <../dc/LBP_syn.sdf, line 3376>.
ncelab: *W,SDFNEP: Unable to annotate to non-existent path (IOPATH (negedge A) Y) of instance testfixture.LBP.READ.U161 of module XNOR2XL <../dc/LBP_syn.sdf, line 3377>.
ncelab: *W,SDFNEP: Unable to annotate to non-existent path (IOPATH (posedge B) Y) of instance testfixture.LBP.READ.U161 of module XNOR2XL <../dc/LBP_syn.sdf, line 3380>.
ncelab: *W,SDFNEP: Unable to annotate to non-existent path (IOPATH (negedge B) Y) of instance testfixture.LBP.READ.U161 of module XNOR2XL <../dc/LBP_syn.sdf, line 3381>.
ncelab: *W,SDFNEP: Unable to annotate to non-existent path (IOPATH (posedge A) Y) of instance testfixture.LBP.READ.U160 of module XOR2XL <../dc/LBP_syn.sdf, line 3392>.
ncelab: *W,SDFNEP: Unable to annotate to non-existent path (IOPATH (negedge A) Y) of instance testfixture.LBP.READ.U160 of module XOR2XL <../dc/LBP_syn.sdf, line 3393>.
ncelab: *W,SDFNEP: Unable to annotate to non-existent path (IOPATH (posedge B) Y) of instance testfixture.LBP.READ.U160 of module XOR2XL <../dc/LBP_syn.sdf, line 3396>.
ncelab: *W,SDFNEP: Unable to annotate to non-existent path (IOPATH (negedge B) Y) of instance testfixture.LBP.READ.U160 of module XOR2XL <../dc/LBP_syn.sdf, line 3397>.
ncelab: *W,SDFNEP: Unable to annotate to non-existent path (IOPATH (posedge A) Y) of instance testfixture.LBP.READ.U159 of module XOR2XL <../dc/LBP_syn.sdf, line 3408>.
ncelab: *W,SDFNEP: Unable to annotate to non-existent path (IOPATH (negedge A) Y) of instance testfixture.LBP.READ.U159 of module XOR2XL <../dc/LBP_syn.sdf, line 3409>.
ncelab: *W,SDFNEP: Unable to annotate to non-existent path (IOPATH (posedge B) Y) of instance testfixture.LBP.READ.U159 of module XOR2XL <../dc/LBP_syn.sdf, line 3412>.
ncelab: *W,SDFNEP: Unable to annotate to non-existent path (IOPATH (negedge B) Y) of instance testfixture.LBP.READ.U159 of module XOR2XL <../dc/LBP_syn.sdf, line 3413>.
ncelab: *W,SDFNEP: Unable to annotate to non-existent path (IOPATH (posedge A) Y) of instance testfixture.LBP.READ.U145 of module XOR2XL <../dc/LBP_syn.sdf, line 3554>.
ncelab: *W,SDFNEP: Unable to annotate to non-existent path (IOPATH (negedge A) Y) of instance testfixture.LBP.READ.U145 of module XOR2XL <../dc/LBP_syn.sdf, line 3555>.
ncelab: *W,SDFNEP: Unable to annotate to non-existent path (IOPATH (posedge B) Y) of instance testfixture.LBP.READ.U145 of module XOR2XL <../dc/LBP_syn.sdf, line 3558>.
ncelab: *W,SDFNEP: Unable to annotate to non-existent path (IOPATH (negedge B) Y) of instance testfixture.LBP.READ.U145 of module XOR2XL <../dc/LBP_syn.sdf, line 3559>.
ncelab: *W,SDFNEP: Unable to annotate to non-existent path (IOPATH (posedge A) Y) of instance testfixture.LBP.READ.U144 of module XOR2XL <../dc/LBP_syn.sdf, line 3570>.
ncelab: *W,SDFNEP: Unable to annotate to non-existent path (IOPATH (negedge A) Y) of instance testfixture.LBP.READ.U144 of module XOR2XL <../dc/LBP_syn.sdf, line 3571>.
ncelab: *W,SDFNEP: Unable to annotate to non-existent path (IOPATH (posedge B) Y) of instance testfixture.LBP.READ.U144 of module XOR2XL <../dc/LBP_syn.sdf, line 3574>.
ncelab: *W,SDFNEP: Unable to annotate to non-existent path (IOPATH (negedge B) Y) of instance testfixture.LBP.READ.U144 of module XOR2XL <../dc/LBP_syn.sdf, line 3575>.
ncelab: *W,SDFNEP: Unable to annotate to non-existent path (IOPATH (posedge A) Y) of instance testfixture.LBP.READ.U143 of module XOR2XL <../dc/LBP_syn.sdf, line 3586>.
ncelab: *W,SDFNEP: Unable to annotate to non-existent path (IOPATH (negedge A) Y) of instance testfixture.LBP.READ.U143 of module XOR2XL <../dc/LBP_syn.sdf, line 3587>.
ncelab: *W,SDFNEP: Unable to annotate to non-existent path (IOPATH (posedge B) Y) of instance testfixture.LBP.READ.U143 of module XOR2XL <../dc/LBP_syn.sdf, line 3590>.
ncelab: *W,SDFNEP: Unable to annotate to non-existent path (IOPATH (negedge B) Y) of instance testfixture.LBP.READ.U143 of module XOR2XL <../dc/LBP_syn.sdf, line 3591>.
ncelab: *W,SDFNEP: Unable to annotate to non-existent path (IOPATH (posedge A) Y) of instance testfixture.LBP.READ.U142 of module XOR2XL <../dc/LBP_syn.sdf, line 3602>.
ncelab: *W,SDFNEP: Unable to annotate to non-existent path (IOPATH (negedge A) Y) of instance testfixture.LBP.READ.U142 of module XOR2XL <../dc/LBP_syn.sdf, line 3603>.
ncelab: *W,SDFNEP: Unable to annotate to non-existent path (IOPATH (posedge B) Y) of instance testfixture.LBP.READ.U142 of module XOR2XL <../dc/LBP_syn.sdf, line 3606>.
ncelab: *W,SDFNEP: Unable to annotate to non-existent path (IOPATH (negedge B) Y) of instance testfixture.LBP.READ.U142 of module XOR2XL <../dc/LBP_syn.sdf, line 3607>.
ncelab: *W,SDFNEP: Unable to annotate to non-existent path (IOPATH (posedge A) Y) of instance testfixture.LBP.READ.U141 of module XNOR2XL <../dc/LBP_syn.sdf, line 3618>.
ncelab: *W,SDFNEP: Unable to annotate to non-existent path (IOPATH (negedge A) Y) of instance testfixture.LBP.READ.U141 of module XNOR2XL <../dc/LBP_syn.sdf, line 3619>.
ncelab: *W,SDFNEP: Unable to annotate to non-existent path (IOPATH (posedge B) Y) of instance testfixture.LBP.READ.U141 of module XNOR2XL <../dc/LBP_syn.sdf, line 3622>.
ncelab: *W,SDFNEP: Unable to annotate to non-existent path (IOPATH (negedge B) Y) of instance testfixture.LBP.READ.U141 of module XNOR2XL <../dc/LBP_syn.sdf, line 3623>.
ncelab: *W,SDFNEP: Unable to annotate to non-existent path (IOPATH (posedge A) Y) of instance testfixture.LBP.READ.U140 of module XNOR2XL <../dc/LBP_syn.sdf, line 3634>.
ncelab: *W,SDFNEP: Unable to annotate to non-existent path (IOPATH (negedge A) Y) of instance testfixture.LBP.READ.U140 of module XNOR2XL <../dc/LBP_syn.sdf, line 3635>.
ncelab: *W,SDFNEP: Unable to annotate to non-existent path (IOPATH (posedge B) Y) of instance testfixture.LBP.READ.U140 of module XNOR2XL <../dc/LBP_syn.sdf, line 3638>.
ncelab: *W,SDFNEP: Unable to annotate to non-existent path (IOPATH (negedge B) Y) of instance testfixture.LBP.READ.U140 of module XNOR2XL <../dc/LBP_syn.sdf, line 3639>.
ncelab: *W,SDFNEP: Unable to annotate to non-existent path (IOPATH (posedge A) Y) of instance testfixture.LBP.READ.U137 of module XOR2XL <../dc/LBP_syn.sdf, line 3674>.
ncelab: *W,SDFNEP: Unable to annotate to non-existent path (IOPATH (negedge A) Y) of instance testfixture.LBP.READ.U137 of module XOR2XL <../dc/LBP_syn.sdf, line 3675>.
ncelab: *W,SDFNEP: Unable to annotate to non-existent path (IOPATH (posedge B) Y) of instance testfixture.LBP.READ.U137 of module XOR2XL <../dc/LBP_syn.sdf, line 3678>.
ncelab: *W,SDFNEP: Unable to annotate to non-existent path (IOPATH (negedge B) Y) of instance testfixture.LBP.READ.U137 of module XOR2XL <../dc/LBP_syn.sdf, line 3679>.
ncelab: *W,SDFNEP: Unable to annotate to non-existent path (IOPATH (posedge A) Y) of instance testfixture.LBP.READ.U136 of module XOR2XL <../dc/LBP_syn.sdf, line 3690>.
ncelab: *W,SDFNEP: Unable to annotate to non-existent path (IOPATH (negedge A) Y) of instance testfixture.LBP.READ.U136 of module XOR2XL <../dc/LBP_syn.sdf, line 3691>.
ncelab: *W,SDFNEP: Unable to annotate to non-existent path (IOPATH (posedge B) Y) of instance testfixture.LBP.READ.U136 of module XOR2XL <../dc/LBP_syn.sdf, line 3694>.
ncelab: *W,SDFNEP: Unable to annotate to non-existent path (IOPATH (negedge B) Y) of instance testfixture.LBP.READ.U136 of module XOR2XL <../dc/LBP_syn.sdf, line 3695>.
ncelab: *W,SDFNEP: Unable to annotate to non-existent path (IOPATH (posedge A) Y) of instance testfixture.LBP.READ.U135 of module XNOR2XL <../dc/LBP_syn.sdf, line 3706>.
ncelab: *W,SDFNEP: Unable to annotate to non-existent path (IOPATH (negedge A) Y) of instance testfixture.LBP.READ.U135 of module XNOR2XL <../dc/LBP_syn.sdf, line 3707>.
ncelab: *W,SDFNEP: Unable to annotate to non-existent path (IOPATH (posedge B) Y) of instance testfixture.LBP.READ.U135 of module XNOR2XL <../dc/LBP_syn.sdf, line 3710>.
ncelab: *W,SDFNEP: Unable to annotate to non-existent path (IOPATH (negedge B) Y) of instance testfixture.LBP.READ.U135 of module XNOR2XL <../dc/LBP_syn.sdf, line 3711>.
ncelab: *W,SDFNEP: Unable to annotate to non-existent path (IOPATH (posedge A) Y) of instance testfixture.LBP.READ.U134 of module XNOR2XL <../dc/LBP_syn.sdf, line 3722>.
ncelab: *W,SDFNEP: Unable to annotate to non-existent path (IOPATH (negedge A) Y) of instance testfixture.LBP.READ.U134 of module XNOR2XL <../dc/LBP_syn.sdf, line 3723>.
ncelab: *W,SDFNEP: Unable to annotate to non-existent path (IOPATH (posedge B) Y) of instance testfixture.LBP.READ.U134 of module XNOR2XL <../dc/LBP_syn.sdf, line 3726>.
ncelab: *W,SDFNEP: Unable to annotate to non-existent path (IOPATH (negedge B) Y) of instance testfixture.LBP.READ.U134 of module XNOR2XL <../dc/LBP_syn.sdf, line 3727>.
ncelab: *W,SDFNEP: Unable to annotate to non-existent path (IOPATH (posedge A) Y) of instance testfixture.LBP.READ.U133 of module XNOR2XL <../dc/LBP_syn.sdf, line 3738>.
ncelab: *W,SDFNEP: Unable to annotate to non-existent path (IOPATH (negedge A) Y) of instance testfixture.LBP.READ.U133 of module XNOR2XL <../dc/LBP_syn.sdf, line 3739>.
ncelab: *W,SDFNEP: Unable to annotate to non-existent path (IOPATH (posedge B) Y) of instance testfixture.LBP.READ.U133 of module XNOR2XL <../dc/LBP_syn.sdf, line 3742>.
ncelab: *W,SDFNEP: Unable to annotate to non-existent path (IOPATH (negedge B) Y) of instance testfixture.LBP.READ.U133 of module XNOR2XL <../dc/LBP_syn.sdf, line 3743>.
ncelab: *W,SDFNEP: Unable to annotate to non-existent path (IOPATH (posedge A) Y) of instance testfixture.LBP.READ.U132 of module XNOR2XL <../dc/LBP_syn.sdf, line 3754>.
ncelab: *W,SDFNEP: Unable to annotate to non-existent path (IOPATH (negedge A) Y) of instance testfixture.LBP.READ.U132 of module XNOR2XL <../dc/LBP_syn.sdf, line 3755>.
ncelab: *W,SDFNEP: Unable to annotate to non-existent path (IOPATH (posedge B) Y) of instance testfixture.LBP.READ.U132 of module XNOR2XL <../dc/LBP_syn.sdf, line 3758>.
ncelab: *W,SDFNEP: Unable to annotate to non-existent path (IOPATH (negedge B) Y) of instance testfixture.LBP.READ.U132 of module XNOR2XL <../dc/LBP_syn.sdf, line 3759>.
ncelab: *W,SDFNEP: Unable to annotate to non-existent path (IOPATH (posedge A) Y) of instance testfixture.LBP.READ.U131 of module XNOR2XL <../dc/LBP_syn.sdf, line 3770>.
ncelab: *W,SDFNEP: Unable to annotate to non-existent path (IOPATH (negedge A) Y) of instance testfixture.LBP.READ.U131 of module XNOR2XL <../dc/LBP_syn.sdf, line 3771>.
ncelab: *W,SDFNEP: Unable to annotate to non-existent path (IOPATH (posedge B) Y) of instance testfixture.LBP.READ.U131 of module XNOR2XL <../dc/LBP_syn.sdf, line 3774>.
ncelab: *W,SDFNEP: Unable to annotate to non-existent path (IOPATH (negedge B) Y) of instance testfixture.LBP.READ.U131 of module XNOR2XL <../dc/LBP_syn.sdf, line 3775>.
ncelab: *W,SDFNEP: Unable to annotate to non-existent path (IOPATH (posedge A) Y) of instance testfixture.LBP.READ.U121 of module XNOR2XL <../dc/LBP_syn.sdf, line 3876>.
ncelab: *W,SDFNEP: Unable to annotate to non-existent path (IOPATH (negedge A) Y) of instance testfixture.LBP.READ.U121 of module XNOR2XL <../dc/LBP_syn.sdf, line 3877>.
ncelab: *W,SDFNEP: Unable to annotate to non-existent path (IOPATH (posedge B) Y) of instance testfixture.LBP.READ.U121 of module XNOR2XL <../dc/LBP_syn.sdf, line 3880>.
ncelab: *W,SDFNEP: Unable to annotate to non-existent path (IOPATH (negedge B) Y) of instance testfixture.LBP.READ.U121 of module XNOR2XL <../dc/LBP_syn.sdf, line 3881>.
ncelab: *W,SDFNEP: Unable to annotate to non-existent path (IOPATH (posedge A) Y) of instance testfixture.LBP.READ.U119 of module XOR2XL <../dc/LBP_syn.sdf, line 3902>.
ncelab: *W,SDFNEP: Unable to annotate to non-existent path (IOPATH (negedge A) Y) of instance testfixture.LBP.READ.U119 of module XOR2XL <../dc/LBP_syn.sdf, line 3903>.
ncelab: *W,SDFNEP: Unable to annotate to non-existent path (IOPATH (posedge B) Y) of instance testfixture.LBP.READ.U119 of module XOR2XL <../dc/LBP_syn.sdf, line 3906>.
ncelab: *W,SDFNEP: Unable to annotate to non-existent path (IOPATH (negedge B) Y) of instance testfixture.LBP.READ.U119 of module XOR2XL <../dc/LBP_syn.sdf, line 3907>.
ncelab: *W,SDFNEP: Unable to annotate to non-existent path (IOPATH (posedge A) Y) of instance testfixture.LBP.READ.U118 of module XOR2XL <../dc/LBP_syn.sdf, line 3918>.
ncelab: *W,SDFNEP: Unable to annotate to non-existent path (IOPATH (negedge A) Y) of instance testfixture.LBP.READ.U118 of module XOR2XL <../dc/LBP_syn.sdf, line 3919>.
ncelab: *W,SDFNEP: Unable to annotate to non-existent path (IOPATH (posedge B) Y) of instance testfixture.LBP.READ.U118 of module XOR2XL <../dc/LBP_syn.sdf, line 3922>.
ncelab: *W,SDFNEP: Unable to annotate to non-existent path (IOPATH (negedge B) Y) of instance testfixture.LBP.READ.U118 of module XOR2XL <../dc/LBP_syn.sdf, line 3923>.
ncelab: *W,SDFNEP: Unable to annotate to non-existent path (IOPATH (posedge A) Y) of instance testfixture.LBP.READ.U117 of module XOR2XL <../dc/LBP_syn.sdf, line 3934>.
ncelab: *W,SDFNEP: Unable to annotate to non-existent path (IOPATH (negedge A) Y) of instance testfixture.LBP.READ.U117 of module XOR2XL <../dc/LBP_syn.sdf, line 3935>.
ncelab: *W,SDFNEP: Unable to annotate to non-existent path (IOPATH (posedge B) Y) of instance testfixture.LBP.READ.U117 of module XOR2XL <../dc/LBP_syn.sdf, line 3938>.
ncelab: *W,SDFNEP: Unable to annotate to non-existent path (IOPATH (negedge B) Y) of instance testfixture.LBP.READ.U117 of module XOR2XL <../dc/LBP_syn.sdf, line 3939>.
ncelab: *W,SDFNEP: Unable to annotate to non-existent path (IOPATH (posedge A) Y) of instance testfixture.LBP.READ.U116 of module XOR2XL <../dc/LBP_syn.sdf, line 3950>.
ncelab: *W,SDFNEP: Unable to annotate to non-existent path (IOPATH (negedge A) Y) of instance testfixture.LBP.READ.U116 of module XOR2XL <../dc/LBP_syn.sdf, line 3951>.
ncelab: *W,SDFNEP: Unable to annotate to non-existent path (IOPATH (posedge B) Y) of instance testfixture.LBP.READ.U116 of module XOR2XL <../dc/LBP_syn.sdf, line 3954>.
ncelab: *W,SDFNEP: Unable to annotate to non-existent path (IOPATH (negedge B) Y) of instance testfixture.LBP.READ.U116 of module XOR2XL <../dc/LBP_syn.sdf, line 3955>.
ncelab: *W,SDFNEP: Unable to annotate to non-existent path (IOPATH (posedge A) Y) of instance testfixture.LBP.READ.U115 of module XOR2XL <../dc/LBP_syn.sdf, line 3966>.
ncelab: *W,SDFNEP: Unable to annotate to non-existent path (IOPATH (negedge A) Y) of instance testfixture.LBP.READ.U115 of module XOR2XL <../dc/LBP_syn.sdf, line 3967>.
ncelab: *W,SDFNEP: Unable to annotate to non-existent path (IOPATH (posedge B) Y) of instance testfixture.LBP.READ.U115 of module XOR2XL <../dc/LBP_syn.sdf, line 3970>.
ncelab: *W,SDFNEP: Unable to annotate to non-existent path (IOPATH (negedge B) Y) of instance testfixture.LBP.READ.U115 of module XOR2XL <../dc/LBP_syn.sdf, line 3971>.
ncelab: *W,SDFNEP: Unable to annotate to non-existent path (IOPATH (posedge A) Y) of instance testfixture.LBP.READ.U114 of module XOR2XL <../dc/LBP_syn.sdf, line 3982>.
ncelab: *W,SDFNEP: Unable to annotate to non-existent path (IOPATH (negedge A) Y) of instance testfixture.LBP.READ.U114 of module XOR2XL <../dc/LBP_syn.sdf, line 3983>.
ncelab: *W,SDFNEP: Unable to annotate to non-existent path (IOPATH (posedge B) Y) of instance testfixture.LBP.READ.U114 of module XOR2XL <../dc/LBP_syn.sdf, line 3986>.
ncelab: *W,SDFNEP: Unable to annotate to non-existent path (IOPATH (negedge B) Y) of instance testfixture.LBP.READ.U114 of module XOR2XL <../dc/LBP_syn.sdf, line 3987>.
ncelab: *W,SDFNEP: Unable to annotate to non-existent path (IOPATH (posedge A) Y) of instance testfixture.LBP.READ.U113 of module XOR2XL <../dc/LBP_syn.sdf, line 3998>.
ncelab: *W,SDFNEP: Unable to annotate to non-existent path (IOPATH (negedge A) Y) of instance testfixture.LBP.READ.U113 of module XOR2XL <../dc/LBP_syn.sdf, line 3999>.
ncelab: *W,SDFNEP: Unable to annotate to non-existent path (IOPATH (posedge B) Y) of instance testfixture.LBP.READ.U113 of module XOR2XL <../dc/LBP_syn.sdf, line 4002>.
ncelab: *W,SDFNEP: Unable to annotate to non-existent path (IOPATH (negedge B) Y) of instance testfixture.LBP.READ.U113 of module XOR2XL <../dc/LBP_syn.sdf, line 4003>.
ncelab: *W,SDFNEP: Unable to annotate to non-existent path (IOPATH (posedge A) Y) of instance testfixture.LBP.READ.U112 of module XNOR2XL <../dc/LBP_syn.sdf, line 4014>.
ncelab: *W,SDFNEP: Unable to annotate to non-existent path (IOPATH (negedge A) Y) of instance testfixture.LBP.READ.U112 of module XNOR2XL <../dc/LBP_syn.sdf, line 4015>.
ncelab: *W,SDFNEP: Unable to annotate to non-existent path (IOPATH (posedge B) Y) of instance testfixture.LBP.READ.U112 of module XNOR2XL <../dc/LBP_syn.sdf, line 4018>.
ncelab: *W,SDFNEP: Unable to annotate to non-existent path (IOPATH (negedge B) Y) of instance testfixture.LBP.READ.U112 of module XNOR2XL <../dc/LBP_syn.sdf, line 4019>.
ncelab: *W,SDFNEP: Unable to annotate to non-existent path (IOPATH (posedge A) Y) of instance testfixture.LBP.READ.U111 of module XNOR2XL <../dc/LBP_syn.sdf, line 4030>.
ncelab: *W,SDFNEP: Unable to annotate to non-existent path (IOPATH (negedge A) Y) of instance testfixture.LBP.READ.U111 of module XNOR2XL <../dc/LBP_syn.sdf, line 4031>.
ncelab: *W,SDFNEP: Unable to annotate to non-existent path (IOPATH (posedge B) Y) of instance testfixture.LBP.READ.U111 of module XNOR2XL <../dc/LBP_syn.sdf, line 4034>.
ncelab: *W,SDFNEP: Unable to annotate to non-existent path (IOPATH (negedge B) Y) of instance testfixture.LBP.READ.U111 of module XNOR2XL <../dc/LBP_syn.sdf, line 4035>.
ncelab: *W,SDFNEP: Unable to annotate to non-existent path (IOPATH (posedge A) Y) of instance testfixture.LBP.READ.U110 of module XNOR2XL <../dc/LBP_syn.sdf, line 4046>.
ncelab: *W,SDFNEP: Unable to annotate to non-existent path (IOPATH (negedge A) Y) of instance testfixture.LBP.READ.U110 of module XNOR2XL <../dc/LBP_syn.sdf, line 4047>.
ncelab: *W,SDFNEP: Unable to annotate to non-existent path (IOPATH (posedge B) Y) of instance testfixture.LBP.READ.U110 of module XNOR2XL <../dc/LBP_syn.sdf, line 4050>.
ncelab: *W,SDFNEP: Unable to annotate to non-existent path (IOPATH (negedge B) Y) of instance testfixture.LBP.READ.U110 of module XNOR2XL <../dc/LBP_syn.sdf, line 4051>.
ncelab: *W,SDFNEP: Unable to annotate to non-existent path (IOPATH (posedge A) Y) of instance testfixture.LBP.READ.U109 of module XNOR2XL <../dc/LBP_syn.sdf, line 4062>.
ncelab: *W,SDFNEP: Unable to annotate to non-existent path (IOPATH (negedge A) Y) of instance testfixture.LBP.READ.U109 of module XNOR2XL <../dc/LBP_syn.sdf, line 4063>.
ncelab: *W,SDFNEP: Unable to annotate to non-existent path (IOPATH (posedge B) Y) of instance testfixture.LBP.READ.U109 of module XNOR2XL <../dc/LBP_syn.sdf, line 4066>.
ncelab: *W,SDFNEP: Unable to annotate to non-existent path (IOPATH (negedge B) Y) of instance testfixture.LBP.READ.U109 of module XNOR2XL <../dc/LBP_syn.sdf, line 4067>.
ncelab: *W,SDFNEP: Unable to annotate to non-existent path (IOPATH (posedge A) Y) of instance testfixture.LBP.READ.U96 of module XNOR2XL <../dc/LBP_syn.sdf, line 4201>.
ncelab: *W,SDFNEP: Unable to annotate to non-existent path (IOPATH (negedge A) Y) of instance testfixture.LBP.READ.U96 of module XNOR2XL <../dc/LBP_syn.sdf, line 4202>.
ncelab: *W,SDFNEP: Unable to annotate to non-existent path (IOPATH (posedge B) Y) of instance testfixture.LBP.READ.U96 of module XNOR2XL <../dc/LBP_syn.sdf, line 4205>.
ncelab: *W,SDFNEP: Unable to annotate to non-existent path (IOPATH (negedge B) Y) of instance testfixture.LBP.READ.U96 of module XNOR2XL <../dc/LBP_syn.sdf, line 4206>.
ncelab: *W,SDFNEP: Unable to annotate to non-existent path (IOPATH (posedge A) Y) of instance testfixture.LBP.READ.U95 of module XNOR2XL <../dc/LBP_syn.sdf, line 4217>.
ncelab: *W,SDFNEP: Unable to annotate to non-existent path (IOPATH (negedge A) Y) of instance testfixture.LBP.READ.U95 of module XNOR2XL <../dc/LBP_syn.sdf, line 4218>.
ncelab: *W,SDFNEP: Unable to annotate to non-existent path (IOPATH (posedge B) Y) of instance testfixture.LBP.READ.U95 of module XNOR2XL <../dc/LBP_syn.sdf, line 4221>.
ncelab: *W,SDFNEP: Unable to annotate to non-existent path (IOPATH (negedge B) Y) of instance testfixture.LBP.READ.U95 of module XNOR2XL <../dc/LBP_syn.sdf, line 4222>.
ncelab: *W,SDFNEP: Unable to annotate to non-existent path (IOPATH (posedge A) Y) of instance testfixture.LBP.READ.U94 of module XNOR2XL <../dc/LBP_syn.sdf, line 4233>.
ncelab: *W,SDFNEP: Unable to annotate to non-existent path (IOPATH (negedge A) Y) of instance testfixture.LBP.READ.U94 of module XNOR2XL <../dc/LBP_syn.sdf, line 4234>.
ncelab: *W,SDFNEP: Unable to annotate to non-existent path (IOPATH (posedge B) Y) of instance testfixture.LBP.READ.U94 of module XNOR2XL <../dc/LBP_syn.sdf, line 4237>.
ncelab: *W,SDFNEP: Unable to annotate to non-existent path (IOPATH (negedge B) Y) of instance testfixture.LBP.READ.U94 of module XNOR2XL <../dc/LBP_syn.sdf, line 4238>.
ncelab: *W,SDFNEP: Unable to annotate to non-existent path (IOPATH (posedge A) Y) of instance testfixture.LBP.READ.U83 of module XNOR2XL <../dc/LBP_syn.sdf, line 4359>.
ncelab: *W,SDFNEP: Unable to annotate to non-existent path (IOPATH (negedge A) Y) of instance testfixture.LBP.READ.U83 of module XNOR2XL <../dc/LBP_syn.sdf, line 4360>.
ncelab: *W,SDFNEP: Unable to annotate to non-existent path (IOPATH (posedge B) Y) of instance testfixture.LBP.READ.U83 of module XNOR2XL <../dc/LBP_syn.sdf, line 4363>.
ncelab: *W,SDFNEP: Unable to annotate to non-existent path (IOPATH (negedge B) Y) of instance testfixture.LBP.READ.U83 of module XNOR2XL <../dc/LBP_syn.sdf, line 4364>.
ncelab: *W,SDFNEP: Unable to annotate to non-existent path (IOPATH (posedge A) Y) of instance testfixture.LBP.READ.U82 of module XOR2XL <../dc/LBP_syn.sdf, line 4375>.
ncelab: *W,SDFNEP: Unable to annotate to non-existent path (IOPATH (negedge A) Y) of instance testfixture.LBP.READ.U82 of module XOR2XL <../dc/LBP_syn.sdf, line 4376>.
ncelab: *W,SDFNEP: Unable to annotate to non-existent path (IOPATH (posedge B) Y) of instance testfixture.LBP.READ.U82 of module XOR2XL <../dc/LBP_syn.sdf, line 4379>.
ncelab: *W,SDFNEP: Unable to annotate to non-existent path (IOPATH (negedge B) Y) of instance testfixture.LBP.READ.U82 of module XOR2XL <../dc/LBP_syn.sdf, line 4380>.
ncelab: *W,SDFNEP: Unable to annotate to non-existent path (IOPATH (posedge A) Y) of instance testfixture.LBP.READ.U81 of module XNOR2XL <../dc/LBP_syn.sdf, line 4391>.
ncelab: *W,SDFNEP: Unable to annotate to non-existent path (IOPATH (negedge A) Y) of instance testfixture.LBP.READ.U81 of module XNOR2XL <../dc/LBP_syn.sdf, line 4392>.
ncelab: *W,SDFNEP: Unable to annotate to non-existent path (IOPATH (posedge B) Y) of instance testfixture.LBP.READ.U81 of module XNOR2XL <../dc/LBP_syn.sdf, line 4395>.
ncelab: *W,SDFNEP: Unable to annotate to non-existent path (IOPATH (negedge B) Y) of instance testfixture.LBP.READ.U81 of module XNOR2XL <../dc/LBP_syn.sdf, line 4396>.
ncelab: *W,SDFNEP: Unable to annotate to non-existent path (IOPATH (posedge A) Y) of instance testfixture.LBP.READ.U80 of module XOR2XL <../dc/LBP_syn.sdf, line 4407>.
ncelab: *W,SDFNEP: Unable to annotate to non-existent path (IOPATH (negedge A) Y) of instance testfixture.LBP.READ.U80 of module XOR2XL <../dc/LBP_syn.sdf, line 4408>.
ncelab: *W,SDFNEP: Unable to annotate to non-existent path (IOPATH (posedge B) Y) of instance testfixture.LBP.READ.U80 of module XOR2XL <../dc/LBP_syn.sdf, line 4411>.
ncelab: *W,SDFNEP: Unable to annotate to non-existent path (IOPATH (negedge B) Y) of instance testfixture.LBP.READ.U80 of module XOR2XL <../dc/LBP_syn.sdf, line 4412>.
ncelab: *W,SDFNEP: Unable to annotate to non-existent path (IOPATH (posedge A) Y) of instance testfixture.LBP.READ.U76 of module XOR2XL <../dc/LBP_syn.sdf, line 4453>.
ncelab: *W,SDFNEP: Unable to annotate to non-existent path (IOPATH (negedge A) Y) of instance testfixture.LBP.READ.U76 of module XOR2XL <../dc/LBP_syn.sdf, line 4454>.
ncelab: *W,SDFNEP: Unable to annotate to non-existent path (IOPATH (posedge B) Y) of instance testfixture.LBP.READ.U76 of module XOR2XL <../dc/LBP_syn.sdf, line 4457>.
ncelab: *W,SDFNEP: Unable to annotate to non-existent path (IOPATH (negedge B) Y) of instance testfixture.LBP.READ.U76 of module XOR2XL <../dc/LBP_syn.sdf, line 4458>.
ncelab: *W,SDFNEP: Unable to annotate to non-existent path (IOPATH (posedge A) Y) of instance testfixture.LBP.READ.U72 of module XOR2XL <../dc/LBP_syn.sdf, line 4499>.
ncelab: *W,SDFNEP: Unable to annotate to non-existent path (IOPATH (negedge A) Y) of instance testfixture.LBP.READ.U72 of module XOR2XL <../dc/LBP_syn.sdf, line 4500>.
ncelab: *W,SDFNEP: Unable to annotate to non-existent path (IOPATH (posedge B) Y) of instance testfixture.LBP.READ.U72 of module XOR2XL <../dc/LBP_syn.sdf, line 4503>.
ncelab: *W,SDFNEP: Unable to annotate to non-existent path (IOPATH (negedge B) Y) of instance testfixture.LBP.READ.U72 of module XOR2XL <../dc/LBP_syn.sdf, line 4504>.
ncelab: *W,SDFNEP: Unable to annotate to non-existent path (IOPATH (posedge A) Y) of instance testfixture.LBP.READ.U71 of module XOR2XL <../dc/LBP_syn.sdf, line 4515>.
ncelab: *W,SDFNEP: Unable to annotate to non-existent path (IOPATH (negedge A) Y) of instance testfixture.LBP.READ.U71 of module XOR2XL <../dc/LBP_syn.sdf, line 4516>.
ncelab: *W,SDFNEP: Unable to annotate to non-existent path (IOPATH (posedge B) Y) of instance testfixture.LBP.READ.U71 of module XOR2XL <../dc/LBP_syn.sdf, line 4519>.
ncelab: *W,SDFNEP: Unable to annotate to non-existent path (IOPATH (negedge B) Y) of instance testfixture.LBP.READ.U71 of module XOR2XL <../dc/LBP_syn.sdf, line 4520>.
ncelab: *W,SDFNEP: Unable to annotate to non-existent path (IOPATH (posedge A) Y) of instance testfixture.LBP.READ.U65 of module XNOR2XL <../dc/LBP_syn.sdf, line 4581>.
ncelab: *W,SDFNEP: Unable to annotate to non-existent path (IOPATH (negedge A) Y) of instance testfixture.LBP.READ.U65 of module XNOR2XL <../dc/LBP_syn.sdf, line 4582>.
ncelab: *W,SDFNEP: Unable to annotate to non-existent path (IOPATH (posedge B) Y) of instance testfixture.LBP.READ.U65 of module XNOR2XL <../dc/LBP_syn.sdf, line 4585>.
ncelab: *W,SDFNEP: Unable to annotate to non-existent path (IOPATH (negedge B) Y) of instance testfixture.LBP.READ.U65 of module XNOR2XL <../dc/LBP_syn.sdf, line 4586>.
ncelab: *W,SDFNEP: Unable to annotate to non-existent path (IOPATH (posedge A) Y) of instance testfixture.LBP.READ.U61 of module XNOR2XL <../dc/LBP_syn.sdf, line 4627>.
ncelab: *W,SDFNEP: Unable to annotate to non-existent path (IOPATH (negedge A) Y) of instance testfixture.LBP.READ.U61 of module XNOR2XL <../dc/LBP_syn.sdf, line 4628>.
ncelab: *W,SDFNEP: Unable to annotate to non-existent path (IOPATH (posedge B) Y) of instance testfixture.LBP.READ.U61 of module XNOR2XL <../dc/LBP_syn.sdf, line 4631>.
ncelab: *W,SDFNEP: Unable to annotate to non-existent path (IOPATH (negedge B) Y) of instance testfixture.LBP.READ.U61 of module XNOR2XL <../dc/LBP_syn.sdf, line 4632>.
ncelab: *W,SDFNEP: Unable to annotate to non-existent path (IOPATH (posedge A) Y) of instance testfixture.LBP.READ.U57 of module XNOR2XL <../dc/LBP_syn.sdf, line 4673>.
ncelab: *W,SDFNEP: Unable to annotate to non-existent path (IOPATH (negedge A) Y) of instance testfixture.LBP.READ.U57 of module XNOR2XL <../dc/LBP_syn.sdf, line 4674>.
ncelab: *W,SDFNEP: Unable to annotate to non-existent path (IOPATH (posedge B) Y) of instance testfixture.LBP.READ.U57 of module XNOR2XL <../dc/LBP_syn.sdf, line 4677>.
ncelab: *W,SDFNEP: Unable to annotate to non-existent path (IOPATH (negedge B) Y) of instance testfixture.LBP.READ.U57 of module XNOR2XL <../dc/LBP_syn.sdf, line 4678>.
ncelab: *W,SDFNEP: Unable to annotate to non-existent path (IOPATH (posedge A) Y) of instance testfixture.LBP.READ.U53 of module XNOR2XL <../dc/LBP_syn.sdf, line 4719>.
ncelab: *W,SDFNEP: Unable to annotate to non-existent path (IOPATH (negedge A) Y) of instance testfixture.LBP.READ.U53 of module XNOR2XL <../dc/LBP_syn.sdf, line 4720>.
ncelab: *W,SDFNEP: Unable to annotate to non-existent path (IOPATH (posedge B) Y) of instance testfixture.LBP.READ.U53 of module XNOR2XL <../dc/LBP_syn.sdf, line 4723>.
ncelab: *W,SDFNEP: Unable to annotate to non-existent path (IOPATH (negedge B) Y) of instance testfixture.LBP.READ.U53 of module XNOR2XL <../dc/LBP_syn.sdf, line 4724>.
ncelab: *W,SDFNEP: Unable to annotate to non-existent path (IOPATH (posedge A) Y) of instance testfixture.LBP.READ.U39 of module XNOR2XL <../dc/LBP_syn.sdf, line 4857>.
ncelab: *W,SDFNEP: Unable to annotate to non-existent path (IOPATH (negedge A) Y) of instance testfixture.LBP.READ.U39 of module XNOR2XL <../dc/LBP_syn.sdf, line 4858>.
ncelab: *W,SDFNEP: Unable to annotate to non-existent path (IOPATH (posedge B) Y) of instance testfixture.LBP.READ.U39 of module XNOR2XL <../dc/LBP_syn.sdf, line 4861>.
ncelab: *W,SDFNEP: Unable to annotate to non-existent path (IOPATH (negedge B) Y) of instance testfixture.LBP.READ.U39 of module XNOR2XL <../dc/LBP_syn.sdf, line 4862>.
ncelab: *W,SDFNEP: Unable to annotate to non-existent path (IOPATH (posedge A) Y) of instance testfixture.LBP.CONTROL.add_115.U2 of module XOR2X1 <../dc/LBP_syn.sdf, line 5761>.
ncelab: *W,SDFNEP: Unable to annotate to non-existent path (IOPATH (negedge A) Y) of instance testfixture.LBP.CONTROL.add_115.U2 of module XOR2X1 <../dc/LBP_syn.sdf, line 5762>.
ncelab: *W,SDFNEP: Unable to annotate to non-existent path (IOPATH (posedge B) Y) of instance testfixture.LBP.CONTROL.add_115.U2 of module XOR2X1 <../dc/LBP_syn.sdf, line 5765>.
ncelab: *W,SDFNEP: Unable to annotate to non-existent path (IOPATH (negedge B) Y) of instance testfixture.LBP.CONTROL.add_115.U2 of module XOR2X1 <../dc/LBP_syn.sdf, line 5766>.
ncelab: *W,SDFNEP: Unable to annotate to non-existent path (IOPATH (posedge A) S) of instance testfixture.LBP.CONTROL.add_115.U1_1_7 of module ADDHXL <../dc/LBP_syn.sdf, line 5788>.
ncelab: *W,SDFNEP: Unable to annotate to non-existent path (IOPATH (negedge A) S) of instance testfixture.LBP.CONTROL.add_115.U1_1_7 of module ADDHXL <../dc/LBP_syn.sdf, line 5789>.
ncelab: *W,SDFNEP: Unable to annotate to non-existent path (IOPATH (posedge B) S) of instance testfixture.LBP.CONTROL.add_115.U1_1_7 of module ADDHXL <../dc/LBP_syn.sdf, line 5792>.
ncelab: *W,SDFNEP: Unable to annotate to non-existent path (IOPATH (negedge B) S) of instance testfixture.LBP.CONTROL.add_115.U1_1_7 of module ADDHXL <../dc/LBP_syn.sdf, line 5793>.
ncelab: *W,SDFNEP: Unable to annotate to non-existent path (IOPATH (posedge A) S) of instance testfixture.LBP.CONTROL.add_115.U1_1_9 of module ADDHXL <../dc/LBP_syn.sdf, line 5806>.
ncelab: *W,SDFNEP: Unable to annotate to non-existent path (IOPATH (negedge A) S) of instance testfixture.LBP.CONTROL.add_115.U1_1_9 of module ADDHXL <../dc/LBP_syn.sdf, line 5807>.
ncelab: *W,SDFNEP: Unable to annotate to non-existent path (IOPATH (posedge B) S) of instance testfixture.LBP.CONTROL.add_115.U1_1_9 of module ADDHXL <../dc/LBP_syn.sdf, line 5810>.
ncelab: *W,SDFNEP: Unable to annotate to non-existent path (IOPATH (negedge B) S) of instance testfixture.LBP.CONTROL.add_115.U1_1_9 of module ADDHXL <../dc/LBP_syn.sdf, line 5811>.
ncelab: *W,SDFNEP: Unable to annotate to non-existent path (IOPATH (posedge A) S) of instance testfixture.LBP.CONTROL.add_115.U1_1_8 of module ADDHXL <../dc/LBP_syn.sdf, line 5824>.
ncelab: *W,SDFNEP: Unable to annotate to non-existent path (IOPATH (negedge A) S) of instance testfixture.LBP.CONTROL.add_115.U1_1_8 of module ADDHXL <../dc/LBP_syn.sdf, line 5825>.
ncelab: *W,SDFNEP: Unable to annotate to non-existent path (IOPATH (posedge B) S) of instance testfixture.LBP.CONTROL.add_115.U1_1_8 of module ADDHXL <../dc/LBP_syn.sdf, line 5828>.
ncelab: *W,SDFNEP: Unable to annotate to non-existent path (IOPATH (negedge B) S) of instance testfixture.LBP.CONTROL.add_115.U1_1_8 of module ADDHXL <../dc/LBP_syn.sdf, line 5829>.
ncelab: *W,SDFNEP: Unable to annotate to non-existent path (IOPATH (posedge A) S) of instance testfixture.LBP.CONTROL.add_115.U1_1_10 of module ADDHXL <../dc/LBP_syn.sdf, line 5842>.
ncelab: *W,SDFNEP: Unable to annotate to non-existent path (IOPATH (negedge A) S) of instance testfixture.LBP.CONTROL.add_115.U1_1_10 of module ADDHXL <../dc/LBP_syn.sdf, line 5843>.
ncelab: *W,SDFNEP: Unable to annotate to non-existent path (IOPATH (posedge B) S) of instance testfixture.LBP.CONTROL.add_115.U1_1_10 of module ADDHXL <../dc/LBP_syn.sdf, line 5846>.
ncelab: *W,SDFNEP: Unable to annotate to non-existent path (IOPATH (negedge B) S) of instance testfixture.LBP.CONTROL.add_115.U1_1_10 of module ADDHXL <../dc/LBP_syn.sdf, line 5847>.
ncelab: *W,SDFNEP: Unable to annotate to non-existent path (IOPATH (posedge A) S) of instance testfixture.LBP.CONTROL.add_115.U1_1_11 of module ADDHXL <../dc/LBP_syn.sdf, line 5860>.
ncelab: *W,SDFNEP: Unable to annotate to non-existent path (IOPATH (negedge A) S) of instance testfixture.LBP.CONTROL.add_115.U1_1_11 of module ADDHXL <../dc/LBP_syn.sdf, line 5861>.
ncelab: *W,SDFNEP: Unable to annotate to non-existent path (IOPATH (posedge B) S) of instance testfixture.LBP.CONTROL.add_115.U1_1_11 of module ADDHXL <../dc/LBP_syn.sdf, line 5864>.
ncelab: *W,SDFNEP: Unable to annotate to non-existent path (IOPATH (negedge B) S) of instance testfixture.LBP.CONTROL.add_115.U1_1_11 of module ADDHXL <../dc/LBP_syn.sdf, line 5865>.
ncelab: *W,SDFNEP: Unable to annotate to non-existent path (IOPATH (posedge A) S) of instance testfixture.LBP.CONTROL.add_115.U1_1_2 of module ADDHXL <../dc/LBP_syn.sdf, line 5878>.
ncelab: *W,SDFNEP: Unable to annotate to non-existent path (IOPATH (negedge A) S) of instance testfixture.LBP.CONTROL.add_115.U1_1_2 of module ADDHXL <../dc/LBP_syn.sdf, line 5879>.
ncelab: *W,SDFNEP: Unable to annotate to non-existent path (IOPATH (posedge B) S) of instance testfixture.LBP.CONTROL.add_115.U1_1_2 of module ADDHXL <../dc/LBP_syn.sdf, line 5882>.
ncelab: *W,SDFNEP: Unable to annotate to non-existent path (IOPATH (negedge B) S) of instance testfixture.LBP.CONTROL.add_115.U1_1_2 of module ADDHXL <../dc/LBP_syn.sdf, line 5883>.
ncelab: *W,SDFNEP: Unable to annotate to non-existent path (IOPATH (posedge A) S) of instance testfixture.LBP.CONTROL.add_115.U1_1_3 of module ADDHXL <../dc/LBP_syn.sdf, line 5896>.
ncelab: *W,SDFNEP: Unable to annotate to non-existent path (IOPATH (negedge A) S) of instance testfixture.LBP.CONTROL.add_115.U1_1_3 of module ADDHXL <../dc/LBP_syn.sdf, line 5897>.
ncelab: *W,SDFNEP: Unable to annotate to non-existent path (IOPATH (posedge B) S) of instance testfixture.LBP.CONTROL.add_115.U1_1_3 of module ADDHXL <../dc/LBP_syn.sdf, line 5900>.
ncelab: *W,SDFNEP: Unable to annotate to non-existent path (IOPATH (negedge B) S) of instance testfixture.LBP.CONTROL.add_115.U1_1_3 of module ADDHXL <../dc/LBP_syn.sdf, line 5901>.
ncelab: *W,SDFNEP: Unable to annotate to non-existent path (IOPATH (posedge A) S) of instance testfixture.LBP.CONTROL.add_115.U1_1_4 of module ADDHXL <../dc/LBP_syn.sdf, line 5914>.
ncelab: *W,SDFNEP: Unable to annotate to non-existent path (IOPATH (negedge A) S) of instance testfixture.LBP.CONTROL.add_115.U1_1_4 of module ADDHXL <../dc/LBP_syn.sdf, line 5915>.
ncelab: *W,SDFNEP: Unable to annotate to non-existent path (IOPATH (posedge B) S) of instance testfixture.LBP.CONTROL.add_115.U1_1_4 of module ADDHXL <../dc/LBP_syn.sdf, line 5918>.
ncelab: *W,SDFNEP: Unable to annotate to non-existent path (IOPATH (negedge B) S) of instance testfixture.LBP.CONTROL.add_115.U1_1_4 of module ADDHXL <../dc/LBP_syn.sdf, line 5919>.
ncelab: *W,SDFNEP: Unable to annotate to non-existent path (IOPATH (posedge A) S) of instance testfixture.LBP.CONTROL.add_115.U1_1_5 of module ADDHXL <../dc/LBP_syn.sdf, line 5932>.
ncelab: *W,SDFNEP: Unable to annotate to non-existent path (IOPATH (negedge A) S) of instance testfixture.LBP.CONTROL.add_115.U1_1_5 of module ADDHXL <../dc/LBP_syn.sdf, line 5933>.
ncelab: *W,SDFNEP: Unable to annotate to non-existent path (IOPATH (posedge B) S) of instance testfixture.LBP.CONTROL.add_115.U1_1_5 of module ADDHXL <../dc/LBP_syn.sdf, line 5936>.
ncelab: *W,SDFNEP: Unable to annotate to non-existent path (IOPATH (negedge B) S) of instance testfixture.LBP.CONTROL.add_115.U1_1_5 of module ADDHXL <../dc/LBP_syn.sdf, line 5937>.
ncelab: *W,SDFNEP: Unable to annotate to non-existent path (IOPATH (posedge A) S) of instance testfixture.LBP.CONTROL.add_115.U1_1_6 of module ADDHXL <../dc/LBP_syn.sdf, line 5950>.
ncelab: *W,SDFNEP: Unable to annotate to non-existent path (IOPATH (negedge A) S) of instance testfixture.LBP.CONTROL.add_115.U1_1_6 of module ADDHXL <../dc/LBP_syn.sdf, line 5951>.
ncelab: *W,SDFNEP: Unable to annotate to non-existent path (IOPATH (posedge B) S) of instance testfixture.LBP.CONTROL.add_115.U1_1_6 of module ADDHXL <../dc/LBP_syn.sdf, line 5954>.
ncelab: *W,SDFNEP: Unable to annotate to non-existent path (IOPATH (negedge B) S) of instance testfixture.LBP.CONTROL.add_115.U1_1_6 of module ADDHXL <../dc/LBP_syn.sdf, line 5955>.
ncelab: *W,SDFNEP: Unable to annotate to non-existent path (IOPATH (posedge A) S) of instance testfixture.LBP.CONTROL.add_115.U1_1_1 of module ADDHXL <../dc/LBP_syn.sdf, line 5968>.
ncelab: *W,SDFNEP: Unable to annotate to non-existent path (IOPATH (negedge A) S) of instance testfixture.LBP.CONTROL.add_115.U1_1_1 of module ADDHXL <../dc/LBP_syn.sdf, line 5969>.
ncelab: *W,SDFNEP: Unable to annotate to non-existent path (IOPATH (posedge B) S) of instance testfixture.LBP.CONTROL.add_115.U1_1_1 of module ADDHXL <../dc/LBP_syn.sdf, line 5972>.
ncelab: *W,SDFNEP: Unable to annotate to non-existent path (IOPATH (negedge B) S) of instance testfixture.LBP.CONTROL.add_115.U1_1_1 of module ADDHXL <../dc/LBP_syn.sdf, line 5973>.
ncelab: *W,SDFNEP: Unable to annotate to non-existent path (IOPATH (posedge A) S) of instance testfixture.LBP.CONTROL.add_115.U1_1_12 of module ADDHXL <../dc/LBP_syn.sdf, line 5986>.
ncelab: *W,SDFNEP: Unable to annotate to non-existent path (IOPATH (negedge A) S) of instance testfixture.LBP.CONTROL.add_115.U1_1_12 of module ADDHXL <../dc/LBP_syn.sdf, line 5987>.
ncelab: *W,SDFNEP: Unable to annotate to non-existent path (IOPATH (posedge B) S) of instance testfixture.LBP.CONTROL.add_115.U1_1_12 of module ADDHXL <../dc/LBP_syn.sdf, line 5990>.
ncelab: *W,SDFNEP: Unable to annotate to non-existent path (IOPATH (negedge B) S) of instance testfixture.LBP.CONTROL.add_115.U1_1_12 of module ADDHXL <../dc/LBP_syn.sdf, line 5991>.
ncelab: *W,SDFNEP: Unable to annotate to non-existent path (IOPATH (posedge A) Y) of instance testfixture.LBP.CONTROL.add_122.U1 of module XOR2X1 <../dc/LBP_syn.sdf, line 6011>.
ncelab: *W,SDFNEP: Unable to annotate to non-existent path (IOPATH (negedge A) Y) of instance testfixture.LBP.CONTROL.add_122.U1 of module XOR2X1 <../dc/LBP_syn.sdf, line 6012>.
ncelab: *W,SDFNEP: Unable to annotate to non-existent path (IOPATH (posedge B) Y) of instance testfixture.LBP.CONTROL.add_122.U1 of module XOR2X1 <../dc/LBP_syn.sdf, line 6015>.
ncelab: *W,SDFNEP: Unable to annotate to non-existent path (IOPATH (negedge B) Y) of instance testfixture.LBP.CONTROL.add_122.U1 of module XOR2X1 <../dc/LBP_syn.sdf, line 6016>.
ncelab: *W,SDFNEP: Unable to annotate to non-existent path (IOPATH (posedge A) S) of instance testfixture.LBP.CONTROL.add_122.U1_1_4 of module ADDHXL <../dc/LBP_syn.sdf, line 6029>.
ncelab: *W,SDFNEP: Unable to annotate to non-existent path (IOPATH (negedge A) S) of instance testfixture.LBP.CONTROL.add_122.U1_1_4 of module ADDHXL <../dc/LBP_syn.sdf, line 6030>.
ncelab: *W,SDFNEP: Unable to annotate to non-existent path (IOPATH (posedge B) S) of instance testfixture.LBP.CONTROL.add_122.U1_1_4 of module ADDHXL <../dc/LBP_syn.sdf, line 6033>.
ncelab: *W,SDFNEP: Unable to annotate to non-existent path (IOPATH (negedge B) S) of instance testfixture.LBP.CONTROL.add_122.U1_1_4 of module ADDHXL <../dc/LBP_syn.sdf, line 6034>.
ncelab: *W,SDFNEP: Unable to annotate to non-existent path (IOPATH (posedge A) S) of instance testfixture.LBP.CONTROL.add_122.U1_1_5 of module ADDHXL <../dc/LBP_syn.sdf, line 6047>.
ncelab: *W,SDFNEP: Unable to annotate to non-existent path (IOPATH (negedge A) S) of instance testfixture.LBP.CONTROL.add_122.U1_1_5 of module ADDHXL <../dc/LBP_syn.sdf, line 6048>.
ncelab: *W,SDFNEP: Unable to annotate to non-existent path (IOPATH (posedge B) S) of instance testfixture.LBP.CONTROL.add_122.U1_1_5 of module ADDHXL <../dc/LBP_syn.sdf, line 6051>.
ncelab: *W,SDFNEP: Unable to annotate to non-existent path (IOPATH (negedge B) S) of instance testfixture.LBP.CONTROL.add_122.U1_1_5 of module ADDHXL <../dc/LBP_syn.sdf, line 6052>.
ncelab: *W,SDFNEP: Unable to annotate to non-existent path (IOPATH (posedge A) S) of instance testfixture.LBP.CONTROL.add_122.U1_1_1 of module ADDHXL <../dc/LBP_syn.sdf, line 6065>.
ncelab: *W,SDFNEP: Unable to annotate to non-existent path (IOPATH (negedge A) S) of instance testfixture.LBP.CONTROL.add_122.U1_1_1 of module ADDHXL <../dc/LBP_syn.sdf, line 6066>.
ncelab: *W,SDFNEP: Unable to annotate to non-existent path (IOPATH (posedge B) S) of instance testfixture.LBP.CONTROL.add_122.U1_1_1 of module ADDHXL <../dc/LBP_syn.sdf, line 6069>.
ncelab: *W,SDFNEP: Unable to annotate to non-existent path (IOPATH (negedge B) S) of instance testfixture.LBP.CONTROL.add_122.U1_1_1 of module ADDHXL <../dc/LBP_syn.sdf, line 6070>.
ncelab: *W,SDFNEP: Unable to annotate to non-existent path (IOPATH (posedge A) S) of instance testfixture.LBP.CONTROL.add_122.U1_1_2 of module ADDHXL <../dc/LBP_syn.sdf, line 6083>.
ncelab: *W,SDFNEP: Unable to annotate to non-existent path (IOPATH (negedge A) S) of instance testfixture.LBP.CONTROL.add_122.U1_1_2 of module ADDHXL <../dc/LBP_syn.sdf, line 6084>.
ncelab: *W,SDFNEP: Unable to annotate to non-existent path (IOPATH (posedge B) S) of instance testfixture.LBP.CONTROL.add_122.U1_1_2 of module ADDHXL <../dc/LBP_syn.sdf, line 6087>.
ncelab: *W,SDFNEP: Unable to annotate to non-existent path (IOPATH (negedge B) S) of instance testfixture.LBP.CONTROL.add_122.U1_1_2 of module ADDHXL <../dc/LBP_syn.sdf, line 6088>.
ncelab: *W,SDFNEP: Unable to annotate to non-existent path (IOPATH (posedge A) S) of instance testfixture.LBP.CONTROL.add_122.U1_1_3 of module ADDHXL <../dc/LBP_syn.sdf, line 6101>.
ncelab: *W,SDFNEP: Unable to annotate to non-existent path (IOPATH (negedge A) S) of instance testfixture.LBP.CONTROL.add_122.U1_1_3 of module ADDHXL <../dc/LBP_syn.sdf, line 6102>.
ncelab: *W,SDFNEP: Unable to annotate to non-existent path (IOPATH (posedge B) S) of instance testfixture.LBP.CONTROL.add_122.U1_1_3 of module ADDHXL <../dc/LBP_syn.sdf, line 6105>.
ncelab: *W,SDFNEP: Unable to annotate to non-existent path (IOPATH (negedge B) S) of instance testfixture.LBP.CONTROL.add_122.U1_1_3 of module ADDHXL <../dc/LBP_syn.sdf, line 6106>.
ncelab: *W,SDFNEP: Unable to annotate to non-existent path (IOPATH (posedge A) Y) of instance testfixture.LBP.CONTROL.U110 of module XNOR2X1 <../dc/LBP_syn.sdf, line 6117>.
ncelab: *W,SDFNEP: Unable to annotate to non-existent path (IOPATH (negedge A) Y) of instance testfixture.LBP.CONTROL.U110 of module XNOR2X1 <../dc/LBP_syn.sdf, line 6118>.
ncelab: *W,SDFNEP: Unable to annotate to non-existent path (IOPATH (posedge B) Y) of instance testfixture.LBP.CONTROL.U110 of module XNOR2X1 <../dc/LBP_syn.sdf, line 6121>.
ncelab: *W,SDFNEP: Unable to annotate to non-existent path (IOPATH (negedge B) Y) of instance testfixture.LBP.CONTROL.U110 of module XNOR2X1 <../dc/LBP_syn.sdf, line 6122>.
ncelab: *W,SDFNEP: Unable to annotate to non-existent path (IOPATH (posedge A) Y) of instance testfixture.LBP.CONTROL.U109 of module XOR2X1 <../dc/LBP_syn.sdf, line 6133>.
ncelab: *W,SDFNEP: Unable to annotate to non-existent path (IOPATH (negedge A) Y) of instance testfixture.LBP.CONTROL.U109 of module XOR2X1 <../dc/LBP_syn.sdf, line 6134>.
ncelab: *W,SDFNEP: Unable to annotate to non-existent path (IOPATH (posedge B) Y) of instance testfixture.LBP.CONTROL.U109 of module XOR2X1 <../dc/LBP_syn.sdf, line 6137>.
ncelab: *W,SDFNEP: Unable to annotate to non-existent path (IOPATH (negedge B) Y) of instance testfixture.LBP.CONTROL.U109 of module XOR2X1 <../dc/LBP_syn.sdf, line 6138>.
ncelab: *W,SDFNEP: Unable to annotate to non-existent path (IOPATH (posedge A) Y) of instance testfixture.LBP.CONTROL.U108 of module XOR2X1 <../dc/LBP_syn.sdf, line 6149>.
ncelab: *W,SDFNEP: Unable to annotate to non-existent path (IOPATH (negedge A) Y) of instance testfixture.LBP.CONTROL.U108 of module XOR2X1 <../dc/LBP_syn.sdf, line 6150>.
ncelab: *W,SDFNEP: Unable to annotate to non-existent path (IOPATH (posedge B) Y) of instance testfixture.LBP.CONTROL.U108 of module XOR2X1 <../dc/LBP_syn.sdf, line 6153>.
ncelab: *W,SDFNEP: Unable to annotate to non-existent path (IOPATH (negedge B) Y) of instance testfixture.LBP.CONTROL.U108 of module XOR2X1 <../dc/LBP_syn.sdf, line 6154>.
ncelab: *W,SDFNEP: Unable to annotate to non-existent path (IOPATH (posedge A) Y) of instance testfixture.LBP.CONTROL.U28 of module XOR2XL <../dc/LBP_syn.sdf, line 7019>.
ncelab: *W,SDFNEP: Unable to annotate to non-existent path (IOPATH (negedge A) Y) of instance testfixture.LBP.CONTROL.U28 of module XOR2XL <../dc/LBP_syn.sdf, line 7020>.
ncelab: *W,SDFNEP: Unable to annotate to non-existent path (IOPATH (posedge B) Y) of instance testfixture.LBP.CONTROL.U28 of module XOR2XL <../dc/LBP_syn.sdf, line 7023>.
ncelab: *W,SDFNEP: Unable to annotate to non-existent path (IOPATH (negedge B) Y) of instance testfixture.LBP.CONTROL.U28 of module XOR2XL <../dc/LBP_syn.sdf, line 7024>.
ncelab: *W,SDFNEP: Unable to annotate to non-existent path (IOPATH (posedge A) Y) of instance testfixture.LBP.CONTROL.U26 of module XOR2XL <../dc/LBP_syn.sdf, line 7035>.
ncelab: *W,SDFNEP: Unable to annotate to non-existent path (IOPATH (negedge A) Y) of instance testfixture.LBP.CONTROL.U26 of module XOR2XL <../dc/LBP_syn.sdf, line 7036>.
ncelab: *W,SDFNEP: Unable to annotate to non-existent path (IOPATH (posedge B) Y) of instance testfixture.LBP.CONTROL.U26 of module XOR2XL <../dc/LBP_syn.sdf, line 7039>.
ncelab: *W,SDFNEP: Unable to annotate to non-existent path (IOPATH (negedge B) Y) of instance testfixture.LBP.CONTROL.U26 of module XOR2XL <../dc/LBP_syn.sdf, line 7040>.
ncelab: *W,SDFNEP: Unable to annotate to non-existent path (IOPATH (posedge A) Y) of instance testfixture.LBP.CONTROL.U24 of module XOR2XL <../dc/LBP_syn.sdf, line 7060>.
ncelab: *W,SDFNEP: Unable to annotate to non-existent path (IOPATH (negedge A) Y) of instance testfixture.LBP.CONTROL.U24 of module XOR2XL <../dc/LBP_syn.sdf, line 7061>.
ncelab: *W,SDFNEP: Unable to annotate to non-existent path (IOPATH (posedge B) Y) of instance testfixture.LBP.CONTROL.U24 of module XOR2XL <../dc/LBP_syn.sdf, line 7064>.
ncelab: *W,SDFNEP: Unable to annotate to non-existent path (IOPATH (negedge B) Y) of instance testfixture.LBP.CONTROL.U24 of module XOR2XL <../dc/LBP_syn.sdf, line 7065>.
ncelab: *W,SDFNEP: Unable to annotate to non-existent path (IOPATH (posedge A) Y) of instance testfixture.LBP.CONTROL.U22 of module XOR2XL <../dc/LBP_syn.sdf, line 7085>.
ncelab: *W,SDFNEP: Unable to annotate to non-existent path (IOPATH (negedge A) Y) of instance testfixture.LBP.CONTROL.U22 of module XOR2XL <../dc/LBP_syn.sdf, line 7086>.
ncelab: *W,SDFNEP: Unable to annotate to non-existent path (IOPATH (posedge B) Y) of instance testfixture.LBP.CONTROL.U22 of module XOR2XL <../dc/LBP_syn.sdf, line 7089>.
ncelab: *W,SDFNEP: Unable to annotate to non-existent path (IOPATH (negedge B) Y) of instance testfixture.LBP.CONTROL.U22 of module XOR2XL <../dc/LBP_syn.sdf, line 7090>.
ncelab: *W,SDFNEP: Unable to annotate to non-existent path (IOPATH (posedge A) Y) of instance testfixture.LBP.CONTROL.U20 of module XOR2XL <../dc/LBP_syn.sdf, line 7110>.
ncelab: *W,SDFNEP: Unable to annotate to non-existent path (IOPATH (negedge A) Y) of instance testfixture.LBP.CONTROL.U20 of module XOR2XL <../dc/LBP_syn.sdf, line 7111>.
ncelab: *W,SDFNEP: Unable to annotate to non-existent path (IOPATH (posedge B) Y) of instance testfixture.LBP.CONTROL.U20 of module XOR2XL <../dc/LBP_syn.sdf, line 7114>.
ncelab: *W,SDFNEP: Unable to annotate to non-existent path (IOPATH (negedge B) Y) of instance testfixture.LBP.CONTROL.U20 of module XOR2XL <../dc/LBP_syn.sdf, line 7115>.
ncelab: *W,SDFNEP: Unable to annotate to non-existent path (IOPATH (posedge A) Y) of instance testfixture.LBP.CONTROL.U18 of module XOR2XL <../dc/LBP_syn.sdf, line 7135>.
ncelab: *W,SDFNEP: Unable to annotate to non-existent path (IOPATH (negedge A) Y) of instance testfixture.LBP.CONTROL.U18 of module XOR2XL <../dc/LBP_syn.sdf, line 7136>.
ncelab: *W,SDFNEP: Unable to annotate to non-existent path (IOPATH (posedge B) Y) of instance testfixture.LBP.CONTROL.U18 of module XOR2XL <../dc/LBP_syn.sdf, line 7139>.
ncelab: *W,SDFNEP: Unable to annotate to non-existent path (IOPATH (negedge B) Y) of instance testfixture.LBP.CONTROL.U18 of module XOR2XL <../dc/LBP_syn.sdf, line 7140>.
ncelab: *W,SDFNEP: Unable to annotate to non-existent path (IOPATH (posedge A) Y) of instance testfixture.LBP.CONTROL.U17 of module XOR2XL <../dc/LBP_syn.sdf, line 7151>.
ncelab: *W,SDFNEP: Unable to annotate to non-existent path (IOPATH (negedge A) Y) of instance testfixture.LBP.CONTROL.U17 of module XOR2XL <../dc/LBP_syn.sdf, line 7152>.
ncelab: *W,SDFNEP: Unable to annotate to non-existent path (IOPATH (posedge B) Y) of instance testfixture.LBP.CONTROL.U17 of module XOR2XL <../dc/LBP_syn.sdf, line 7155>.
ncelab: *W,SDFNEP: Unable to annotate to non-existent path (IOPATH (negedge B) Y) of instance testfixture.LBP.CONTROL.U17 of module XOR2XL <../dc/LBP_syn.sdf, line 7156>.
ncelab: *W,SDFNEP: Unable to annotate to non-existent path (IOPATH (posedge A) Y) of instance testfixture.LBP.CONTROL.U16 of module XOR2XL <../dc/LBP_syn.sdf, line 7167>.
ncelab: *W,SDFNEP: Unable to annotate to non-existent path (IOPATH (negedge A) Y) of instance testfixture.LBP.CONTROL.U16 of module XOR2XL <../dc/LBP_syn.sdf, line 7168>.
ncelab: *W,SDFNEP: Unable to annotate to non-existent path (IOPATH (posedge B) Y) of instance testfixture.LBP.CONTROL.U16 of module XOR2XL <../dc/LBP_syn.sdf, line 7171>.
ncelab: *W,SDFNEP: Unable to annotate to non-existent path (IOPATH (negedge B) Y) of instance testfixture.LBP.CONTROL.U16 of module XOR2XL <../dc/LBP_syn.sdf, line 7172>.
ncelab: *W,SDFNEP: Unable to annotate to non-existent path (IOPATH (posedge A) Y) of instance testfixture.LBP.CONTROL.U15 of module XOR2XL <../dc/LBP_syn.sdf, line 7183>.
ncelab: *W,SDFNEP: Unable to annotate to non-existent path (IOPATH (negedge A) Y) of instance testfixture.LBP.CONTROL.U15 of module XOR2XL <../dc/LBP_syn.sdf, line 7184>.
ncelab: *W,SDFNEP: Unable to annotate to non-existent path (IOPATH (posedge B) Y) of instance testfixture.LBP.CONTROL.U15 of module XOR2XL <../dc/LBP_syn.sdf, line 7187>.
ncelab: *W,SDFNEP: Unable to annotate to non-existent path (IOPATH (negedge B) Y) of instance testfixture.LBP.CONTROL.U15 of module XOR2XL <../dc/LBP_syn.sdf, line 7188>.
ncelab: *W,SDFNEP: Unable to annotate to non-existent path (IOPATH (posedge A) Y) of instance testfixture.LBP.CONTROL.U12 of module XOR2XL <../dc/LBP_syn.sdf, line 7219>.
ncelab: *W,SDFNEP: Unable to annotate to non-existent path (IOPATH (negedge A) Y) of instance testfixture.LBP.CONTROL.U12 of module XOR2XL <../dc/LBP_syn.sdf, line 7220>.
ncelab: *W,SDFNEP: Unable to annotate to non-existent path (IOPATH (posedge B) Y) of instance testfixture.LBP.CONTROL.U12 of module XOR2XL <../dc/LBP_syn.sdf, line 7223>.
ncelab: *W,SDFNEP: Unable to annotate to non-existent path (IOPATH (negedge B) Y) of instance testfixture.LBP.CONTROL.U12 of module XOR2XL <../dc/LBP_syn.sdf, line 7224>.
	Annotation completed with 0 Errors and 448 Warnings
	SDF statistics: No. of Pathdelays = 1592  Annotated = 100.00% -- No. of Tchecks = 404  Annotated = 100.00% 
				        Total 	   Annotated	  Percentage
		 Path Delays	        1592	        1592	      100.00
		      $width	         124	         124	      100.00
		  $setuphold	         280	         280	      100.00
	Building instance overlay tables: .................... Done
	Generating native compiled code:
		tsmc13_neg.DFFRX1:v <0x2fab90e1>
			streams:   2, words:   128
		tsmc13_neg.DFFRX2:v <0x6cb951eb>
			streams:   2, words:   128
		tsmc13_neg.DFFRX4:v <0x5e209d5d>
			streams:   2, words:   128
		tsmc13_neg.DFFSX2:v <0x1272f273>
			streams:   2, words:   128
		tsmc13_neg.DFFSX4:v <0x03da3de5>
			streams:   2, words:   128
		tsmc13_neg.EDFFX1:v <0x59ff4cf7>
			streams:   2, words:   128
		worklib.CONTROL:v <0x5b573287>
			streams:   0, words:     0
		worklib.LBP:v <0x5be7c7f5>
			streams:   0, words:     0
		worklib.READ:v <0x6844f6d8>
			streams:   0, words:     0
		worklib.testfixture:v <0x7f2dcaab>
			streams:  18, words: 19808
	Building instance specific data structures.
	Loading native compiled code:     .................... Done
	Design hierarchy summary:
		                    Instances  Unique
		Modules:                  513      66
		UDPs:                      44       2
		Primitives:               952       8
		Timing outputs:           577      31
		Registers:                 60      24
		Scalar wires:             627       -
		Expanded wires:             8       1
		Always blocks:              2       2
		Initial blocks:            17      17
		Pseudo assignments:         1       1
		Timing checks:            404      62
		Interconnect:            1282       -
		Delayed tcheck signals:   132      50
		Simulation timescale:     1ps
	Writing initial simulation snapshot: worklib.testfixture:v
Loading snapshot worklib.testfixture:v .................... Done
*Verdi* Loading libsscore_ius141.so
ncsim> source /usr/cad/cadence/INCISIV/cur/tools/inca/files/ncsimrc
ncsim> run
FSDB Dumper for IUS, Release Verdi_O-2018.09, Linux x86_64/64bit, 08/30/2018
(C) 1996 - 2018 by Synopsys, Inc.
*Verdi* FSDB WARNING: The FSDB file already exists. Overwriting the FSDB file may crash the programs that are using this file.
*Verdi* : Create FSDB file 'LBP.fsdb'
*Verdi* : Begin traversing the scopes, layer (0).
*Verdi* : End of traversing.
*Verdi* : Begin traversing the MDAs, layer (0).
*Verdi* : Enable +mda and +packedmda dumping.
*Verdi* : End of traversing the MDAs.
-----------------------------------------------------

START!!! Simulation Start .....

-----------------------------------------------------

Output pixel: 0 ~           0 are correct!

Output pixel: 0 ~        1000 are correct!

Output pixel: 0 ~        2000 are correct!

Output pixel: 0 ~        3000 are correct!

Output pixel: 0 ~        4000 are correct!

Output pixel: 0 ~        5000 are correct!

Output pixel: 0 ~        6000 are correct!

Output pixel: 0 ~        7000 are correct!

Output pixel: 0 ~        8000 are correct!

Output pixel: 0 ~        9000 are correct!

Output pixel: 0 ~       10000 are correct!

Output pixel: 0 ~       11000 are correct!

Output pixel: 0 ~       12000 are correct!

Output pixel: 0 ~       13000 are correct!

Output pixel: 0 ~       14000 are correct!

Output pixel: 0 ~       15000 are correct!

Output pixel: 0 ~       16000 are correct!

Output pixel: 0 ~       16383 are correct!

-----------------------------------------------------

Congratulations! All data have been generated successfully!

-------------------------PASS------------------------

Simulation complete via $finish(1) at time 1587660 NS + 0
./testfixture.v:129       #(`CYCLE/2); $finish;
ncsim> exit
TOOL:	ncverilog	14.10-s005: Exiting on Apr 13, 2021 at 20:30:01 CST  (total: 00:00:13)
