 
****************************************
Report : area
Design : geofence
Version: Q-2019.12
Date   : Wed Mar 24 22:48:36 2021
****************************************

Library(s) Used:

    slow (File: /home/nfs_cad/lib/CBDK_IC_Contest_v2.1/SynopsysDC/db/slow.db)

Number of ports:                         1741
Number of nets:                          8451
Number of cells:                         5675
Number of combinational cells:           5217
Number of sequential cells:               382
Number of macros/black boxes:               0
Number of buf/inv:                        991
Number of references:                       2

Combinational area:              81089.890766
Buf/Inv area:                     6606.280753
Noncombinational area:           12657.511463
Macro/Black Box area:                0.000000
Net Interconnect area:          765943.853882

Total cell area:                 93747.402229
Total area:                     859691.256111
1
