2021-02-01 20:03:56.514573 (31074) main____ INFO    ----------------------------------------
2021-02-01 20:03:56.514723 (31074) main____ INFO    JasperGold version info
2021-02-01 20:03:56.514743 (31074) main____ INFO      tool      : JasperGold 2018.03
2021-02-01 20:03:56.514761 (31074) main____ INFO      version   : 2018.03p001 64 bits
2021-02-01 20:03:56.514774 (31074) main____ INFO      build date: 2018.04.24 18:13:05 PDT
2021-02-01 20:03:56.514784 (31074) main____ INFO    ----------------------------------------
2021-02-01 20:03:56.514793 (31074) main____ INFO    Runtime info:
2021-02-01 20:03:56.514803 (31074) main____ INFO      platform  : Linux 2.6.32-431.el6.x86_64 x86_64
2021-02-01 20:03:56.514816 (31074) main____ INFO      hostname  : ideal125
2021-02-01 20:03:56.514825 (31074) main____ INFO      pid       : 31074
2021-02-01 20:03:56.514836 (31074) main____ INFO      arguments : '-style' 'windows' '-superlint' 'superlint.tcl'
2021-02-01 20:03:56.514845 (31074) main____ INFO    ----------------------------------------
2021-02-01 20:03:56.514854 (31074) main____ INFO    System resource limits info:
2021-02-01 20:03:56.514864 (31074) main____ INFO      virtual memory: unlimited
2021-02-01 20:03:56.514875 (31074) main____ INFO      cpu time      : unlimited
2021-02-01 20:03:56.514896 (31074) main____ INFO      stack size    : 10485760 B
2021-02-01 20:03:56.514913 (31074) main____ INFO      core file size: 0 B
2021-02-01 20:03:56.514931 (31074) main____ INFO      open files    : 1024
2021-02-01 20:03:56.514942 (31074) main____ INFO      file size     : unlimited
2021-02-01 20:03:56.514952 (31074) main____ INFO    ----------------------------------------
2021-02-01 20:03:56.514960 (31074) main____ INFO    Memory statistics:
2021-02-01 20:03:56.514970 (31074) main____ INFO      total physical memory  : 8031152 kB
2021-02-01 20:03:56.514978 (31074) main____ INFO      free physical memory   : 1566592 kB
2021-02-01 20:03:56.514987 (31074) main____ INFO      committed address space: 5117488 kB
2021-02-01 20:03:56.515001 (31074) main____ INFO    ----------------------------------------
2021-02-01 20:03:56.515042 (31074) main____ INFO    Important environment variables:
2021-02-01 20:03:56.515061 (31074) main____ INFO      DISPLAY        : 'localhost:15.0'
2021-02-01 20:03:56.515076 (31074) main____ INFO      LM_LICENSE_FILE: '1717@lsncku:26585@lsncku:5280@lsncku:5280@lsnctu:5280@lsncu'
2021-02-01 20:03:56.515087 (31074) main____ INFO    ----------------------------------------
2021-02-01 20:03:56.516890 (31074) lic_core INFO    Initializing license system ...
2021-02-01 20:03:56.531669 (31074) lic_core INFO    ... license system initialized.
2021-02-01 20:03:56.533414 (31074) lic__man INFO    Claim 'main' for <ui>.
2021-02-01 20:03:56.533474 (31074) lic_core INFO    (1) checking out 'jasper_interactive' ...
2021-02-01 20:03:56.821182 (31074) lic_core INFO    ... (1) checkout succeeded
2021-02-01 20:03:56.821344 (31074) lic__man INFO    Claim 'superlint' for <ui>.
2021-02-01 20:03:56.821392 (31074) lic_core INFO    (2) checking out 'jasper_afl' ...
2021-02-01 20:03:57.022789 (31074) lic_core INFO    ... (2) checkout succeeded
2021-02-01 20:03:57.206166 (31110) main____ INFO    SIGINT received (#1). Trying to interrupt current computation(s).
2021-02-01 20:03:57.394087 (31110) main____ INFO    SIGINT received (#2). Trying to save and exit.
2021-02-01 20:03:57.648143 (31110) main____ INFO    SIGINT received (#3). Forcing exit.
