2021-03-17 21:01:30.103092 (19749) main____ INFO    ----------------------------------------
2021-03-17 21:01:30.103227 (19749) main____ INFO    JasperGold version info
2021-03-17 21:01:30.103249 (19749) main____ INFO      tool      : JasperGold 2018.03
2021-03-17 21:01:30.103268 (19749) main____ INFO      version   : 2018.03p001 64 bits
2021-03-17 21:01:30.103283 (19749) main____ INFO      build date: 2018.04.24 18:13:05 PDT
2021-03-17 21:01:30.103294 (19749) main____ INFO    ----------------------------------------
2021-03-17 21:01:30.103304 (19749) main____ INFO    Runtime info:
2021-03-17 21:01:30.103317 (19749) main____ INFO      platform  : Linux 2.6.32-431.el6.x86_64 x86_64
2021-03-17 21:01:30.103332 (19749) main____ INFO      hostname  : ideal125
2021-03-17 21:01:30.103344 (19749) main____ INFO      pid       : 19749
2021-03-17 21:01:30.103356 (19749) main____ INFO      arguments : '-style' 'windows' '-superlint' 'superlint.tcl'
2021-03-17 21:01:30.103367 (19749) main____ INFO    ----------------------------------------
2021-03-17 21:01:30.103377 (19749) main____ INFO    System resource limits info:
2021-03-17 21:01:30.103389 (19749) main____ INFO      virtual memory: unlimited
2021-03-17 21:01:30.103402 (19749) main____ INFO      cpu time      : unlimited
2021-03-17 21:01:30.103423 (19749) main____ INFO      stack size    : 10485760 B
2021-03-17 21:01:30.103443 (19749) main____ INFO      core file size: 0 B
2021-03-17 21:01:30.103462 (19749) main____ INFO      open files    : 1024
2021-03-17 21:01:30.103476 (19749) main____ INFO      file size     : unlimited
2021-03-17 21:01:30.103487 (19749) main____ INFO    ----------------------------------------
2021-03-17 21:01:30.103496 (19749) main____ INFO    Memory statistics:
2021-03-17 21:01:30.103507 (19749) main____ INFO      total physical memory  : 8031076 kB
2021-03-17 21:01:30.103517 (19749) main____ INFO      free physical memory   : 4782808 kB
2021-03-17 21:01:30.103527 (19749) main____ INFO      committed address space: 3523384 kB
2021-03-17 21:01:30.103536 (19749) main____ INFO    ----------------------------------------
2021-03-17 21:01:30.103583 (19749) main____ INFO    Important environment variables:
2021-03-17 21:01:30.103605 (19749) main____ INFO      DISPLAY        : 'localhost:23.0'
2021-03-17 21:01:30.103624 (19749) main____ INFO      LM_LICENSE_FILE: '1717@lsncku:26585@lsncku:5280@lsncku:5280@lsncu:5280@lsntu'
2021-03-17 21:01:30.103636 (19749) main____ INFO    ----------------------------------------
2021-03-17 21:01:30.105415 (19749) lic_core INFO    Initializing license system ...
2021-03-17 21:01:30.107516 (19749) lic_core INFO    ... license system initialized.
2021-03-17 21:01:30.109222 (19749) lic__man INFO    Claim 'main' for <ui>.
2021-03-17 21:01:30.109287 (19749) lic_core INFO    (1) checking out 'jasper_interactive' ...
2021-03-17 21:01:30.453544 (19749) lic_core INFO    ... (1) checkout succeeded
2021-03-17 21:01:30.453668 (19749) lic__man INFO    Claim 'superlint' for <ui>.
2021-03-17 21:01:30.453717 (19749) lic_core INFO    (2) checking out 'jasper_afl' ...
2021-03-17 21:01:30.673766 (19749) lic_core INFO    ... (2) checkout succeeded
2021-03-17 21:01:31.882676 (19749) lic__man INFO    Claim 'superlint' for <ui>.
2021-03-17 21:01:32.344397 (19749) lic__man INFO    Unclaim 'superlint' for <ui>.
2021-03-17 21:01:32.344461 (19749) lic__man INFO    Claim 'superlint' for <ui>.
2021-03-17 21:01:32.353935 (19749) session_ INFO    Starting analysis session with session id 'session_0' ...
2021-03-17 21:01:32.355771 (19749) session_ INFO    Analysis session with session id 'session_0' started (pid: 19794)
2021-03-17 21:01:38.352682 (19749) session_ INFO    Analysis session 'session_0' connected to the console (host: 127.0.0.1:58739)
2021-03-17 21:01:39.480430 (19749) lic__man INFO    Unclaim everything for 'session_0'.
2021-03-17 21:01:39.827366 (19749) lic__man INFO    Unclaim everything for 'session_0'.
2021-03-17 21:01:39.942964 (19749) lic__man INFO    Claim 'superlint' for 'session_0'.
2021-03-17 21:01:40.164449 (19749) lic__man INFO    Claim 'superlint' for 'session_0/prove-0'.
2021-03-17 21:01:40.205259 (19749) lic__man INFO    Claim 'superlint' for 'session_0/prove-1'.
2021-03-17 21:01:40.205369 (19749) lic_core INFO    (3) checking out 'jasper_afl' ...
2021-03-17 21:01:40.429776 (19749) lic_core INFO    ... (3) checkout succeeded
2021-03-17 21:01:40.497438 (19749) lic__man INFO    Unclaim everything for 'session_0/prove-0'.
2021-03-17 21:01:40.573592 (19749) lic__man INFO    Claim 'superlint' for 'session_0/prove-2'.
2021-03-17 21:01:40.770506 (19749) lic__man INFO    Unclaim everything for 'session_0/prove-2'.
2021-03-17 21:01:41.432497 (19749) lic__man INFO    Unclaim everything for 'session_0/prove-1'.
2021-03-17 21:09:59.964159 (19749) lic__man INFO    Entering idle state.
2021-03-17 21:11:31.683285 (19749) lic__man INFO    Leaving idle state.
2021-03-17 21:16:41.432631 (19749) lic_core INFO    (3) checkin jasper_afl
2021-03-17 21:20:04.283869 (19749) lic__man INFO    Entering idle state.
2021-03-17 21:28:48.345688 (19749) lic__man INFO    Leaving idle state.
2021-03-17 21:28:52.735956 (19749) main____ INFO    About to exit: requested from GUI
2021-03-17 21:28:53.118507 (19749) main____ INFO    Exiting with status 0.
