 
****************************************
Report : area
Design : STI_DAC
Version: Q-2019.12
Date   : Tue Apr 13 20:45:13 2021
****************************************

Library(s) Used:

    slow (File: /home/nfs_cad/lib/CBDK_IC_Contest_v2.1/SynopsysDC/db/slow.db)

Number of ports:                          135
Number of nets:                           597
Number of cells:                          433
Number of combinational cells:            329
Number of sequential cells:               100
Number of macros/black boxes:               0
Number of buf/inv:                         65
Number of references:                       4

Combinational area:               2943.291607
Buf/Inv area:                      565.234210
Noncombinational area:            3201.296307
Macro/Black Box area:                0.000000
Net Interconnect area:           58566.963013

Total cell area:                  6144.587913
Total area:                      64711.550926
1
