2021-03-17 20:56:19.260601 (17176) main____ INFO    ----------------------------------------
2021-03-17 20:56:19.260751 (17176) main____ INFO    JasperGold version info
2021-03-17 20:56:19.260773 (17176) main____ INFO      tool      : JasperGold 2018.03
2021-03-17 20:56:19.260791 (17176) main____ INFO      version   : 2018.03p001 64 bits
2021-03-17 20:56:19.260805 (17176) main____ INFO      build date: 2018.04.24 18:13:05 PDT
2021-03-17 20:56:19.260816 (17176) main____ INFO    ----------------------------------------
2021-03-17 20:56:19.260826 (17176) main____ INFO    Runtime info:
2021-03-17 20:56:19.260838 (17176) main____ INFO      platform  : Linux 2.6.32-431.el6.x86_64 x86_64
2021-03-17 20:56:19.260852 (17176) main____ INFO      hostname  : ideal125
2021-03-17 20:56:19.260863 (17176) main____ INFO      pid       : 17176
2021-03-17 20:56:19.260874 (17176) main____ INFO      arguments : '-style' 'windows' '-superlint' 'superlint.tcl'
2021-03-17 20:56:19.260885 (17176) main____ INFO    ----------------------------------------
2021-03-17 20:56:19.260894 (17176) main____ INFO    System resource limits info:
2021-03-17 20:56:19.260906 (17176) main____ INFO      virtual memory: unlimited
2021-03-17 20:56:19.260918 (17176) main____ INFO      cpu time      : unlimited
2021-03-17 20:56:19.260939 (17176) main____ INFO      stack size    : 10485760 B
2021-03-17 20:56:19.260958 (17176) main____ INFO      core file size: 0 B
2021-03-17 20:56:19.260976 (17176) main____ INFO      open files    : 1024
2021-03-17 20:56:19.260989 (17176) main____ INFO      file size     : unlimited
2021-03-17 20:56:19.261017 (17176) main____ INFO    ----------------------------------------
2021-03-17 20:56:19.261030 (17176) main____ INFO    Memory statistics:
2021-03-17 20:56:19.261040 (17176) main____ INFO      total physical memory  : 8031076 kB
2021-03-17 20:56:19.261052 (17176) main____ INFO      free physical memory   : 4902200 kB
2021-03-17 20:56:19.261061 (17176) main____ INFO      committed address space: 3507232 kB
2021-03-17 20:56:19.261070 (17176) main____ INFO    ----------------------------------------
2021-03-17 20:56:19.261120 (17176) main____ INFO    Important environment variables:
2021-03-17 20:56:19.261142 (17176) main____ INFO      DISPLAY        : 'localhost:23.0'
2021-03-17 20:56:19.261160 (17176) main____ INFO      LM_LICENSE_FILE: '1717@lsncku:26585@lsncku:5280@lsncku:5280@lsncu:5280@lsntu'
2021-03-17 20:56:19.261171 (17176) main____ INFO    ----------------------------------------
2021-03-17 20:56:19.263186 (17176) lic_core INFO    Initializing license system ...
2021-03-17 20:56:19.286105 (17176) lic_core INFO    ... license system initialized.
2021-03-17 20:56:19.288871 (17176) lic__man INFO    Claim 'main' for <ui>.
2021-03-17 20:56:19.288975 (17176) lic_core INFO    (1) checking out 'jasper_interactive' ...
2021-03-17 20:56:19.709229 (17176) lic_core INFO    ... (1) checkout succeeded
2021-03-17 20:56:19.709374 (17176) lic__man INFO    Claim 'superlint' for <ui>.
2021-03-17 20:56:19.709429 (17176) lic_core INFO    (2) checking out 'jasper_afl' ...
2021-03-17 20:56:19.936176 (17176) lic_core INFO    ... (2) checkout succeeded
2021-03-17 20:56:21.251146 (17176) lic__man INFO    Claim 'superlint' for <ui>.
2021-03-17 20:56:21.869760 (17176) lic__man INFO    Unclaim 'superlint' for <ui>.
2021-03-17 20:56:21.869869 (17176) lic__man INFO    Claim 'superlint' for <ui>.
2021-03-17 20:56:21.880499 (17176) session_ INFO    Starting analysis session with session id 'session_0' ...
2021-03-17 20:56:21.882406 (17176) session_ INFO    Analysis session with session id 'session_0' started (pid: 17221)
2021-03-17 20:56:29.338174 (17176) session_ INFO    Analysis session 'session_0' connected to the console (host: 127.0.0.1:37274)
2021-03-17 20:56:30.823662 (17176) lic__man INFO    Unclaim everything for 'session_0'.
2021-03-17 20:56:31.717363 (17176) lic__man INFO    Unclaim everything for 'session_0'.
2021-03-17 20:56:31.872505 (17176) lic__man INFO    Claim 'superlint' for 'session_0'.
2021-03-17 20:56:32.159090 (17176) lic__man INFO    Claim 'superlint' for 'session_0/prove-0'.
2021-03-17 20:56:32.183128 (17176) lic__man INFO    Claim 'superlint' for 'session_0/prove-1'.
2021-03-17 20:56:32.183200 (17176) lic_core INFO    (3) checking out 'jasper_afl' ...
2021-03-17 20:56:32.401104 (17176) lic_core INFO    ... (3) checkout succeeded
2021-03-17 20:56:32.519688 (17176) lic__man INFO    Claim 'superlint' for 'session_0/prove-2'.
2021-03-17 20:56:32.519823 (17176) lic_core INFO    (4) checking out 'jasper_afl' ...
2021-03-17 20:56:32.736489 (17176) lic_core INFO    ... (4) checkout succeeded
2021-03-17 20:56:34.539574 (17176) lic__man INFO    Unclaim everything for 'session_0/prove-2'.
2021-03-17 20:56:53.565385 (17176) lic__man INFO    Unclaim everything for 'session_0/prove-1'.
2021-03-17 20:59:32.344109 (17203) main____ INFO    SIGINT received (#1). Trying to interrupt current computation(s).
2021-03-17 20:59:32.481182 (17176) lic__man INFO    Unclaim everything for 'session_0/prove-0'.
2021-03-17 20:59:33.250459 (17203) main____ INFO    SIGINT received (#1). Trying to interrupt current computation(s).
2021-03-17 20:59:33.650425 (17203) main____ INFO    SIGINT received (#2). Trying to save and exit.
2021-03-17 20:59:33.832203 (17176) main____ INFO    The database has been auto-saved to '/home/max.chen/ICCONTEST/2014/jgproject/autosave_y17176.db'.
2021-03-17 20:59:33.897350 (17203) main____ INFO    SIGINT received (#3). Forcing exit.
