ncsim(64) 14.10-s005
Linux 2.6.32-431.el6.x86_64 #1 SMP Fri Nov 22 03:15:09 UTC 2013 x86_64
CPU cores: 24
Limit information:
======================================
cputime			unlimited
filesize		unlimited
datasize		unlimited
stacksize		10240 kbytes
coredumpsize	0 kbytes
memoryuse		unlimited
vmemoryuse		unlimited
descriptors		4096
memorylocked	64 kbytes
maxproc			1024
======================================
(Special)Runtime environment variables:

Runtime environment variables:
HOSTNAME=ideal125
SELINUX_ROLE_REQUESTED=
TERM=xterm
SHELL=/bin/sh
HISTSIZE=1000
SSH_CLIENT=192.168.102.8 64731 22
SELINUX_USE_CURRENT_RANGE=
QTDIR=/usr/lib64/qt-3.3
QTINC=/usr/lib64/qt-3.3/include
SSH_TTY=/dev/pts/3
USER=max.chen
LS_COLORS=rs=0:di=01;34:ln=01;36:mh=00:pi=40;33:so=01;35:do=01;35:bd=40;33;01:cd=40;33;01:or=40;31;01:mi=01;05;37;41:su=37;41:sg=30;43:ca=30;41:tw=30;42:ow=34;42:st=37;44:ex=01;32:*.tar=01;31:*.tgz=01;31:*.arj=01;31:*.taz=01;31:*.lzh=01;31:*.lzma=01;31:*.tlz=01;31:*.txz=01;31:*.zip=01;31:*.z=01;31:*.Z=01;31:*.dz=01;31:*.gz=01;31:*.lz=01;31:*.xz=01;31:*.bz2=01;31:*.tbz=01;31:*.tbz2=01;31:*.bz=01;31:*.tz=01;31:*.deb=01;31:*.rpm=01;31:*.jar=01;31:*.rar=01;31:*.ace=01;31:*.zoo=01;31:*.cpio=01;31:*.7z=01;31:*.rz=01;31:*.jpg=01;35:*.jpeg=01;35:*.gif=01;35:*.bmp=01;35:*.pbm=01;35:*.pgm=01;35:*.ppm=01;35:*.tga=01;35:*.xbm=01;35:*.xpm=01;35:*.tif=01;35:*.tiff=01;35:*.png=01;35:*.svg=01;35:*.svgz=01;35:*.mng=01;35:*.pcx=01;35:*.mov=01;35:*.mpg=01;35:*.mpeg=01;35:*.m2v=01;35:*.mkv=01;35:*.ogm=01;35:*.mp4=01;35:*.m4v=01;35:*.mp4v=01;35:*.vob=01;35:*.qt=01;35:*.nuv=01;35:*.wmv=01;35:*.asf=01;35:*.rm=01;35:*.rmvb=01;35:*.flc=01;35:*.avi=01;35:*.fli=01;35:*.flv=01;35:*.gl=01;35:*.dl=01;35:*.xcf=01;35:*.xwd=01;35:*.yuv=01;35:*.cgm=01;35:*.emf=01;35:*.axv=01;35:*.anx=01;35:*.ogv=01;35:*.ogx=01;35:*.aac=01;36:*.au=01;36:*.flac=01;36:*.mid=01;36:*.midi=01;36:*.mka=01;36:*.mp3=01;36:*.mpc=01;36:*.ogg=01;36:*.ra=01;36:*.wav=01;36:*.axa=01;36:*.oga=01;36:*.spx=01;36:*.xspf=01;36:
MAIL=/var/spool/mail/max.chen
PATH=/usr/cad/cadence/INCISIV/cur/tools/bin/64bit:/usr/cad/cadence/INCISIV/cur/tools/bin/64bit:/usr/cad/cadence/INCISIV/cur/tools/bin/64bit:/opt/RISCV/bin:/usr/cad/cadence/JASPER/cur/bin:/home/nfs_cad/mentor/calibre/cur/bin:/usr/cad/synopsys/hspice/2015.06/hspice/bin:/usr/cad/synopsys/hspice/2015.06/hspice/GNU/linux64/gcc-4.8.3/bin:/usr/cad/synopsys/hspice/2015.06/hspice/linux64:/usr/bin:/usr/ucb/bin:/home/nfs_cad/synopsys/adp/cur/bin:/home/nfs_cad/synopsys/laker/cur/bin:/usr/cad/cadence/EDI/cur/tools/celtic/bin:/usr/cad/cadence/EDI/cur/tools/plato/bin:/usr/cad/cadence/EDI/cur/tools/dfII/bin:/usr/cad/cadence/EDI/cur/tools/fe/bin:/usr/cad/cadence/EDI/cur/tools/cdsdoc/bin:/usr/cad/cadence/EDI/cur/tools/bin:/usr/cad/cadence/EDI/cur//tools/tlfUtil/bin:/home/nfs_cad/synopsys/icc/cur/amd64/syn/bin:/usr/bin/X11:/home/nfs_cad/synopsys/synthesis/cur/amd64/syn/bin:/home/nfs_cad/synopsys/cosmos_scope/cur/ai_bin:/home/nfs_cad/synopsys/verdi/cur/bin:/home/nfs_cad/synopsys/verdi/cur/nLint/bin:/home/nfs_cad/synopsys/verdi/cur/bin:/home/nfs_cad/synopsys/verdi/cur/nLint/bin:/usr/cad/cadence/INCISIV/cur/tools/bin:/usr/cad/cadence/INCISIV/cur/tools/vtools/vfault/bin:/usr/cad/cadence/INCISIV/cur/tools/dfII/bin:/home/nfs_cad/mentor/modelsim/10.2/modeltech/bin:/usr/lib64/qt-3.3/bin:/usr/local/bin:/bin:/usr/bin:/usr/local/sbin:/usr/sbin:/sbin
PWD=/home/max.chen/ICCONTEST/2016/new
SELINUX_LEVEL_REQUESTED=
SSH_ASKPASS=/usr/libexec/openssh/gnome-ssh-askpass
HISTCONTROL=ignoredups
SHLVL=2
HOME=/home/max.chen
LANGUAGE=en_US.UTF-8
LOGNAME=max.chen
QTLIB=/usr/lib64/qt-3.3/lib
CVS_RSH=ssh
SSH_CONNECTION=192.168.102.8 64731 140.116.245.125 22
LESSOPEN=|/usr/bin/lesspipe.sh %s
DISPLAY=localhost:12.0
G_BROKEN_FILENAMES=1
_=/bin/tcsh
OLDPWD=/home/max.chen/ICCONTEST/2016
HOSTTYPE=x86_64-linux
VENDOR=unknown
OSTYPE=linux
MACHTYPE=x86_64
GROUP=users
HOST=ideal125
REMOTEHOST=192.168.102.8
LM_LICENSE_FILE=1717@lsncku:26585@lsncku:5280@lsncku:5280@lsntu:5280@lsncku
MTI_VCO_MODE=64
MGC_HOME=/home/nfs_cad/mentor/calibre/cur
MGC_TMPDIR=/tmp
MGC_LOCATION_MAP=NO_MAP
LD_LIBRARY_PATH=/usr/cad/synopsys/hspice/2015.06/hspice/linux64/interfaces::/usr/cad/cadence/EDI/cur//tools/tlfUtil/lib:/home/nfs_cad/synopsys/verdi/cur/share/PLI/IUS/LINUX64/:/home/nfs_cad/synopsys/verdi/cur/share/PLI/IUS/LINUX64/:/usr/cad/cadence/INCISIV/cur/tools/lib/64bit:/usr/cad/cadence/INCISIV/cur/tools/lib:/usr/cad/cadence/INCISIV/cur/tools/vtools/vfault/lib:/usr/openwin/lib:/usr/dt/lib:/usr/lib:/usr/local/lib
SHLIB_PATH=/home/nfs_cad/synopsys/verdi/cur/share/PLI/IUS/LINUX64/:/home/nfs_cad/synopsys/verdi/cur/share/PLI/IUS/LINUX64
SYNTHESIS=/home/nfs_cad/synopsys/synthesis/cur
SYNOPSYS=/home/nfs_cad/synopsys/icc/cur
SYN_MAN_DIR=/home/nfs_cad/synopsys/synthesis/cur/doc/syn/man
MANPATH=/home/nfs_cad/synopsys/synthesis/cur/doc/syn/man
ENCOUNTER=/usr/cad/cadence/EDI/cur/tools/fe
OA_HOME=/usr/cad/cadence/EDI/cur/oa
Laker_TCL_L3=1
Laker_TCL_ToolBox=1
installdir=/usr/cad/synopsys/hspice/2015.06/hspice
ARCH=linux64
CMIARCH=RH
mraarch=linux64
TMIARCH=RH
HSP_HOME=/usr/cad/synopsys/hspice/2015.06/hspice
SNPS_PLATFORM=linux64
HSP_GCC=/usr/cad/synopsys/hspice/2015.06/hspice/GNU/linux64/gcc-4.8.3/bin/gcc -m64 
SNPS_64=1
HSP_GCC_VERSION=4.8.3
CDS_LOAD_ENV=CSF
_IRUNROOT_=/usr/cad/cadence/INCISIV/cur/tools
CDS_ARCH=lnx86
NCRUNMODE=ncverilog:./INCA_libs/irun.lnx8664.14.10.nc
IRUNBATCH=FALSE
IMPERAS_PORT_FILE=.vsp_ovp_gdb_port
TCL_LIBRARY=/usr/cad/cadence/INCISIV/cur/tools/inca/files/tcl/library
Runtime command line arguments:
argv[0]=ncverilog
argv[1]=-f
argv[2]=ncvlog.f
argv[3]=testfixture.v
argv[4]=LBP_syn.v
argv[5]=+access+r
argv[6]=-v
argv[7]=/home/nfs_cad/lib/CBDK_IC_Contest_v2.1/Verilog/tsmc13_neg.v
argv[8]=+define+SDF
argv[9]=+nc64bit
99 profile - 100
          CPU/Mem usage: 0.050 sys,  0.040 user,  92.30M sys,  0.00M vm
100 VC callback profile - scalar:0 vector:0
101 Fri Mar 12 11:08:20 2021
102 pliAppInit
103 FSDB_GATE is disabled.
104 Enable Parallel Dumping.
105 pliAppMiscSet: New Sim Round
106 pliEntryInit
107 LIBSSCORE=found /home/nfs_cad/synopsys/verdi/cur/share/PLI/IUS/LINUX64/libsscore_ius141.so through $LD_LIBRARY_PATH setting.
108 argv[0]: LBP.fsdb
109 FSDB Dumper for IUS, Release Verdi_O-2018.09, Linux x86_64/64bit, 08/30/2018
110 (C) 1996 - 2018 by Synopsys, Inc.
111 sps_call_fsdbDumpfile at 0 : /home/max.chen/ICCONTEST/2016/new/testfixture.v(52)
112 argv[0]: LBP.fsdb
113 *Verdi* FSDB WARNING: The FSDB file already exists. Overwriting the FSDB file may crash the programs that are using this file.
114 *Verdi* : Create FSDB file 'LBP.fsdb'
115 sps_call_fsdbDumpvars at 0 : /home/max.chen/ICCONTEST/2016/new/testfixture.v(53)
116 *Verdi* : Begin traversing the scopes, layer (0).
117 Cell instance `testfixture.LBP.U1'.
118 *Verdi* : End of traversing.
119 fsdbDumpvars traverse var: profile - 
          CPU/Mem usage: 0.060 sys,  0.110 user,  180.10M sys,  0.00M vm
                   incr: 0.000 sys,  0.060 user,  4.73M sys,  0.00M vm
                   accu: 0.000 sys,  0.060 user,  4.73M sys,  0.00M vm
              accu incr: 0.000 sys,  0.060 user,  4.73M sys,  0.00M vm

          Count usage: 3387 var,  1010 idcode,  1010 callback
                 incr: 3387 var,  1010 idcode,  1010 callback
                 accu: 3387 var,  1010 idcode,  1010 callback
            accu incr: 3387 var,  1010 idcode,  1010 callback
120 VC callback profile - scalar:0 vector:0
121 Fri Mar 12 11:08:20 2021
122 fsdbDumpvars: profile - 
          CPU/Mem usage: 0.060 sys,  0.110 user,  181.15M sys,  0.00M vm
                   incr: 0.000 sys,  0.000 user,  1.05M sys,  0.00M vm
                   accu: 0.000 sys,  0.060 user,  5.79M sys,  0.00M vm
              accu incr: 0.000 sys,  0.000 user,  1.05M sys,  0.00M vm

          Count usage: 3387 var,  1010 idcode,  1010 callback
                 incr: 0 var,  0 idcode,  0 callback
                 accu: 3387 var,  1010 idcode,  1010 callback
            accu incr: 0 var,  0 idcode,  0 callback
123 VC callback profile - scalar:1002 vector:8
124 Fri Mar 12 11:08:20 2021
125 sps_call_fsdbDumpMDA at 0 : /home/max.chen/ICCONTEST/2016/new/testfixture.v(54)
126 *Verdi* : Begin traversing the MDAs, layer (0).
127 *Verdi* : Enable +mda and +packedmda dumping.
128 Cell instance `testfixture.LBP.U1'.
129 *Verdi* : End of traversing the MDAs.
130 fsdbDumpMDA traverse var: profile - 
          CPU/Mem usage: 0.070 sys,  0.340 user,  186.86M sys,  0.00M vm
                   incr: 0.010 sys,  0.230 user,  5.71M sys,  0.00M vm
                   accu: 0.010 sys,  0.230 user,  5.71M sys,  0.00M vm
              accu incr: 0.010 sys,  0.230 user,  5.71M sys,  0.00M vm

          Count usage: 52539 var,  50162 idcode,  50165 callback
                 incr: 49152 var,  49152 idcode,  49155 callback
                 accu: 49152 var,  49152 idcode,  49155 callback
            accu incr: 49152 var,  49152 idcode,  49155 callback
131 VC callback profile - scalar:1002 vector:8
132 Fri Mar 12 11:08:20 2021
133 fsdbDumpMDA: profile - 
          CPU/Mem usage: 0.070 sys,  0.370 user,  189.86M sys,  0.00M vm
                   incr: 0.000 sys,  0.030 user,  3.00M sys,  0.00M vm
                   accu: 0.010 sys,  0.260 user,  8.71M sys,  0.00M vm
              accu incr: 0.000 sys,  0.030 user,  3.00M sys,  0.00M vm

          Count usage: 52539 var,  50162 idcode,  50165 callback
                 incr: 0 var,  0 idcode,  0 callback
                 accu: 49152 var,  49152 idcode,  49155 callback
            accu incr: 0 var,  0 idcode,  0 callback
134 VC callback profile - scalar:1002 vector:49160
135 Fri Mar 12 11:08:20 2021
136 End of simulation at 1587660000
137 VC callback profile - scalar:19445155 vector:247896
138 Fri Mar 12 11:08:31 2021
139 Begin FSDB profile info:
140 FSDB Writer : bc1(19445155) bcn(247896) mtf/stf(0/1)
FSDB Writer elapsed time : flush(1.444801) io wait(0.000000) theadpool wait(0.000000) target functin(0.000000)
FSDB Writer cpu time : MT Compression : 0
141 End FSDB profile info
142 Parallel profile    -  Flush:4 Expand:0 ProduceWait:0 ConsumerWait:162 BlockUsed:170
143                        ProduceTime:9.908575477 ConsumerTime:4.342312973 Buffer:64MB
144 SimExit
145 Sim process exit
