ncverilog(64): 14.10-s005: (c) Copyright 1995-2014 Cadence Design Systems, Inc.
TOOL:	ncverilog	14.10-s005: Started on Apr 13, 2021 at 18:07:51 CST
ncverilog
	-f post_sim.f
		-sv
		tb.sv
		../dc/geofence_syn.v
		+access+r
		+nc64bit
		+ncmaxdelays
		+define+SDF
		-v
		tsmc13_neg.v
		-y
		./
		+libext+.v
		+incdir+./+
file: tb.sv
	module worklib.testfixture:sv
		errors: 0, warnings: 0
file: ../dc/geofence_syn.v
	module worklib.CTRL:v
		errors: 0, warnings: 0
	module worklib.READ_DW_sqrt_0:v
		errors: 0, warnings: 0
	module worklib.READ_DW_cmp_0:v
		errors: 0, warnings: 0
	module worklib.READ_DW_sqrt_1:v
		errors: 0, warnings: 0
	module worklib.READ_DW_sqrt_2:v
		errors: 0, warnings: 0
	module worklib.READ_DW01_sub_0:v
		errors: 0, warnings: 0
	module worklib.READ_DW01_sub_1:v
		errors: 0, warnings: 0
	module worklib.READ_DW01_sub_2:v
		errors: 0, warnings: 0
	module worklib.READ_DW01_sub_3:v
		errors: 0, warnings: 0
	module worklib.READ_DW01_sub_4:v
		errors: 0, warnings: 0
	module worklib.READ_DW01_sub_5:v
		errors: 0, warnings: 0
	module worklib.READ_DW01_sub_6:v
		errors: 0, warnings: 0
	module worklib.READ_DW01_sub_7:v
		errors: 0, warnings: 0
	module worklib.READ_DW01_sub_8:v
		errors: 0, warnings: 0
	module worklib.READ_DW01_sub_9:v
		errors: 0, warnings: 0
	module worklib.READ_DW01_sub_10:v
		errors: 0, warnings: 0
	module worklib.READ_DW01_sub_11:v
		errors: 0, warnings: 0
	module worklib.READ_DW01_sub_12:v
		errors: 0, warnings: 0
	module worklib.READ_DW01_sub_13:v
		errors: 0, warnings: 0
	module worklib.READ_DW01_sub_14:v
		errors: 0, warnings: 0
	module worklib.READ_DW01_sub_15:v
		errors: 0, warnings: 0
	module worklib.READ_DW01_sub_16:v
		errors: 0, warnings: 0
	module worklib.READ_DW01_sub_17:v
		errors: 0, warnings: 0
	module worklib.READ_DW01_sub_18:v
		errors: 0, warnings: 0
	module worklib.READ_DW01_sub_19:v
		errors: 0, warnings: 0
	module worklib.READ_DW_mult_uns_4:v
		errors: 0, warnings: 0
	module worklib.READ_DW01_add_4:v
		errors: 0, warnings: 0
	module worklib.READ_DW_mult_uns_2:v
		errors: 0, warnings: 0
	module worklib.READ_DW_mult_uns_3:v
		errors: 0, warnings: 0
	module worklib.READ_DW_mult_tc_3:v
		errors: 0, warnings: 0
	module worklib.READ_DW_mult_tc_2:v
		errors: 0, warnings: 0
	module worklib.READ_DW01_add_3:v
		errors: 0, warnings: 0
	module worklib.READ_DW01_add_2:v
		errors: 0, warnings: 0
	module worklib.READ_DW01_add_1:v
		errors: 0, warnings: 0
	module worklib.READ_DW_mult_uns_1:v
		errors: 0, warnings: 0
	module worklib.READ_DW_mult_uns_0:v
		errors: 0, warnings: 0
	module worklib.READ_DW01_sub_20:v
		errors: 0, warnings: 0
	module worklib.READ_DW01_add_0:v
		errors: 0, warnings: 0
	module worklib.READ_DW_mult_tc_1:v
		errors: 0, warnings: 0
	module worklib.READ_DW_mult_tc_0:v
		errors: 0, warnings: 0
	module worklib.READ_DW01_sub_21:v
		errors: 0, warnings: 0
	module worklib.READ:v
		errors: 0, warnings: 0
	module worklib.geofence:v
		errors: 0, warnings: 0
file: tsmc13_neg.v
	module tsmc13_neg.BUFX3:v
		errors: 0, warnings: 0
	module tsmc13_neg.BUFX4:v
		errors: 0, warnings: 0
	module tsmc13_neg.BUFX6:v
		errors: 0, warnings: 0
	module tsmc13_neg.BUFX8:v
		errors: 0, warnings: 0
	module tsmc13_neg.BUFX12:v
		errors: 0, warnings: 0
	module tsmc13_neg.BUFX16:v
		errors: 0, warnings: 0
	module tsmc13_neg.BUFX20:v
		errors: 0, warnings: 0
	module tsmc13_neg.INVXL:v
		errors: 0, warnings: 0
	module tsmc13_neg.INVX1:v
		errors: 0, warnings: 0
	module tsmc13_neg.INVX2:v
		errors: 0, warnings: 0
	module tsmc13_neg.INVX3:v
		errors: 0, warnings: 0
	module tsmc13_neg.INVX4:v
		errors: 0, warnings: 0
	module tsmc13_neg.INVX6:v
		errors: 0, warnings: 0
	module tsmc13_neg.INVX8:v
		errors: 0, warnings: 0
	module tsmc13_neg.INVX12:v
		errors: 0, warnings: 0
	module tsmc13_neg.INVX16:v
		errors: 0, warnings: 0
	module tsmc13_neg.INVX20:v
		errors: 0, warnings: 0
	module tsmc13_neg.AND2XL:v
		errors: 0, warnings: 0
	module tsmc13_neg.AND2X1:v
		errors: 0, warnings: 0
	module tsmc13_neg.AND2X2:v
		errors: 0, warnings: 0
	module tsmc13_neg.AND2X4:v
		errors: 0, warnings: 0
	module tsmc13_neg.AND2X6:v
		errors: 0, warnings: 0
	module tsmc13_neg.AND2X8:v
		errors: 0, warnings: 0
	module tsmc13_neg.AND3XL:v
		errors: 0, warnings: 0
	module tsmc13_neg.AND3X1:v
		errors: 0, warnings: 0
	module tsmc13_neg.AND3X2:v
		errors: 0, warnings: 0
	module tsmc13_neg.AOI21X1:v
		errors: 0, warnings: 0
	module tsmc13_neg.AOI21X4:v
		errors: 0, warnings: 0
	module tsmc13_neg.AOI211X1:v
		errors: 0, warnings: 0
	module tsmc13_neg.AOI22XL:v
		errors: 0, warnings: 0
	module tsmc13_neg.AOI22X1:v
		errors: 0, warnings: 0
	module tsmc13_neg.AOI221XL:v
		errors: 0, warnings: 0
	module tsmc13_neg.AOI221X1:v
		errors: 0, warnings: 0
	module tsmc13_neg.AOI221X2:v
		errors: 0, warnings: 0
	module tsmc13_neg.AOI221X4:v
		errors: 0, warnings: 0
	module tsmc13_neg.AOI222XL:v
		errors: 0, warnings: 0
	module tsmc13_neg.AOI222X1:v
		errors: 0, warnings: 0
	module tsmc13_neg.AOI222X2:v
		errors: 0, warnings: 0
	module tsmc13_neg.AOI222X4:v
		errors: 0, warnings: 0
	module tsmc13_neg.AOI31XL:v
		errors: 0, warnings: 0
	module tsmc13_neg.AOI31X1:v
		errors: 0, warnings: 0
	module tsmc13_neg.AOI2BB1XL:v
		errors: 0, warnings: 0
	module tsmc13_neg.AOI2BB1X4:v
		errors: 0, warnings: 0
	module tsmc13_neg.AOI2BB2XL:v
		errors: 0, warnings: 0
	module tsmc13_neg.AOI2BB2X1:v
		errors: 0, warnings: 0
	module tsmc13_neg.AOI2BB2X2:v
		errors: 0, warnings: 0
	module tsmc13_neg.AOI2BB2X4:v
		errors: 0, warnings: 0
	module tsmc13_neg.AO21XL:v
		errors: 0, warnings: 0
	module tsmc13_neg.AO21X1:v
		errors: 0, warnings: 0
	module tsmc13_neg.AO21X2:v
		errors: 0, warnings: 0
	module tsmc13_neg.AO21X4:v
		errors: 0, warnings: 0
	module tsmc13_neg.AO22XL:v
		errors: 0, warnings: 0
	module tsmc13_neg.AO22X1:v
		errors: 0, warnings: 0
	module tsmc13_neg.AO22X2:v
		errors: 0, warnings: 0
	module tsmc13_neg.AO22X4:v
		errors: 0, warnings: 0
	module tsmc13_neg.MX2XL:v
		errors: 0, warnings: 0
	module tsmc13_neg.MX2X1:v
		errors: 0, warnings: 0
	module tsmc13_neg.MX2X4:v
		errors: 0, warnings: 0
	module tsmc13_neg.MXI2XL:v
		errors: 0, warnings: 0
	module tsmc13_neg.MXI2X1:v
		errors: 0, warnings: 0
	module tsmc13_neg.MXI2X2:v
		errors: 0, warnings: 0
	module tsmc13_neg.MXI2X4:v
		errors: 0, warnings: 0
	module tsmc13_neg.NAND2XL:v
		errors: 0, warnings: 0
	module tsmc13_neg.NAND2X1:v
		errors: 0, warnings: 0
	module tsmc13_neg.NAND2X2:v
		errors: 0, warnings: 0
	module tsmc13_neg.NAND2X4:v
		errors: 0, warnings: 0
	module tsmc13_neg.NAND2X6:v
		errors: 0, warnings: 0
	module tsmc13_neg.NAND2X8:v
		errors: 0, warnings: 0
	module tsmc13_neg.NAND3XL:v
		errors: 0, warnings: 0
	module tsmc13_neg.NAND3X1:v
		errors: 0, warnings: 0
	module tsmc13_neg.NAND3X2:v
		errors: 0, warnings: 0
	module tsmc13_neg.NAND3X4:v
		errors: 0, warnings: 0
	module tsmc13_neg.NAND3X6:v
		errors: 0, warnings: 0
	module tsmc13_neg.NAND3X8:v
		errors: 0, warnings: 0
	module tsmc13_neg.NAND4X1:v
		errors: 0, warnings: 0
	module tsmc13_neg.NAND2BXL:v
		errors: 0, warnings: 0
	module tsmc13_neg.NAND2BX1:v
		errors: 0, warnings: 0
	module tsmc13_neg.NAND2BX2:v
		errors: 0, warnings: 0
	module tsmc13_neg.NAND2BX4:v
		errors: 0, warnings: 0
	module tsmc13_neg.NAND3BX1:v
		errors: 0, warnings: 0
	module tsmc13_neg.NAND3BX4:v
		errors: 0, warnings: 0
	module tsmc13_neg.NAND4BX1:v
		errors: 0, warnings: 0
	module tsmc13_neg.NOR2XL:v
		errors: 0, warnings: 0
	module tsmc13_neg.NOR2X1:v
		errors: 0, warnings: 0
	module tsmc13_neg.NOR2X2:v
		errors: 0, warnings: 0
	module tsmc13_neg.NOR2X4:v
		errors: 0, warnings: 0
	module tsmc13_neg.NOR2X6:v
		errors: 0, warnings: 0
	module tsmc13_neg.NOR2X8:v
		errors: 0, warnings: 0
	module tsmc13_neg.NOR3XL:v
		errors: 0, warnings: 0
	module tsmc13_neg.NOR3X1:v
		errors: 0, warnings: 0
	module tsmc13_neg.NOR4X1:v
		errors: 0, warnings: 0
	module tsmc13_neg.NOR2BXL:v
		errors: 0, warnings: 0
	module tsmc13_neg.NOR2BX1:v
		errors: 0, warnings: 0
	module tsmc13_neg.NOR2BX2:v
		errors: 0, warnings: 0
	module tsmc13_neg.NOR2BX4:v
		errors: 0, warnings: 0
	module tsmc13_neg.NOR3BXL:v
		errors: 0, warnings: 0
	module tsmc13_neg.NOR3BX1:v
		errors: 0, warnings: 0
	module tsmc13_neg.OR2XL:v
		errors: 0, warnings: 0
	module tsmc13_neg.OR2X1:v
		errors: 0, warnings: 0
	module tsmc13_neg.OR2X2:v
		errors: 0, warnings: 0
	module tsmc13_neg.OR2X4:v
		errors: 0, warnings: 0
	module tsmc13_neg.OR2X6:v
		errors: 0, warnings: 0
	module tsmc13_neg.OR2X8:v
		errors: 0, warnings: 0
	module tsmc13_neg.OR3XL:v
		errors: 0, warnings: 0
	module tsmc13_neg.OAI21XL:v
		errors: 0, warnings: 0
	module tsmc13_neg.OAI21X1:v
		errors: 0, warnings: 0
	module tsmc13_neg.OAI21X2:v
		errors: 0, warnings: 0
	module tsmc13_neg.OAI21X4:v
		errors: 0, warnings: 0
	module tsmc13_neg.OAI211XL:v
		errors: 0, warnings: 0
	module tsmc13_neg.OAI211X1:v
		errors: 0, warnings: 0
	module tsmc13_neg.OAI211X2:v
		errors: 0, warnings: 0
	module tsmc13_neg.OAI211X4:v
		errors: 0, warnings: 0
	module tsmc13_neg.OAI22XL:v
		errors: 0, warnings: 0
	module tsmc13_neg.OAI22X1:v
		errors: 0, warnings: 0
	module tsmc13_neg.OAI22X2:v
		errors: 0, warnings: 0
	module tsmc13_neg.OAI22X4:v
		errors: 0, warnings: 0
	module tsmc13_neg.OAI221XL:v
		errors: 0, warnings: 0
	module tsmc13_neg.OAI221X1:v
		errors: 0, warnings: 0
	module tsmc13_neg.OAI221X2:v
		errors: 0, warnings: 0
	module tsmc13_neg.OAI221X4:v
		errors: 0, warnings: 0
	module tsmc13_neg.OAI222XL:v
		errors: 0, warnings: 0
	module tsmc13_neg.OAI222X1:v
		errors: 0, warnings: 0
	module tsmc13_neg.OAI222X2:v
		errors: 0, warnings: 0
	module tsmc13_neg.OAI222X4:v
		errors: 0, warnings: 0
	module tsmc13_neg.OAI31XL:v
		errors: 0, warnings: 0
	module tsmc13_neg.OAI31X1:v
		errors: 0, warnings: 0
	module tsmc13_neg.OAI32XL:v
		errors: 0, warnings: 0
	module tsmc13_neg.OAI32X1:v
		errors: 0, warnings: 0
	module tsmc13_neg.OAI32X4:v
		errors: 0, warnings: 0
	module tsmc13_neg.OAI2BB1XL:v
		errors: 0, warnings: 0
	module tsmc13_neg.OAI2BB1X1:v
		errors: 0, warnings: 0
	module tsmc13_neg.OAI2BB1X4:v
		errors: 0, warnings: 0
	module tsmc13_neg.OAI2BB2XL:v
		errors: 0, warnings: 0
	module tsmc13_neg.OAI2BB2X1:v
		errors: 0, warnings: 0
	module tsmc13_neg.OA21XL:v
		errors: 0, warnings: 0
	module tsmc13_neg.OA21X2:v
		errors: 0, warnings: 0
	module tsmc13_neg.OA21X4:v
		errors: 0, warnings: 0
	module tsmc13_neg.OA22XL:v
		errors: 0, warnings: 0
	module tsmc13_neg.OA22X1:v
		errors: 0, warnings: 0
	module tsmc13_neg.OA22X2:v
		errors: 0, warnings: 0
	module tsmc13_neg.OA22X4:v
		errors: 0, warnings: 0
	module tsmc13_neg.CLKXOR2X1:v
		errors: 0, warnings: 0
	module tsmc13_neg.CLKXOR2X2:v
		errors: 0, warnings: 0
	module tsmc13_neg.CLKXOR2X4:v
		errors: 0, warnings: 0
	module tsmc13_neg.CLKXOR2X8:v
		errors: 0, warnings: 0
	module tsmc13_neg.XOR2XL:v
		errors: 0, warnings: 0
	module tsmc13_neg.XOR2X1:v
		errors: 0, warnings: 0
	module tsmc13_neg.XOR2X2:v
		errors: 0, warnings: 0
	module tsmc13_neg.XOR2X4:v
		errors: 0, warnings: 0
	module tsmc13_neg.XOR3XL:v
		errors: 0, warnings: 0
	module tsmc13_neg.XOR3X1:v
		errors: 0, warnings: 0
	module tsmc13_neg.XOR3X2:v
		errors: 0, warnings: 0
	module tsmc13_neg.XOR3X4:v
		errors: 0, warnings: 0
	module tsmc13_neg.XNOR2XL:v
		errors: 0, warnings: 0
	module tsmc13_neg.XNOR2X1:v
		errors: 0, warnings: 0
	module tsmc13_neg.XNOR2X4:v
		errors: 0, warnings: 0
	module tsmc13_neg.CLKBUFX2:v
		errors: 0, warnings: 0
	module tsmc13_neg.CLKBUFX3:v
		errors: 0, warnings: 0
	module tsmc13_neg.CLKBUFX4:v
		errors: 0, warnings: 0
	module tsmc13_neg.CLKBUFX8:v
		errors: 0, warnings: 0
	module tsmc13_neg.CLKBUFX12:v
		errors: 0, warnings: 0
	module tsmc13_neg.CLKBUFX20:v
		errors: 0, warnings: 0
	module tsmc13_neg.CLKINVX1:v
		errors: 0, warnings: 0
	module tsmc13_neg.CLKINVX2:v
		errors: 0, warnings: 0
	module tsmc13_neg.CLKINVX3:v
		errors: 0, warnings: 0
	module tsmc13_neg.CLKINVX4:v
		errors: 0, warnings: 0
	module tsmc13_neg.CLKINVX6:v
		errors: 0, warnings: 0
	module tsmc13_neg.CLKINVX8:v
		errors: 0, warnings: 0
	module tsmc13_neg.CLKINVX12:v
		errors: 0, warnings: 0
	module tsmc13_neg.CLKINVX20:v
		errors: 0, warnings: 0
	module tsmc13_neg.CLKAND2X3:v
		errors: 0, warnings: 0
	module tsmc13_neg.CLKAND2X8:v
		errors: 0, warnings: 0
	module tsmc13_neg.CLKAND2X12:v
		errors: 0, warnings: 0
	module tsmc13_neg.CLKMX2X2:v
		errors: 0, warnings: 0
	module tsmc13_neg.CLKMX2X4:v
		errors: 0, warnings: 0
	module tsmc13_neg.ADDHXL:v
		errors: 0, warnings: 0
	module tsmc13_neg.ADDHX1:v
		errors: 0, warnings: 0
	module tsmc13_neg.ADDHX2:v
		errors: 0, warnings: 0
	module tsmc13_neg.ADDHX4:v
		errors: 0, warnings: 0
	module tsmc13_neg.ADDFXL:v
		errors: 0, warnings: 0
	module tsmc13_neg.ADDFX1:v
		errors: 0, warnings: 0
	module tsmc13_neg.ADDFX2:v
		errors: 0, warnings: 0
	module tsmc13_neg.ADDFX4:v
		errors: 0, warnings: 0
	module tsmc13_neg.ADDFHX1:v
		errors: 0, warnings: 0
	module tsmc13_neg.ADDFHX2:v
		errors: 0, warnings: 0
	module tsmc13_neg.ADDFHX4:v
		errors: 0, warnings: 0
	module tsmc13_neg.CMPR22X2:v
		errors: 0, warnings: 0
	module tsmc13_neg.CMPR32X2:v
		errors: 0, warnings: 0
	module tsmc13_neg.CMPR42X1:v
		errors: 0, warnings: 0
	module tsmc13_neg.CMPR42X2:v
		errors: 0, warnings: 0
	module tsmc13_neg.CMPR42X4:v
		errors: 0, warnings: 0
	module tsmc13_neg.DFFRXL:v
		errors: 0, warnings: 0
	module tsmc13_neg.DFFRX1:v
		errors: 0, warnings: 0
	module tsmc13_neg.DFFRX2:v
		errors: 0, warnings: 0
	module tsmc13_neg.DFFRX4:v
		errors: 0, warnings: 0
	module tsmc13_neg.DFFSX1:v
		errors: 0, warnings: 0
	module tsmc13_neg.DFFRHQX1:v
		errors: 0, warnings: 0
	primitive tsmc13_neg.udp_mux2:v
		errors: 0, warnings: 0
	primitive tsmc13_neg.udp_dff:v
		errors: 0, warnings: 0
ncvlog: *W,LIBNOU: Library "./" given but not used.
	Total errors/warnings found outside modules and primitives:
		errors: 0, warnings: 1
		Caching library 'worklib' ....... Done
		Caching library 'tsmc13_neg' ....... Done
	Elaborating the design hierarchy:
  READ_DW_cmp_0 gt_452 ( .A({1'b0, hex_area[19:18], n81, hex_area[16:13], n83, 
                     |
ncelab: *W,CUVWSP (../dc/geofence_syn.v,5183|21): 1 output port was not connected:
ncelab: (../dc/geofence_syn.v,303): EQ_NE

  READ_DW01_sub_0 sub_426_2 ( .A({1'b0, side_B[10:6], n48, n129, side_B[3:1], 
                          |
ncelab: *W,CUVWSP (../dc/geofence_syn.v,5189|26): 1 output port was not connected:
ncelab: (../dc/geofence_syn.v,1184): CO

  READ_DW01_sub_1 sub_426 ( .A({1'b0, n217, n816, n216, n145, n209, n47, n41, 
                        |
ncelab: *W,CUVWSP (../dc/geofence_syn.v,5193|24): 1 output port was not connected:
ncelab: (../dc/geofence_syn.v,1228): CO

  READ_DW01_sub_2 sub_425_2 ( .A({1'b0, side_A}), .B({1'b0, n217, n816, n216, 
                          |
ncelab: *W,CUVWSP (../dc/geofence_syn.v,5197|26): 1 output port was not connected:
ncelab: (../dc/geofence_syn.v,1271): CO

  READ_DW01_sub_3 sub_425 ( .A({1'b0, n217, n816, n216, n145, n209, n46, n43, 
                        |
ncelab: *W,CUVWSP (../dc/geofence_syn.v,5201|24): 1 output port was not connected:
ncelab: (../dc/geofence_syn.v,1323): CO

  READ_DW01_sub_4 sub_424_2 ( .A({1'b0, 1'b0, side_length[9:0]}), .B({1'b0, 
                          |
ncelab: *W,CUVWSP (../dc/geofence_syn.v,5205|26): 1 output port was not connected:
ncelab: (../dc/geofence_syn.v,1366): CO

  READ_DW01_sub_5 sub_424 ( .A({1'b0, n217, n816, n216, n795, n209, n47, n41, 
                        |
ncelab: *W,CUVWSP (../dc/geofence_syn.v,5209|24): 1 output port was not connected:
ncelab: (../dc/geofence_syn.v,1413): CO

  READ_DW01_sub_6 sub_369 ( .A({1'b0, N2554, N2555, N2556, N2557, N2558, N2559, 
                        |
ncelab: *W,CUVWSP (../dc/geofence_syn.v,5213|24): 1 output port was not connected:
ncelab: (../dc/geofence_syn.v,1457): CO

  READ_DW01_sub_7 sub_365 ( .A({1'b0, \Y[0][9] , n1967, n1973, n98, n1985, 
                        |
ncelab: *W,CUVWSP (../dc/geofence_syn.v,5218|24): 1 output port was not connected:
ncelab: (../dc/geofence_syn.v,1497): CO

  READ_DW01_sub_8 sub_368 ( .A({1'b0, N2524, N2525, N2526, N2527, N2528, N2529, 
                        |
ncelab: *W,CUVWSP (../dc/geofence_syn.v,5223|24): 1 output port was not connected:
ncelab: (../dc/geofence_syn.v,1536): CO

  READ_DW01_sub_9 sub_364 ( .A({1'b0, \X[0][9] , n2024, n2030, n99, n2042, 
                        |
ncelab: *W,CUVWSP (../dc/geofence_syn.v,5228|24): 1 output port was not connected:
ncelab: (../dc/geofence_syn.v,1573): CO

  READ_DW01_sub_10 sub_234 ( .A({1'b0, n1957, \Y[5][8] , \Y[5][7] , \Y[5][6] , 
                         |
ncelab: *W,CUVWSP (../dc/geofence_syn.v,5233|25): 1 output port was not connected:
ncelab: (../dc/geofence_syn.v,1612): CO

  READ_DW01_sub_11 sub_233 ( .A({1'b0, n1960, \Y[4][8] , \Y[4][7] , n1978, 
                         |
ncelab: *W,CUVWSP (../dc/geofence_syn.v,5238|25): 1 output port was not connected:
ncelab: (../dc/geofence_syn.v,1651): CO

  READ_DW01_sub_12 sub_232 ( .A({1'b0, \Y[3][9] , n1965, n1971, n1977, n1983, 
                         |
ncelab: *W,CUVWSP (../dc/geofence_syn.v,5243|25): 1 output port was not connected:
ncelab: (../dc/geofence_syn.v,1688): CO

  READ_DW01_sub_13 sub_231 ( .A({1'b0, n1959, n1964, n1970, n1976, n1982, 
                         |
ncelab: *W,CUVWSP (../dc/geofence_syn.v,5248|25): 1 output port was not connected:
ncelab: (../dc/geofence_syn.v,1727): CO

  READ_DW01_sub_14 sub_230 ( .A({1'b0, \Y[1][9] , \Y[1][8] , n1969, n1975, 
                         |
ncelab: *W,CUVWSP (../dc/geofence_syn.v,5253|25): 1 output port was not connected:
ncelab: (../dc/geofence_syn.v,1764): CO

  READ_DW01_sub_15 sub_228 ( .A({1'b0, n2014, n2019, \X[5][7] , \X[5][6] , 
                         |
ncelab: *W,CUVWSP (../dc/geofence_syn.v,5258|25): 1 output port was not connected:
ncelab: (../dc/geofence_syn.v,1803): CO

  READ_DW01_sub_16 sub_227 ( .A({1'b0, \X[4][9] , n2023, \X[4][7] , n2035, 
                         |
ncelab: *W,CUVWSP (../dc/geofence_syn.v,5262|25): 1 output port was not connected:
ncelab: (../dc/geofence_syn.v,1842): CO

  READ_DW01_sub_17 sub_226 ( .A({1'b0, \X[3][9] , n2022, n2028, n2034, n2040, 
                         |
ncelab: *W,CUVWSP (../dc/geofence_syn.v,5267|25): 1 output port was not connected:
ncelab: (../dc/geofence_syn.v,1881): CO

  READ_DW01_sub_18 sub_225 ( .A({1'b0, n2016, n2021, n2027, n2033, n2039, 
                         |
ncelab: *W,CUVWSP (../dc/geofence_syn.v,5272|25): 1 output port was not connected:
ncelab: (../dc/geofence_syn.v,1918): CO

  READ_DW01_sub_19 sub_224 ( .A({1'b0, n2015, \X[1][8] , n2026, n2032, n2038, 
                         |
ncelab: *W,CUVWSP (../dc/geofence_syn.v,5277|25): 1 output port was not connected:
ncelab: (../dc/geofence_syn.v,1955): CO

  READ_DW01_add_4 add_441 ( .A(hept_area), .B({N2728, N2727, N2726, N2725, 
                        |
ncelab: *W,CUVWSP (../dc/geofence_syn.v,5287|24): 1 output port was not connected:
ncelab: (../dc/geofence_syn.v,2338): CO

  READ_DW01_add_3 add_355 ( .A({\sqr_x[19] , \sqr_x[18] , \sqr_x[17] , 
                        |
ncelab: *W,CUVWSP (../dc/geofence_syn.v,5307|24): 1 output port was not connected:
ncelab: (../dc/geofence_syn.v,3384): CO

  READ_DW01_add_2 add_1_root_add_0_root_add_403_2 ( .A({1'b0, 1'b0, 
                                                |
ncelab: *W,CUVWSP (../dc/geofence_syn.v,5316|48): 1 output port was not connected:
ncelab: (../dc/geofence_syn.v,3432): CO

  READ_DW01_add_1 add_0_root_add_0_root_add_403_2 ( .A({N2601, N2600, N2599, 
                                                |
ncelab: *W,CUVWSP (../dc/geofence_syn.v,5320|48): 1 output port was not connected:
ncelab: (../dc/geofence_syn.v,3465): CO

  READ_DW01_sub_20 sub_334 ( .A({N2377, N2376, N2375, N2374, N2373, N2372, 
                         |
ncelab: *W,CUVWSP (../dc/geofence_syn.v,5334|25): 1 output port was not connected:
ncelab: (../dc/geofence_syn.v,4019): CO

  READ_DW01_add_0 add_334 ( .A({hex_area[19:8], n68, hex_area[6:0]}), .B({
                        |
ncelab: *W,CUVWSP (../dc/geofence_syn.v,5341|24): 1 output port was not connected:
ncelab: (../dc/geofence_syn.v,4092): CO

  READ_DW01_sub_21 sub_277 ( .A({\front_res[21] , \front_res[20] , 
                         |
ncelab: *W,CUVWSP (../dc/geofence_syn.v,5365|25): 1 output port was not connected:
ncelab: (../dc/geofence_syn.v,4718): CO

  DFFRX2 \side_length_reg[8]  ( .D(n1223), .CK(clk), .RN(n475), .Q(
                            |
ncelab: *W,CUVWSP (../dc/geofence_syn.v,5396|28): 1 output port was not connected:
ncelab: (./tsmc13_neg.v,18376): QN

  DFFRX2 \side_length_reg[5]  ( .D(n1220), .CK(clk), .RN(n475), .Q(
                            |
ncelab: *W,CUVWSP (../dc/geofence_syn.v,5398|28): 1 output port was not connected:
ncelab: (./tsmc13_neg.v,18376): QN

  DFFRX2 \side_length_reg[0]  ( .D(n1215), .CK(clk), .RN(n475), .Q(
                            |
ncelab: *W,CUVWSP (../dc/geofence_syn.v,5400|28): 1 output port was not connected:
ncelab: (./tsmc13_neg.v,18376): QN

  DFFRX2 \hept_area_reg[19]  ( .D(n1619), .CK(clk), .RN(n475), .Q(
                           |
ncelab: *W,CUVWSP (../dc/geofence_syn.v,5522|27): 1 output port was not connected:
ncelab: (./tsmc13_neg.v,18376): QN

  DFFRX1 \vecY_reg[0][0]  ( .D(n1354), .CK(clk), .RN(n110), .QN(n1590) );
                        |
ncelab: *W,CUVWSP (../dc/geofence_syn.v,5550|24): 1 output port was not connected:
ncelab: (./tsmc13_neg.v,18307): Q

  DFFRX1 \vecY_reg[0][2]  ( .D(n1352), .CK(clk), .RN(n113), .QN(n1588) );
                        |
ncelab: *W,CUVWSP (../dc/geofence_syn.v,5551|24): 1 output port was not connected:
ncelab: (./tsmc13_neg.v,18307): Q

  DFFRX1 \vecY_reg[0][1]  ( .D(n1353), .CK(clk), .RN(n112), .QN(n1589) );
                        |
ncelab: *W,CUVWSP (../dc/geofence_syn.v,5552|24): 1 output port was not connected:
ncelab: (./tsmc13_neg.v,18307): Q

  DFFRX1 \vecY_reg[4][2]  ( .D(n1308), .CK(clk), .RN(n113), .QN(n1577) );
                        |
ncelab: *W,CUVWSP (../dc/geofence_syn.v,5555|24): 1 output port was not connected:
ncelab: (./tsmc13_neg.v,18307): Q

  DFFRX1 \vecY_reg[4][0]  ( .D(n1310), .CK(clk), .RN(n112), .QN(n1579) );
                        |
ncelab: *W,CUVWSP (../dc/geofence_syn.v,5556|24): 1 output port was not connected:
ncelab: (./tsmc13_neg.v,18307): Q

  DFFRX1 \vecX_reg[4][2]  ( .D(n1253), .CK(clk), .RN(n110), .QN(n1555) );
                        |
ncelab: *W,CUVWSP (../dc/geofence_syn.v,5557|24): 1 output port was not connected:
ncelab: (./tsmc13_neg.v,18307): Q

  DFFRX1 \vecX_reg[4][1]  ( .D(n1254), .CK(clk), .RN(n113), .QN(n1556) );
                        |
ncelab: *W,CUVWSP (../dc/geofence_syn.v,5558|24): 1 output port was not connected:
ncelab: (./tsmc13_neg.v,18307): Q

  DFFRX1 \vecX_reg[4][0]  ( .D(n1255), .CK(clk), .RN(n112), .QN(n1557) );
                        |
ncelab: *W,CUVWSP (../dc/geofence_syn.v,5559|24): 1 output port was not connected:
ncelab: (./tsmc13_neg.v,18307): Q

  DFFRX1 \vecY_reg[4][1]  ( .D(n1309), .CK(clk), .RN(n110), .QN(n1578) );
                        |
ncelab: *W,CUVWSP (../dc/geofence_syn.v,5560|24): 1 output port was not connected:
ncelab: (./tsmc13_neg.v,18307): Q

  DFFRX1 \vecX_reg[0][0]  ( .D(n1299), .CK(clk), .RN(n113), .QN(n1568) );
                        |
ncelab: *W,CUVWSP (../dc/geofence_syn.v,5561|24): 1 output port was not connected:
ncelab: (./tsmc13_neg.v,18307): Q

  DFFRX1 \vecX_reg[0][2]  ( .D(n1297), .CK(clk), .RN(n112), .QN(n1566) );
                        |
ncelab: *W,CUVWSP (../dc/geofence_syn.v,5562|24): 1 output port was not connected:
ncelab: (./tsmc13_neg.v,18307): Q

  DFFRX1 \vecX_reg[0][1]  ( .D(n1298), .CK(clk), .RN(n110), .QN(n1567) );
                        |
ncelab: *W,CUVWSP (../dc/geofence_syn.v,5563|24): 1 output port was not connected:
ncelab: (./tsmc13_neg.v,18307): Q

  DFFRX1 \vecY_reg[4][3]  ( .D(n1307), .CK(clk), .RN(n113), .QN(n1576) );
                        |
ncelab: *W,CUVWSP (../dc/geofence_syn.v,5564|24): 1 output port was not connected:
ncelab: (./tsmc13_neg.v,18307): Q

  DFFRX1 \vecY_reg[0][3]  ( .D(n1351), .CK(clk), .RN(n112), .QN(n1587) );
                        |
ncelab: *W,CUVWSP (../dc/geofence_syn.v,5565|24): 1 output port was not connected:
ncelab: (./tsmc13_neg.v,18307): Q

  DFFRX1 \vecX_reg[4][3]  ( .D(n1252), .CK(clk), .RN(n110), .QN(n1554) );
                        |
ncelab: *W,CUVWSP (../dc/geofence_syn.v,5566|24): 1 output port was not connected:
ncelab: (./tsmc13_neg.v,18307): Q

  DFFRX1 \vecX_reg[0][3]  ( .D(n1296), .CK(clk), .RN(n113), .QN(n1565) );
                        |
ncelab: *W,CUVWSP (../dc/geofence_syn.v,5567|24): 1 output port was not connected:
ncelab: (./tsmc13_neg.v,18307): Q

  DFFRX1 \rd_cnt_reg[0]  ( .D(n1847), .CK(clk), .RN(n112), .QN(n1360) );
                       |
ncelab: *W,CUVWSP (../dc/geofence_syn.v,5568|23): 1 output port was not connected:
ncelab: (./tsmc13_neg.v,18307): Q

  DFFRX1 \vecY_reg[4][4]  ( .D(n1306), .CK(clk), .RN(n110), .QN(n1575) );
                        |
ncelab: *W,CUVWSP (../dc/geofence_syn.v,5569|24): 1 output port was not connected:
ncelab: (./tsmc13_neg.v,18307): Q

  DFFRX1 \vecY_reg[0][4]  ( .D(n1350), .CK(clk), .RN(n113), .QN(n1586) );
                        |
ncelab: *W,CUVWSP (../dc/geofence_syn.v,5570|24): 1 output port was not connected:
ncelab: (./tsmc13_neg.v,18307): Q

  DFFRX1 \vecX_reg[4][4]  ( .D(n1251), .CK(clk), .RN(n112), .QN(n1553) );
                        |
ncelab: *W,CUVWSP (../dc/geofence_syn.v,5571|24): 1 output port was not connected:
ncelab: (./tsmc13_neg.v,18307): Q

  DFFRX1 \vecX_reg[0][4]  ( .D(n1295), .CK(clk), .RN(n110), .QN(n1564) );
                        |
ncelab: *W,CUVWSP (../dc/geofence_syn.v,5572|24): 1 output port was not connected:
ncelab: (./tsmc13_neg.v,18307): Q

  DFFRX1 \vecY_reg[4][5]  ( .D(n1305), .CK(clk), .RN(n113), .QN(n1574) );
                        |
ncelab: *W,CUVWSP (../dc/geofence_syn.v,5573|24): 1 output port was not connected:
ncelab: (./tsmc13_neg.v,18307): Q

  DFFRX1 \vecY_reg[0][5]  ( .D(n1349), .CK(clk), .RN(n112), .QN(n1585) );
                        |
ncelab: *W,CUVWSP (../dc/geofence_syn.v,5574|24): 1 output port was not connected:
ncelab: (./tsmc13_neg.v,18307): Q

  DFFRX1 \vecX_reg[4][5]  ( .D(n1250), .CK(clk), .RN(n110), .QN(n1552) );
                        |
ncelab: *W,CUVWSP (../dc/geofence_syn.v,5575|24): 1 output port was not connected:
ncelab: (./tsmc13_neg.v,18307): Q

  DFFRX1 \vecX_reg[0][5]  ( .D(n1294), .CK(clk), .RN(n113), .QN(n1563) );
                        |
ncelab: *W,CUVWSP (../dc/geofence_syn.v,5576|24): 1 output port was not connected:
ncelab: (./tsmc13_neg.v,18307): Q

  DFFRX1 \vecY_reg[4][6]  ( .D(n1304), .CK(clk), .RN(n112), .QN(n1573) );
                        |
ncelab: *W,CUVWSP (../dc/geofence_syn.v,5577|24): 1 output port was not connected:
ncelab: (./tsmc13_neg.v,18307): Q

  DFFRX1 \vecY_reg[0][6]  ( .D(n1348), .CK(clk), .RN(n110), .QN(n1584) );
                        |
ncelab: *W,CUVWSP (../dc/geofence_syn.v,5578|24): 1 output port was not connected:
ncelab: (./tsmc13_neg.v,18307): Q

  DFFRX1 \vecX_reg[4][6]  ( .D(n1249), .CK(clk), .RN(n113), .QN(n1551) );
                        |
ncelab: *W,CUVWSP (../dc/geofence_syn.v,5579|24): 1 output port was not connected:
ncelab: (./tsmc13_neg.v,18307): Q

  DFFRX1 \vecX_reg[0][6]  ( .D(n1293), .CK(clk), .RN(n112), .QN(n1562) );
                        |
ncelab: *W,CUVWSP (../dc/geofence_syn.v,5580|24): 1 output port was not connected:
ncelab: (./tsmc13_neg.v,18307): Q

  DFFRX1 \vecY_reg[4][7]  ( .D(n1303), .CK(clk), .RN(n110), .QN(n1572) );
                        |
ncelab: *W,CUVWSP (../dc/geofence_syn.v,5581|24): 1 output port was not connected:
ncelab: (./tsmc13_neg.v,18307): Q

  DFFRX1 \vecY_reg[0][7]  ( .D(n1347), .CK(clk), .RN(n113), .QN(n1583) );
                        |
ncelab: *W,CUVWSP (../dc/geofence_syn.v,5582|24): 1 output port was not connected:
ncelab: (./tsmc13_neg.v,18307): Q

  DFFRX1 \vecX_reg[4][7]  ( .D(n1248), .CK(clk), .RN(n112), .QN(n1550) );
                        |
ncelab: *W,CUVWSP (../dc/geofence_syn.v,5583|24): 1 output port was not connected:
ncelab: (./tsmc13_neg.v,18307): Q

  DFFRX1 \vecX_reg[0][7]  ( .D(n1292), .CK(clk), .RN(n110), .QN(n1561) );
                        |
ncelab: *W,CUVWSP (../dc/geofence_syn.v,5584|24): 1 output port was not connected:
ncelab: (./tsmc13_neg.v,18307): Q

  DFFRX1 \vecY_reg[4][8]  ( .D(n1302), .CK(clk), .RN(n113), .QN(n1571) );
                        |
ncelab: *W,CUVWSP (../dc/geofence_syn.v,5585|24): 1 output port was not connected:
ncelab: (./tsmc13_neg.v,18307): Q

  DFFRX1 \vecY_reg[0][8]  ( .D(n1346), .CK(clk), .RN(n112), .QN(n1582) );
                        |
ncelab: *W,CUVWSP (../dc/geofence_syn.v,5586|24): 1 output port was not connected:
ncelab: (./tsmc13_neg.v,18307): Q

  DFFRX1 \vecX_reg[4][8]  ( .D(n1247), .CK(clk), .RN(n110), .QN(n1549) );
                        |
ncelab: *W,CUVWSP (../dc/geofence_syn.v,5587|24): 1 output port was not connected:
ncelab: (./tsmc13_neg.v,18307): Q

  DFFRX1 \vecX_reg[0][8]  ( .D(n1291), .CK(clk), .RN(n113), .QN(n1560) );
                        |
ncelab: *W,CUVWSP (../dc/geofence_syn.v,5588|24): 1 output port was not connected:
ncelab: (./tsmc13_neg.v,18307): Q

  DFFRX1 \vecY_reg[4][9]  ( .D(n1301), .CK(clk), .RN(n112), .QN(n1570) );
                        |
ncelab: *W,CUVWSP (../dc/geofence_syn.v,5589|24): 1 output port was not connected:
ncelab: (./tsmc13_neg.v,18307): Q

  DFFRX1 \vecY_reg[0][9]  ( .D(n1345), .CK(clk), .RN(n110), .QN(n1581) );
                        |
ncelab: *W,CUVWSP (../dc/geofence_syn.v,5590|24): 1 output port was not connected:
ncelab: (./tsmc13_neg.v,18307): Q

  DFFRX1 \vecX_reg[4][9]  ( .D(n1246), .CK(clk), .RN(n113), .QN(n1548) );
                        |
ncelab: *W,CUVWSP (../dc/geofence_syn.v,5591|24): 1 output port was not connected:
ncelab: (./tsmc13_neg.v,18307): Q

  DFFRX1 \vecX_reg[0][9]  ( .D(n1290), .CK(clk), .RN(n112), .QN(n1559) );
                        |
ncelab: *W,CUVWSP (../dc/geofence_syn.v,5592|24): 1 output port was not connected:
ncelab: (./tsmc13_neg.v,18307): Q

  DFFRX1 \vecY_reg[4][10]  ( .D(n1300), .CK(clk), .RN(n110), .QN(n1569) );
                         |
ncelab: *W,CUVWSP (../dc/geofence_syn.v,5593|25): 1 output port was not connected:
ncelab: (./tsmc13_neg.v,18307): Q

  DFFRX1 \vecY_reg[0][10]  ( .D(n1344), .CK(clk), .RN(n113), .QN(n1580) );
                         |
ncelab: *W,CUVWSP (../dc/geofence_syn.v,5594|25): 1 output port was not connected:
ncelab: (./tsmc13_neg.v,18307): Q

  DFFRX1 \vecX_reg[4][10]  ( .D(n1245), .CK(clk), .RN(n112), .QN(n1547) );
                         |
ncelab: *W,CUVWSP (../dc/geofence_syn.v,5595|25): 1 output port was not connected:
ncelab: (./tsmc13_neg.v,18307): Q

  DFFRX1 \vecX_reg[0][10]  ( .D(n1289), .CK(clk), .RN(n110), .QN(n1558) );
                         |
ncelab: *W,CUVWSP (../dc/geofence_syn.v,5596|25): 1 output port was not connected:
ncelab: (./tsmc13_neg.v,18307): Q

  DFFRXL \vecY_reg[2][2]  ( .D(n1330), .CK(clk), .RN(n110), .Q(\vecY[2][2] )
                        |
ncelab: *W,CUVWSP (../dc/geofence_syn.v,5725|24): 1 output port was not connected:
ncelab: (./tsmc13_neg.v,18238): QN

  DFFRXL \vecY_reg[2][0]  ( .D(n1332), .CK(clk), .RN(n113), .Q(\vecY[2][0] )
                        |
ncelab: *W,CUVWSP (../dc/geofence_syn.v,5727|24): 1 output port was not connected:
ncelab: (./tsmc13_neg.v,18238): QN

  DFFRXL \vecY_reg[1][1]  ( .D(n1342), .CK(clk), .RN(n112), .Q(\vecY[1][1] )
                        |
ncelab: *W,CUVWSP (../dc/geofence_syn.v,5729|24): 1 output port was not connected:
ncelab: (./tsmc13_neg.v,18238): QN

  DFFRXL \vecY_reg[1][0]  ( .D(n1343), .CK(clk), .RN(n110), .Q(\vecY[1][0] )
                        |
ncelab: *W,CUVWSP (../dc/geofence_syn.v,5731|24): 1 output port was not connected:
ncelab: (./tsmc13_neg.v,18238): QN

  DFFRXL \vecY_reg[3][2]  ( .D(n1319), .CK(clk), .RN(n113), .Q(\vecY[3][2] )
                        |
ncelab: *W,CUVWSP (../dc/geofence_syn.v,5733|24): 1 output port was not connected:
ncelab: (./tsmc13_neg.v,18238): QN

  DFFRXL \vecY_reg[3][1]  ( .D(n1320), .CK(clk), .RN(n112), .Q(\vecY[3][1] )
                        |
ncelab: *W,CUVWSP (../dc/geofence_syn.v,5735|24): 1 output port was not connected:
ncelab: (./tsmc13_neg.v,18238): QN

  DFFRXL \vecY_reg[3][0]  ( .D(n1321), .CK(clk), .RN(n110), .Q(\vecY[3][0] )
                        |
ncelab: *W,CUVWSP (../dc/geofence_syn.v,5737|24): 1 output port was not connected:
ncelab: (./tsmc13_neg.v,18238): QN

  DFFRXL \vecY_reg[2][1]  ( .D(n1331), .CK(clk), .RN(n113), .Q(\vecY[2][1] )
                        |
ncelab: *W,CUVWSP (../dc/geofence_syn.v,5739|24): 1 output port was not connected:
ncelab: (./tsmc13_neg.v,18238): QN

  DFFRXL \vecY_reg[1][2]  ( .D(n1341), .CK(clk), .RN(n112), .Q(\vecY[1][2] )
                        |
ncelab: *W,CUVWSP (../dc/geofence_syn.v,5741|24): 1 output port was not connected:
ncelab: (./tsmc13_neg.v,18238): QN

  DFFRXL \vecX_reg[3][2]  ( .D(n1264), .CK(clk), .RN(n110), .Q(\vecX[3][2] )
                        |
ncelab: *W,CUVWSP (../dc/geofence_syn.v,5743|24): 1 output port was not connected:
ncelab: (./tsmc13_neg.v,18238): QN

  DFFRXL \vecX_reg[3][1]  ( .D(n1265), .CK(clk), .RN(n113), .Q(\vecX[3][1] )
                        |
ncelab: *W,CUVWSP (../dc/geofence_syn.v,5745|24): 1 output port was not connected:
ncelab: (./tsmc13_neg.v,18238): QN

  DFFRXL \vecX_reg[3][0]  ( .D(n1266), .CK(clk), .RN(n112), .Q(\vecX[3][0] )
                        |
ncelab: *W,CUVWSP (../dc/geofence_syn.v,5747|24): 1 output port was not connected:
ncelab: (./tsmc13_neg.v,18238): QN

  DFFRXL \vecX_reg[2][2]  ( .D(n1275), .CK(clk), .RN(n110), .Q(\vecX[2][2] )
                        |
ncelab: *W,CUVWSP (../dc/geofence_syn.v,5749|24): 1 output port was not connected:
ncelab: (./tsmc13_neg.v,18238): QN

  DFFRXL \vecX_reg[2][1]  ( .D(n1276), .CK(clk), .RN(n113), .Q(\vecX[2][1] )
                        |
ncelab: *W,CUVWSP (../dc/geofence_syn.v,5751|24): 1 output port was not connected:
ncelab: (./tsmc13_neg.v,18238): QN

  DFFRXL \vecX_reg[2][0]  ( .D(n1277), .CK(clk), .RN(n112), .Q(\vecX[2][0] )
                        |
ncelab: *W,CUVWSP (../dc/geofence_syn.v,5753|24): 1 output port was not connected:
ncelab: (./tsmc13_neg.v,18238): QN

  DFFRXL \vecX_reg[1][2]  ( .D(n1286), .CK(clk), .RN(n110), .Q(\vecX[1][2] )
                        |
ncelab: *W,CUVWSP (../dc/geofence_syn.v,5755|24): 1 output port was not connected:
ncelab: (./tsmc13_neg.v,18238): QN

  DFFRXL \vecX_reg[1][1]  ( .D(n1287), .CK(clk), .RN(n113), .Q(\vecX[1][1] )
                        |
ncelab: *W,CUVWSP (../dc/geofence_syn.v,5757|24): 1 output port was not connected:
ncelab: (./tsmc13_neg.v,18238): QN

  DFFRXL \vecX_reg[1][0]  ( .D(n1288), .CK(clk), .RN(n112), .Q(\vecX[1][0] )
                        |
ncelab: *W,CUVWSP (../dc/geofence_syn.v,5759|24): 1 output port was not connected:
ncelab: (./tsmc13_neg.v,18238): QN

  DFFRXL \vecY_reg[1][3]  ( .D(n1340), .CK(clk), .RN(n110), .Q(\vecY[1][3] )
                        |
ncelab: *W,CUVWSP (../dc/geofence_syn.v,5761|24): 1 output port was not connected:
ncelab: (./tsmc13_neg.v,18238): QN

  DFFRXL \vecY_reg[3][3]  ( .D(n1318), .CK(clk), .RN(n113), .Q(\vecY[3][3] )
                        |
ncelab: *W,CUVWSP (../dc/geofence_syn.v,5763|24): 1 output port was not connected:
ncelab: (./tsmc13_neg.v,18238): QN

  DFFRXL \vecY_reg[2][3]  ( .D(n1329), .CK(clk), .RN(n112), .Q(\vecY[2][3] )
                        |
ncelab: *W,CUVWSP (../dc/geofence_syn.v,5765|24): 1 output port was not connected:
ncelab: (./tsmc13_neg.v,18238): QN

  DFFRXL \vecX_reg[3][3]  ( .D(n1263), .CK(clk), .RN(n110), .Q(\vecX[3][3] )
                        |
ncelab: *W,CUVWSP (../dc/geofence_syn.v,5767|24): 1 output port was not connected:
ncelab: (./tsmc13_neg.v,18238): QN

  DFFRXL \vecX_reg[2][3]  ( .D(n1274), .CK(clk), .RN(n113), .Q(\vecX[2][3] )
                        |
ncelab: *W,CUVWSP (../dc/geofence_syn.v,5769|24): 1 output port was not connected:
ncelab: (./tsmc13_neg.v,18238): QN

  DFFRXL \vecX_reg[1][3]  ( .D(n1285), .CK(clk), .RN(n112), .Q(\vecX[1][3] )
                        |
ncelab: *W,CUVWSP (../dc/geofence_syn.v,5771|24): 1 output port was not connected:
ncelab: (./tsmc13_neg.v,18238): QN

  DFFRXL \vecY_reg[3][4]  ( .D(n1317), .CK(clk), .RN(n110), .Q(\vecY[3][4] )
                        |
ncelab: *W,CUVWSP (../dc/geofence_syn.v,5775|24): 1 output port was not connected:
ncelab: (./tsmc13_neg.v,18238): QN

  DFFRXL \vecY_reg[2][4]  ( .D(n1328), .CK(clk), .RN(n113), .Q(\vecY[2][4] )
                        |
ncelab: *W,CUVWSP (../dc/geofence_syn.v,5777|24): 1 output port was not connected:
ncelab: (./tsmc13_neg.v,18238): QN

  DFFRXL \vecY_reg[1][4]  ( .D(n1339), .CK(clk), .RN(n112), .Q(\vecY[1][4] )
                        |
ncelab: *W,CUVWSP (../dc/geofence_syn.v,5779|24): 1 output port was not connected:
ncelab: (./tsmc13_neg.v,18238): QN

  DFFRXL \vecX_reg[3][4]  ( .D(n1262), .CK(clk), .RN(n110), .Q(\vecX[3][4] )
                        |
ncelab: *W,CUVWSP (../dc/geofence_syn.v,5781|24): 1 output port was not connected:
ncelab: (./tsmc13_neg.v,18238): QN

  DFFRXL \vecX_reg[2][4]  ( .D(n1273), .CK(clk), .RN(n113), .Q(\vecX[2][4] )
                        |
ncelab: *W,CUVWSP (../dc/geofence_syn.v,5783|24): 1 output port was not connected:
ncelab: (./tsmc13_neg.v,18238): QN

  DFFRXL \vecX_reg[1][4]  ( .D(n1284), .CK(clk), .RN(n112), .Q(\vecX[1][4] )
                        |
ncelab: *W,CUVWSP (../dc/geofence_syn.v,5785|24): 1 output port was not connected:
ncelab: (./tsmc13_neg.v,18238): QN

  DFFRXL \vecY_reg[1][5]  ( .D(n1338), .CK(clk), .RN(n113), .Q(\vecY[1][5] )
                        |
ncelab: *W,CUVWSP (../dc/geofence_syn.v,5787|24): 1 output port was not connected:
ncelab: (./tsmc13_neg.v,18238): QN

  DFFRXL \vecY_reg[3][5]  ( .D(n1316), .CK(clk), .RN(n112), .Q(\vecY[3][5] )
                        |
ncelab: *W,CUVWSP (../dc/geofence_syn.v,5789|24): 1 output port was not connected:
ncelab: (./tsmc13_neg.v,18238): QN

  DFFRXL \vecY_reg[2][5]  ( .D(n1327), .CK(clk), .RN(n110), .Q(\vecY[2][5] )
                        |
ncelab: *W,CUVWSP (../dc/geofence_syn.v,5791|24): 1 output port was not connected:
ncelab: (./tsmc13_neg.v,18238): QN

  DFFRXL \vecX_reg[3][5]  ( .D(n1261), .CK(clk), .RN(n113), .Q(\vecX[3][5] )
                        |
ncelab: *W,CUVWSP (../dc/geofence_syn.v,5793|24): 1 output port was not connected:
ncelab: (./tsmc13_neg.v,18238): QN

  DFFRXL \vecX_reg[2][5]  ( .D(n1272), .CK(clk), .RN(n112), .Q(\vecX[2][5] )
                        |
ncelab: *W,CUVWSP (../dc/geofence_syn.v,5795|24): 1 output port was not connected:
ncelab: (./tsmc13_neg.v,18238): QN

  DFFRXL \vecX_reg[1][5]  ( .D(n1283), .CK(clk), .RN(n110), .Q(\vecX[1][5] )
                        |
ncelab: *W,CUVWSP (../dc/geofence_syn.v,5797|24): 1 output port was not connected:
ncelab: (./tsmc13_neg.v,18238): QN

  DFFRXL \vecY_reg[3][6]  ( .D(n1315), .CK(clk), .RN(n113), .Q(\vecY[3][6] )
                        |
ncelab: *W,CUVWSP (../dc/geofence_syn.v,5799|24): 1 output port was not connected:
ncelab: (./tsmc13_neg.v,18238): QN

  DFFRXL \vecY_reg[2][6]  ( .D(n1326), .CK(clk), .RN(n112), .Q(\vecY[2][6] )
                        |
ncelab: *W,CUVWSP (../dc/geofence_syn.v,5801|24): 1 output port was not connected:
ncelab: (./tsmc13_neg.v,18238): QN

  DFFRXL \vecY_reg[1][6]  ( .D(n1337), .CK(clk), .RN(n110), .Q(\vecY[1][6] )
                        |
ncelab: *W,CUVWSP (../dc/geofence_syn.v,5803|24): 1 output port was not connected:
ncelab: (./tsmc13_neg.v,18238): QN

  DFFRXL \vecX_reg[3][6]  ( .D(n1260), .CK(clk), .RN(n113), .Q(\vecX[3][6] )
                        |
ncelab: *W,CUVWSP (../dc/geofence_syn.v,5805|24): 1 output port was not connected:
ncelab: (./tsmc13_neg.v,18238): QN

  DFFRXL \vecX_reg[2][6]  ( .D(n1271), .CK(clk), .RN(n112), .Q(\vecX[2][6] )
                        |
ncelab: *W,CUVWSP (../dc/geofence_syn.v,5807|24): 1 output port was not connected:
ncelab: (./tsmc13_neg.v,18238): QN

  DFFRXL \vecX_reg[1][6]  ( .D(n1282), .CK(clk), .RN(n110), .Q(\vecX[1][6] )
                        |
ncelab: *W,CUVWSP (../dc/geofence_syn.v,5809|24): 1 output port was not connected:
ncelab: (./tsmc13_neg.v,18238): QN

  DFFRXL \vecY_reg[1][7]  ( .D(n1336), .CK(clk), .RN(n113), .Q(\vecY[1][7] )
                        |
ncelab: *W,CUVWSP (../dc/geofence_syn.v,5811|24): 1 output port was not connected:
ncelab: (./tsmc13_neg.v,18238): QN

  DFFRXL \vecY_reg[3][7]  ( .D(n1314), .CK(clk), .RN(n112), .Q(\vecY[3][7] )
                        |
ncelab: *W,CUVWSP (../dc/geofence_syn.v,5813|24): 1 output port was not connected:
ncelab: (./tsmc13_neg.v,18238): QN

  DFFRXL \vecY_reg[2][7]  ( .D(n1325), .CK(clk), .RN(n110), .Q(\vecY[2][7] )
                        |
ncelab: *W,CUVWSP (../dc/geofence_syn.v,5815|24): 1 output port was not connected:
ncelab: (./tsmc13_neg.v,18238): QN

  DFFRXL \vecX_reg[2][7]  ( .D(n1270), .CK(clk), .RN(n113), .Q(\vecX[2][7] )
                        |
ncelab: *W,CUVWSP (../dc/geofence_syn.v,5817|24): 1 output port was not connected:
ncelab: (./tsmc13_neg.v,18238): QN

  DFFRXL \vecX_reg[1][7]  ( .D(n1281), .CK(clk), .RN(n112), .Q(\vecX[1][7] )
                        |
ncelab: *W,CUVWSP (../dc/geofence_syn.v,5819|24): 1 output port was not connected:
ncelab: (./tsmc13_neg.v,18238): QN

  DFFRXL \vecX_reg[3][7]  ( .D(n1259), .CK(clk), .RN(n110), .Q(\vecX[3][7] )
                        |
ncelab: *W,CUVWSP (../dc/geofence_syn.v,5821|24): 1 output port was not connected:
ncelab: (./tsmc13_neg.v,18238): QN

  DFFRXL \hex_area_reg[0]  ( .D(n1225), .CK(clk), .RN(n113), .Q(hex_area[0])
                         |
ncelab: *W,CUVWSP (../dc/geofence_syn.v,5823|25): 1 output port was not connected:
ncelab: (./tsmc13_neg.v,18238): QN

  DFFRXL \vecY_reg[3][8]  ( .D(n1313), .CK(clk), .RN(n112), .Q(\vecY[3][8] )
                        |
ncelab: *W,CUVWSP (../dc/geofence_syn.v,5825|24): 1 output port was not connected:
ncelab: (./tsmc13_neg.v,18238): QN

  DFFRXL \vecY_reg[2][8]  ( .D(n1324), .CK(clk), .RN(n110), .Q(\vecY[2][8] )
                        |
ncelab: *W,CUVWSP (../dc/geofence_syn.v,5827|24): 1 output port was not connected:
ncelab: (./tsmc13_neg.v,18238): QN

  DFFRXL \vecY_reg[1][8]  ( .D(n1335), .CK(clk), .RN(n113), .Q(\vecY[1][8] )
                        |
ncelab: *W,CUVWSP (../dc/geofence_syn.v,5829|24): 1 output port was not connected:
ncelab: (./tsmc13_neg.v,18238): QN

  DFFRXL \vecX_reg[3][8]  ( .D(n1258), .CK(clk), .RN(n112), .Q(\vecX[3][8] )
                        |
ncelab: *W,CUVWSP (../dc/geofence_syn.v,5831|24): 1 output port was not connected:
ncelab: (./tsmc13_neg.v,18238): QN

  DFFRXL \vecX_reg[2][8]  ( .D(n1269), .CK(clk), .RN(n110), .Q(\vecX[2][8] )
                        |
ncelab: *W,CUVWSP (../dc/geofence_syn.v,5833|24): 1 output port was not connected:
ncelab: (./tsmc13_neg.v,18238): QN

  DFFRXL \vecX_reg[1][8]  ( .D(n1280), .CK(clk), .RN(n113), .Q(\vecX[1][8] )
                        |
ncelab: *W,CUVWSP (../dc/geofence_syn.v,5835|24): 1 output port was not connected:
ncelab: (./tsmc13_neg.v,18238): QN

  DFFRXL \vecY_reg[3][9]  ( .D(n1312), .CK(clk), .RN(n112), .Q(\vecY[3][9] )
                        |
ncelab: *W,CUVWSP (../dc/geofence_syn.v,5837|24): 1 output port was not connected:
ncelab: (./tsmc13_neg.v,18238): QN

  DFFRXL \vecY_reg[2][9]  ( .D(n1323), .CK(clk), .RN(n110), .Q(\vecY[2][9] )
                        |
ncelab: *W,CUVWSP (../dc/geofence_syn.v,5839|24): 1 output port was not connected:
ncelab: (./tsmc13_neg.v,18238): QN

  DFFRXL \vecY_reg[1][9]  ( .D(n1334), .CK(clk), .RN(n113), .Q(\vecY[1][9] )
                        |
ncelab: *W,CUVWSP (../dc/geofence_syn.v,5841|24): 1 output port was not connected:
ncelab: (./tsmc13_neg.v,18238): QN

  DFFRXL \vecX_reg[2][9]  ( .D(n1268), .CK(clk), .RN(n112), .Q(\vecX[2][9] )
                        |
ncelab: *W,CUVWSP (../dc/geofence_syn.v,5843|24): 1 output port was not connected:
ncelab: (./tsmc13_neg.v,18238): QN

  DFFRXL \vecX_reg[1][9]  ( .D(n1279), .CK(clk), .RN(n110), .Q(\vecX[1][9] )
                        |
ncelab: *W,CUVWSP (../dc/geofence_syn.v,5845|24): 1 output port was not connected:
ncelab: (./tsmc13_neg.v,18238): QN

  DFFRXL \vecX_reg[3][9]  ( .D(n1257), .CK(clk), .RN(n113), .Q(\vecX[3][9] )
                        |
ncelab: *W,CUVWSP (../dc/geofence_syn.v,5847|24): 1 output port was not connected:
ncelab: (./tsmc13_neg.v,18238): QN

  DFFRXL \vecY_reg[3][10]  ( .D(n1311), .CK(clk), .RN(n112), .Q(\vecY[3][10] )
                         |
ncelab: *W,CUVWSP (../dc/geofence_syn.v,5849|25): 1 output port was not connected:
ncelab: (./tsmc13_neg.v,18238): QN

  DFFRXL \vecY_reg[2][10]  ( .D(n1322), .CK(clk), .RN(n110), .Q(\vecY[2][10] )
                         |
ncelab: *W,CUVWSP (../dc/geofence_syn.v,5851|25): 1 output port was not connected:
ncelab: (./tsmc13_neg.v,18238): QN

  DFFRXL \vecY_reg[1][10]  ( .D(n1333), .CK(clk), .RN(n113), .Q(\vecY[1][10] )
                         |
ncelab: *W,CUVWSP (../dc/geofence_syn.v,5853|25): 1 output port was not connected:
ncelab: (./tsmc13_neg.v,18238): QN

  DFFRXL \vecX_reg[3][10]  ( .D(n1256), .CK(clk), .RN(n112), .Q(\vecX[3][10] )
                         |
ncelab: *W,CUVWSP (../dc/geofence_syn.v,5855|25): 1 output port was not connected:
ncelab: (./tsmc13_neg.v,18238): QN

  DFFRXL \vecX_reg[2][10]  ( .D(n1267), .CK(clk), .RN(n110), .Q(\vecX[2][10] )
                         |
ncelab: *W,CUVWSP (../dc/geofence_syn.v,5857|25): 1 output port was not connected:
ncelab: (./tsmc13_neg.v,18238): QN

  DFFRXL \vecX_reg[1][10]  ( .D(n1278), .CK(clk), .RN(n113), .Q(\vecX[1][10] )
                         |
ncelab: *W,CUVWSP (../dc/geofence_syn.v,5859|25): 1 output port was not connected:
ncelab: (./tsmc13_neg.v,18238): QN

  DFFRXL \hex_area_reg[1]  ( .D(n1226), .CK(clk), .RN(n112), .Q(hex_area[1])
                         |
ncelab: *W,CUVWSP (../dc/geofence_syn.v,5861|25): 1 output port was not connected:
ncelab: (./tsmc13_neg.v,18238): QN

  DFFRXL \hex_area_reg[6]  ( .D(n1231), .CK(clk), .RN(n113), .Q(hex_area[6])
                         |
ncelab: *W,CUVWSP (../dc/geofence_syn.v,5869|25): 1 output port was not connected:
ncelab: (./tsmc13_neg.v,18238): QN

  DFFRXL \hex_area_reg[9]  ( .D(n1234), .CK(clk), .RN(n113), .Q(hex_area[9])
                         |
ncelab: *W,CUVWSP (../dc/geofence_syn.v,5873|25): 1 output port was not connected:
ncelab: (./tsmc13_neg.v,18238): QN

  DFFRXL \hex_area_reg[11]  ( .D(n1236), .CK(clk), .RN(n110), .Q(hex_area[11])
                          |
ncelab: *W,CUVWSP (../dc/geofence_syn.v,5875|26): 1 output port was not connected:
ncelab: (./tsmc13_neg.v,18238): QN

  DFFRXL \hex_area_reg[13]  ( .D(n1238), .CK(clk), .RN(n112), .Q(hex_area[13])
                          |
ncelab: *W,CUVWSP (../dc/geofence_syn.v,5879|26): 1 output port was not connected:
ncelab: (./tsmc13_neg.v,18238): QN

  DFFRXL \hex_area_reg[15]  ( .D(n1240), .CK(clk), .RN(n113), .Q(hex_area[15])
                          |
ncelab: *W,CUVWSP (../dc/geofence_syn.v,5881|26): 1 output port was not connected:
ncelab: (./tsmc13_neg.v,18238): QN

  DFFRXL \hex_area_reg[18]  ( .D(n1243), .CK(clk), .RN(n112), .Q(hex_area[18])
                          |
ncelab: *W,CUVWSP (../dc/geofence_syn.v,5885|26): 1 output port was not connected:
ncelab: (./tsmc13_neg.v,18238): QN

  DFFRXL \hept_area_reg[1]  ( .D(n1601), .CK(clk), .RN(n113), .Q(hept_area[1])
                          |
ncelab: *W,CUVWSP (../dc/geofence_syn.v,5887|26): 1 output port was not connected:
ncelab: (./tsmc13_neg.v,18238): QN

  DFFRX2 \item1_cnt_reg[2]  ( .D(N2287), .CK(clk), .RN(n113), .QN(n1597) );
                          |
ncelab: *W,CUVWSP (../dc/geofence_syn.v,5893|26): 1 output port was not connected:
ncelab: (./tsmc13_neg.v,18376): Q

  DFFRX1 \hept_area_reg[7]  ( .D(n1607), .CK(clk), .RN(n113), .Q(hept_area[7])
                          |
ncelab: *W,CUVWSP (../dc/geofence_syn.v,6006|26): 1 output port was not connected:
ncelab: (./tsmc13_neg.v,18307): QN

  DFFRX1 \hex_area_reg[3]  ( .D(n1228), .CK(clk), .RN(n113), .Q(hex_area[3])
                         |
ncelab: *W,CUVWSP (../dc/geofence_syn.v,6022|25): 1 output port was not connected:
ncelab: (./tsmc13_neg.v,18307): QN

  DFFRX1 \hept_area_reg[0]  ( .D(n1600), .CK(clk), .RN(n110), .Q(hept_area[0])
                          |
ncelab: *W,CUVWSP (../dc/geofence_syn.v,6030|26): 1 output port was not connected:
ncelab: (./tsmc13_neg.v,18307): QN

  DFFRX1 \hept_area_reg[17]  ( .D(n1617), .CK(clk), .RN(n113), .Q(
                           |
ncelab: *W,CUVWSP (../dc/geofence_syn.v,6036|27): 1 output port was not connected:
ncelab: (./tsmc13_neg.v,18307): QN

  DFFRX1 \hept_area_reg[14]  ( .D(n1614), .CK(clk), .RN(n113), .Q(
                           |
ncelab: *W,CUVWSP (../dc/geofence_syn.v,6038|27): 1 output port was not connected:
ncelab: (./tsmc13_neg.v,18307): QN

  DFFRX1 \hept_area_reg[5]  ( .D(n1605), .CK(clk), .RN(n110), .Q(hept_area[5])
                          |
ncelab: *W,CUVWSP (../dc/geofence_syn.v,6040|26): 1 output port was not connected:
ncelab: (./tsmc13_neg.v,18307): QN

  DFFRX1 \side_length_reg[7]  ( .D(n1222), .CK(clk), .RN(n113), .Q(
                            |
ncelab: *W,CUVWSP (../dc/geofence_syn.v,6052|28): 1 output port was not connected:
ncelab: (./tsmc13_neg.v,18307): QN

  DFFRX1 \side_length_reg[2]  ( .D(n1217), .CK(clk), .RN(n113), .Q(
                            |
ncelab: *W,CUVWSP (../dc/geofence_syn.v,6056|28): 1 output port was not connected:
ncelab: (./tsmc13_neg.v,18307): QN

  DFFRX1 \hex_area_reg[19]  ( .D(n1244), .CK(clk), .RN(n110), .Q(hex_area[19])
                          |
ncelab: *W,CUVWSP (../dc/geofence_syn.v,6058|26): 1 output port was not connected:
ncelab: (./tsmc13_neg.v,18307): QN

  DFFRX1 \hex_area_reg[16]  ( .D(n1241), .CK(clk), .RN(n110), .Q(hex_area[16])
                          |
ncelab: *W,CUVWSP (../dc/geofence_syn.v,6060|26): 1 output port was not connected:
ncelab: (./tsmc13_neg.v,18307): QN

  DFFRX1 \hex_area_reg[10]  ( .D(n1235), .CK(clk), .RN(n112), .Q(hex_area[10])
                          |
ncelab: *W,CUVWSP (../dc/geofence_syn.v,6062|26): 1 output port was not connected:
ncelab: (./tsmc13_neg.v,18307): QN

  DFFRX1 \hex_area_reg[7]  ( .D(n1232), .CK(clk), .RN(n112), .Q(n68) );
                         |
ncelab: *W,CUVWSP (../dc/geofence_syn.v,6064|25): 1 output port was not connected:
ncelab: (./tsmc13_neg.v,18307): QN

  DFFRX1 \hex_area_reg[14]  ( .D(n1239), .CK(clk), .RN(n110), .Q(hex_area[14])
                          |
ncelab: *W,CUVWSP (../dc/geofence_syn.v,6065|26): 1 output port was not connected:
ncelab: (./tsmc13_neg.v,18307): QN

  DFFRX1 \hept_area_reg[15]  ( .D(n1615), .CK(clk), .RN(n476), .Q(
                           |
ncelab: *W,CUVWSP (../dc/geofence_syn.v,6069|27): 1 output port was not connected:
ncelab: (./tsmc13_neg.v,18307): QN

  DFFRX1 \hept_area_reg[6]  ( .D(n1606), .CK(clk), .RN(n476), .Q(hept_area[6])
                          |
ncelab: *W,CUVWSP (../dc/geofence_syn.v,6071|26): 1 output port was not connected:
ncelab: (./tsmc13_neg.v,18307): QN

  DFFRX1 \hept_area_reg[10]  ( .D(n1610), .CK(clk), .RN(n476), .Q(
                           |
ncelab: *W,CUVWSP (../dc/geofence_syn.v,6073|27): 1 output port was not connected:
ncelab: (./tsmc13_neg.v,18307): QN

  DFFRX2 \side_length_reg[3]  ( .D(n1218), .CK(clk), .RN(n475), .Q(
                            |
ncelab: *W,CUVWSP (../dc/geofence_syn.v,6075|28): 1 output port was not connected:
ncelab: (./tsmc13_neg.v,18376): QN

  DFFRX1 \hept_area_reg[18]  ( .D(n1618), .CK(clk), .RN(n475), .Q(
                           |
ncelab: *W,CUVWSP (../dc/geofence_syn.v,6077|27): 1 output port was not connected:
ncelab: (./tsmc13_neg.v,18307): QN

  DFFRX2 \hept_area_reg[8]  ( .D(n1608), .CK(clk), .RN(n476), .Q(hept_area[8])
                          |
ncelab: *W,CUVWSP (../dc/geofence_syn.v,6079|26): 1 output port was not connected:
ncelab: (./tsmc13_neg.v,18376): QN

  DFFRX1 \hept_area_reg[4]  ( .D(n1604), .CK(clk), .RN(n477), .Q(hept_area[4])
                          |
ncelab: *W,CUVWSP (../dc/geofence_syn.v,6081|26): 1 output port was not connected:
ncelab: (./tsmc13_neg.v,18307): QN

  DFFRX2 \hept_area_reg[11]  ( .D(n1611), .CK(clk), .RN(n476), .Q(
                           |
ncelab: *W,CUVWSP (../dc/geofence_syn.v,6083|27): 1 output port was not connected:
ncelab: (./tsmc13_neg.v,18376): QN

  DFFRX2 \hept_area_reg[3]  ( .D(n1603), .CK(clk), .RN(n477), .Q(hept_area[3])
                          |
ncelab: *W,CUVWSP (../dc/geofence_syn.v,6085|26): 1 output port was not connected:
ncelab: (./tsmc13_neg.v,18376): QN

  DFFRX2 \hept_area_reg[12]  ( .D(n1612), .CK(clk), .RN(n476), .Q(
                           |
ncelab: *W,CUVWSP (../dc/geofence_syn.v,6087|27): 1 output port was not connected:
ncelab: (./tsmc13_neg.v,18376): QN

  DFFRX4 \side_cnt_reg[2]  ( .D(n1620), .CK(clk), .RN(n480), .Q(side_cnt[2])
                         |
ncelab: *W,CUVWSP (../dc/geofence_syn.v,6091|25): 1 output port was not connected:
ncelab: (./tsmc13_neg.v,18445): QN

	Reading SDF file from location "../dc/geofence_syn.sdf"
	Writing compiled SDF file to "geofence_syn.sdf.X".
	Annotating SDF timing data:
		Compiled SDF file:     geofence_syn.sdf.X
		Log file:              
		Backannotation scope:  testfixture.u_geofence
		Configuration file:    
		MTM control:           
		Scale factors:         
		Scale type:            
	Annotation completed successfully...
	SDF statistics: No. of Pathdelays = 28750  Annotated = 100.00% -- No. of Tchecks = 3438  Annotated = 100.00% 
				        Total 	   Annotated	  Percentage
		 Path Delays	       28750	       28750	      100.00
		      $width	        1146	        1146	      100.00
		  $setuphold	        2292	        2292	      100.00
  assign n72 = a[1];
       |
ncelab: *W,SDFNCAP (../dc/geofence_syn.v,2439|7): The interconnect source testfixture.u_geofence.READ.U117.Y is separated by a unidirectional continuous assign from the destination testfixture.u_geofence.READ.mult_427.U408.A.  The port annotation will still occur.
  assign n72 = a[1];
       |
ncelab: *W,SDFNCAP (../dc/geofence_syn.v,2439|7): The interconnect source testfixture.u_geofence.READ.U117.Y is separated by a unidirectional continuous assign from the destination testfixture.u_geofence.READ.mult_427.U451.A.  The port annotation will still occur.
  assign n72 = a[1];
       |
ncelab: *W,SDFNCAP (../dc/geofence_syn.v,2439|7): The interconnect source testfixture.u_geofence.READ.U117.Y is separated by a unidirectional continuous assign from the destination testfixture.u_geofence.READ.mult_427.U462.B.  The port annotation will still occur.
  assign n72 = a[1];
       |
ncelab: *W,SDFNCAP (../dc/geofence_syn.v,2439|7): The interconnect source testfixture.u_geofence.READ.U117.Y is separated by a unidirectional continuous assign from the destination testfixture.u_geofence.READ.mult_427.U405.B.  The port annotation will still occur.
  assign n72 = a[1];
       |
ncelab: *W,SDFNCAP (../dc/geofence_syn.v,2439|7): The interconnect source testfixture.u_geofence.READ.U117.Y is separated by a unidirectional continuous assign from the destination testfixture.u_geofence.READ.mult_427.U318.B.  The port annotation will still occur.
  assign n72 = a[1];
       |
ncelab: *W,SDFNCAP (../dc/geofence_syn.v,2439|7): The interconnect source testfixture.u_geofence.READ.U117.Y is separated by a unidirectional continuous assign from the destination testfixture.u_geofence.READ.mult_427.U345.B.  The port annotation will still occur.
  assign n72 = a[1];
       |
ncelab: *W,SDFNCAP (../dc/geofence_syn.v,2439|7): The interconnect source testfixture.u_geofence.READ.U117.Y is separated by a unidirectional continuous assign from the destination testfixture.u_geofence.READ.mult_427.U377.B.  The port annotation will still occur.
  assign n72 = a[1];
       |
ncelab: *W,SDFNCAP (../dc/geofence_syn.v,2439|7): The interconnect source testfixture.u_geofence.READ.U117.Y is separated by a unidirectional continuous assign from the destination testfixture.u_geofence.READ.mult_427.U362.B.  The port annotation will still occur.
  assign n72 = a[1];
       |
ncelab: *W,SDFNCAP (../dc/geofence_syn.v,2439|7): The interconnect source testfixture.u_geofence.READ.U117.Y is separated by a unidirectional continuous assign from the destination testfixture.u_geofence.READ.mult_427.U356.B.  The port annotation will still occur.
  assign n72 = a[1];
       |
ncelab: *W,SDFNCAP (../dc/geofence_syn.v,2439|7): The interconnect source testfixture.u_geofence.READ.U117.Y is separated by a unidirectional continuous assign from the destination testfixture.u_geofence.READ.mult_427.U363.B.  The port annotation will still occur.
  assign n72 = a[1];
       |
ncelab: *W,SDFNCAP (../dc/geofence_syn.v,2439|7): The interconnect source testfixture.u_geofence.READ.U117.Y is separated by a unidirectional continuous assign from the destination testfixture.u_geofence.READ.mult_427.U350.B.  The port annotation will still occur.
  assign n72 = a[1];
       |
ncelab: *W,SDFNCAP (../dc/geofence_syn.v,2439|7): The interconnect source testfixture.u_geofence.READ.U117.Y is separated by a unidirectional continuous assign from the destination testfixture.u_geofence.READ.mult_427.U360.B.  The port annotation will still occur.
  assign n72 = a[1];
       |
ncelab: *W,SDFNCAP (../dc/geofence_syn.v,2439|7): The interconnect source testfixture.u_geofence.READ.U117.Y is separated by a unidirectional continuous assign from the destination testfixture.u_geofence.READ.mult_427.U351.B.  The port annotation will still occur.
  assign n72 = a[1];
       |
ncelab: *W,SDFNCAP (../dc/geofence_syn.v,2439|7): The interconnect source testfixture.u_geofence.READ.U117.Y is separated by a unidirectional continuous assign from the destination testfixture.u_geofence.READ.mult_427.U40.B.  The port annotation will still occur.
  assign n72 = a[1];
       |
ncelab: *W,SDFNCAP (../dc/geofence_syn.v,2439|7): The interconnect source testfixture.u_geofence.READ.U117.Y is separated by a unidirectional continuous assign from the destination testfixture.u_geofence.READ.mult_427.U43.B.  The port annotation will still occur.
	Building instance overlay tables: .................... Done
	Generating native compiled code:
		tsmc13_neg.ADDFHX1:v <0x4ba4cc44>
			streams:  14, words:  1719
		tsmc13_neg.ADDFHX2:v <0x525f8a7e>
			streams:  14, words:  1719
		tsmc13_neg.ADDFHX4:v <0x5fd506f2>
			streams:  14, words:  1719
		tsmc13_neg.ADDFX1:v <0x3d886732>
			streams:  14, words:  1719
		tsmc13_neg.ADDFX2:v <0x4443256c>
			streams:  14, words:  1719
		tsmc13_neg.ADDFX4:v <0x164ec9d6>
			streams:  14, words:  1719
		tsmc13_neg.ADDFXL:v <0x733a7745>
			streams:  14, words:  1719
		tsmc13_neg.ADDHX1:v <0x0a78a2f0>
			streams:   4, words:   318
		tsmc13_neg.ADDHX2:v <0x10410d87>
			streams:   4, words:   318
		tsmc13_neg.ADDHX4:v <0x1bd1e2b5>
			streams:   4, words:   318
		tsmc13_neg.ADDHXL:v <0x269be0d2>
			streams:   4, words:   318
		tsmc13_neg.CLKMX2X2:v <0x5286071c>
			streams:   2, words:   240
		tsmc13_neg.CLKMX2X4:v <0x7b81613d>
			streams:   2, words:   240
		tsmc13_neg.CLKXOR2X1:v <0x5363b829>
			streams:   4, words:   318
		tsmc13_neg.CLKXOR2X2:v <0x6bcfd3dc>
			streams:   4, words:   318
		tsmc13_neg.CLKXOR2X4:v <0x67063397>
			streams:   4, words:   318
		tsmc13_neg.CLKXOR2X8:v <0x5d72f30d>
			streams:   4, words:   318
		tsmc13_neg.CMPR22X2:v <0x6bdfb9f3>
			streams:   4, words:   318
		tsmc13_neg.CMPR32X2:v <0x1778c6e5>
			streams:  14, words:  1719
		tsmc13_neg.CMPR42X1:v <0x2dda9d85>
			streams:  20, words:  3851
		tsmc13_neg.CMPR42X2:v <0x675e46ee>
			streams:  20, words:  3851
		tsmc13_neg.CMPR42X4:v <0x19fd2efa>
			streams:  20, words:  3851
		tsmc13_neg.DFFRHQX1:v <0x481218c8>
			streams:   1, words:    64
		tsmc13_neg.DFFRX1:v <0x7cdf0d14>
			streams:   2, words:   128
		tsmc13_neg.DFFRX2:v <0x7592b2cd>
			streams:   2, words:   128
		tsmc13_neg.DFFRX4:v <0x2b541985>
			streams:   2, words:   128
		tsmc13_neg.DFFRXL:v <0x37d187a2>
			streams:   2, words:   128
		tsmc13_neg.DFFSX1:v <0x66f2c8ed>
			streams:   2, words:   128
		tsmc13_neg.MX2X1:v <0x14309f70>
			streams:   2, words:   240
		tsmc13_neg.MX2X4:v <0x01b7d5a3>
			streams:   2, words:   240
		tsmc13_neg.MX2XL:v <0x7d71e007>
			streams:   2, words:   240
		tsmc13_neg.MXI2X1:v <0x59230aa9>
			streams:   2, words:   240
		tsmc13_neg.MXI2X2:v <0x528989d2>
			streams:   2, words:   240
		tsmc13_neg.MXI2X4:v <0x45568824>
			streams:   2, words:   240
		tsmc13_neg.MXI2XL:v <0x26f27407>
			streams:   2, words:   240
		tsmc13_neg.XNOR2X1:v <0x74353e49>
			streams:   4, words:   318
		tsmc13_neg.XNOR2X4:v <0x2d06cddc>
			streams:   4, words:   318
		tsmc13_neg.XNOR2XL:v <0x73934aab>
			streams:   4, words:   318
		tsmc13_neg.XOR2X1:v <0x756b48bb>
			streams:   4, words:   318
		tsmc13_neg.XOR2X2:v <0x33067893>
			streams:   4, words:   318
		tsmc13_neg.XOR2X4:v <0x2e3cd84e>
			streams:   4, words:   318
		tsmc13_neg.XOR2XL:v <0x74c9551d>
			streams:   4, words:   318
		tsmc13_neg.XOR3X1:v <0x0601f842>
			streams:  10, words:  1401
		tsmc13_neg.XOR3X2:v <0x537cc09c>
			streams:  10, words:  1401
		tsmc13_neg.XOR3X4:v <0x0c715d66>
			streams:  10, words:  1401
		tsmc13_neg.XOR3XL:v <0x46e83d41>
			streams:  10, words:  1401
		worklib.READ:v <0x434c7d76>
			streams:   0, words:     0
		worklib.READ_DW_mult_uns_2:v <0x49a82dd7>
			streams:   0, words:     0
		worklib.testfixture:sv <0x5827340c>
			streams:  16, words: 23671
	Building instance specific data structures.
	Loading native compiled code:     .................... Done
	Design hierarchy summary:
		                     Instances  Unique
		Modules:                  5643     241
		UDPs:                      526       2
		Primitives:              15109       8
		Timing outputs:           6971      94
		Registers:                 399      24
		Scalar wires:             7390       -
		Expanded wires:             31       3
		Always blocks:               5       5
		Initial blocks:              9       9
		Cont. assignments:           0       1
		Pseudo assignments:          4       4
		Timing checks:            3438     468
		Interconnect:            16411       -
		Delayed tcheck signals:   1146     403
		Simulation timescale:      1ps
	Writing initial simulation snapshot: worklib.testfixture:sv
Loading snapshot worklib.testfixture:sv .................... Done
*Verdi* Loading libsscore_ius141.so
ncsim> source /usr/cad/cadence/INCISIV/cur/tools/inca/files/ncsimrc
ncsim> run
FSDB Dumper for IUS, Release Verdi_O-2018.09, Linux x86_64/64bit, 08/30/2018
(C) 1996 - 2018 by Synopsys, Inc.
*Verdi* FSDB WARNING: The FSDB file already exists. Overwriting the FSDB file may crash the programs that are using this file.
*Verdi* : Create FSDB file 'geofence.fsdb'
*Verdi* : Begin traversing the scopes, layer (0).
*Verdi* : End of traversing.
*Verdi* : Begin traversing the MDAs, layer (0).
*Verdi* : Enable +mda and +packedmda dumping.
*Verdi* : End of traversing the MDAs.
----------------------
-- Simulation Start --
----------------------
Object1(in):   X     Y     R
          1:  103,  340,  118
          2:  755,  510,  567
          3:  103,   50,  294
          4:  982,  280,  763
          5:  298,  560,  252
          6:  710,   50,  559
Object1: Golde/Return => 1/1, PASS

Object2(out):  X     Y     R
          1:  298,  560,  178
          2:  103,   50,  680
          3:  103,  340,  397
          4:  710,   50,  830
          5:  755,  510,  574
          6:  982,  280,  879
Object2: Golde/Return => 0/0, PASS

Object3(out):  X     Y     R
          1:  400,   80,  272
          2:  300,  800,  659
          3:  980,  120,  840
          4:  710,  620,  732
          5:  103,  500,  342
          6:  130,  210,   50
Object3: Golde/Return => 0/0, PASS

Object4(in):   X     Y     R
          1:  298,  560,  430
          2:  755,  510,  707
          3:  103,   50,  116
          4:  710,   50,  580
          5:  982,  280,  850
          6:  103,  340,  183
Object4: Golde/Return => 1/1, PASS

Object5(in):   X     Y     R
          1:  755,  510,  345
          2:  982,  280,  616
          3:  298,  560,  122
          4:  710,   50,  549
          5:  103,   50,  553
          6:  103,  340,  350
Object5: Golde/Return => 1/1, PASS

Object6(out):  X     Y     R
          1:  755,  510,  743
          2:  103,  340,  296
          3:  710,   50,  898
          4:  982,  280, 1021
          5:  298,  560,  285
          6:  103,   50,  580
Object6: Golde/Return => 0/0, PASS

Object7(out):  X     Y     R
          1:  103,   50,  748
          2:  710,   50,  148
          3:  298,  560,  718
          4:  755,  510,  420
          5:  982,  280,  223
          6:  103,  340,  784
Object7: Golde/Return => 0/0, PASS

Object8(out):  X     Y     R
          1:  300,  800,  330
          2:  710,  620,  690
          3:  400,   80,  664
          4:  103,  500,  150
          5:  130,  210,  429
          6:  980,  120, 1084
Object8: Golde/Return => 0/0, PASS

Object9(in):   X     Y     R
          1:  302,  423,  574
          2:  503,  521,  501
          3:  694,  768,  420
          4:   10,  664,  468
          5:   43, 1003,  298
          6:  694, 1023,  354
Object9: Golde/Return => 1/1, PASS

Object10(out):  X     Y     R
          1:  710,  620,  316
          2:  980,  120,  561
          3:  130,  210, 1007
          4:  400,   80,  863
          5:  103,  500,  935
          6:  300,  800,  730
Object10: Golde/Return => 0/0, PASS

Object11(in):   X     Y     R
          1:  302,  423,  315
          2:  694,  768,  546
          3:  694, 1023,  630
          4:  503,  521,  394
          5:   43, 1003,  322
          6:   10,  664,  146
Object11: Golde/Return => 1/1, PASS

Object12(in):   X     Y     R
          1:  980,  120,  733
          2:  710,  620,  217
          3:  103,  500,  433
          4:  130,  210,  594
          5:  300,  800,  235
          6:  400,   80,  603
Object12: Golde/Return => 1/1, PASS

Object13(out):  X     Y     R
          1:  694, 1023,  392
          2:   10,  664,  622
          3:  503,  521,  172
          4:  694,  768,  146
          5:  302,  423,  392
          6:   43, 1003,  694
Object13: Golde/Return => 0/0, PASS

Object14(in):   X     Y     R
          1:  321,  870,  378
          2: 1010,  643,  690
          3:  321,  127,  365
          4:  432,  123,  381
          5:  567, 1003,  560
          6:  970,  280,  668
Object14: Golde/Return => 1/1, PASS

Object15(out):  X     Y     R
          1:  755,  510,  390
          2:  103,   50,  732
          3:  103,  340,  487
          4:  298,  560,  193
          5:  982,  280,  707
          6:  710,   50,  720
Object15: Golde/Return => 0/0, PASS

Object16(out):  X     Y     R
          1:  300,  800,  628
          2:  980,  120,  875
          3:  130,  210, 1096
          4:  400,   80, 1039
          5:  103,  500,  934
          6:  710,  620,  416
Object16: Golde/Return => 0/0, PASS

Object17(out):  X     Y     R
          1:  103,  500,  784
          2:  130,  210,  753
          3:  400,   80,  540
          4:  710,  620,  320
          5:  980,  120,  247
          6:  300,  800,  732
Object17: Golde/Return => 0/0, PASS

Object18(in):   X     Y     R
          1:  503,  521,  154
          2:  694,  768,  215
          3:  694, 1023,  398
          4:   43, 1003,  562
          5:   10,  664,  490
          6:  302,  423,  320
Object18: Golde/Return => 1/1, PASS

Object19(in):   X     Y     R
          1:   43, 1003,  595
          2:  302,  423,  550
          3:   10,  664,  646
          4:  694, 1023,  168
          5:  694,  768,  124
          6:  503,  521,  369
Object19: Golde/Return => 1/1, PASS

Object20(in):   X     Y     R
          1:  980,  120,  785
          2:  103,  500,  214
          3:  710,  620,  574
          4:  130,  210,  142
          5:  300,  800,  486
          6:  400,   80,  300
Object20: Golde/Return => 1/1, PASS

Object21(out):  X     Y     R
          1:  432,  123,  834
          2:  321,  127,  833
          3:  567, 1003,  173
          4:  321,  870,  117
          5:  970,  280,  885
          6: 1010,  643,  686
Object21: Golde/Return => 0/0, PASS

Object22(in):   X     Y     R
          1:  710,   50,  238
          2:  103,  340,  777
          3:  982,  280,  122
          4:  755,  510,  308
          5:  298,  560,  664
          6:  103,   50,  788
Object22: Golde/Return => 1/1, PASS

Object23(in):   X     Y     R
          1:  982,  280,  586
          2:  103,   50,  337
          3:  755,  510,  464
          4:  710,   50,  348
          5:  103,  340,  324
          6:  298,  560,  364
Object23: Golde/Return => 1/1, PASS

Object24(in):   X     Y     R
          1:  503,  521,  205
          2:   43, 1003,  571
          3:  302,  423,   69
          4:   10,  664,  337
          5:  694, 1023,  661
          6:  694,  768,  481
Object24: Golde/Return => 1/1, PASS

Object25(out):  X     Y     R
          1:  321,  127,  922
          2:  567, 1003,  228
          3:  970,  280,  672
          4: 1010,  643,  363
          5:  432,  123,  875
          6:  321,  870,  464
Object25: Golde/Return => 0/0, PASS

Object26(in):   X     Y     R
          1:  970,  280,  684
          2:  432,  123,  771
          3: 1010,  643,  448
          4:  321,  127,  802
          5:  321,  870,  302
          6:  567, 1003,  144
Object26: Golde/Return => 1/1, PASS

Object27(out):  X     Y     R
          1:  755,  510,  386
          2:  103,   50,  848
          3:  982,  280,  709
          4:  710,   50,  778
          5:  103,  340,  607
          6:  298,  560,  313
Object27: Golde/Return => 0/0, PASS

Object28(out):  X     Y     R
          1:  503,  521,  494
          2:  302,  423,  346
          3:  694, 1023,  782
          4:   10,  664,   40
          5:   43, 1003,  378
          6:  694,  768,  689
Object28: Golde/Return => 0/0, PASS

Object29(out):  X     Y     R
          1:  567, 1003,  516
          2:  970,  280,  823
          3:  321,  870,  269
          4:  432,  123,  540
          5: 1010,  643,  790
          6:  321,  127,  503
Object29: Golde/Return => 0/0, PASS

Object30(in):   X     Y     R
          1:  103,  340,  769
          2:  710,   50,  334
          3:  103,   50,  822
          4:  298,  560,  613
          5:  755,  510,  203
          6:  982,  280,  126
Object30: Golde/Return => 1/1, PASS

Object31(out):  X     Y     R
          1:  503,  521,  582
          2:  694, 1023, 1097
          3:   10,  664,  571
          4:   43, 1003,  904
          5:  694,  768,  893
          6:  302,  423,  380
Object31: Golde/Return => 0/0, PASS

Object32(out):  X     Y     R
          1:  694, 1023,  377
          2:   10,  664,  968
          3:  503,  521,  530
          4:   43, 1003,  959
          5:  302,  423,  754
          6:  694,  768,  279
Object32: Golde/Return => 0/0, PASS

Object33(in):   X     Y     R
          1:  321,  870,  389
          2: 1010,  643,  378
          3:  567, 1003,  373
          4:  970,  280,  490
          5:  321,  127,  595
          6:  432,  123,  549
Object33: Golde/Return => 1/1, PASS

Object34(in):   X     Y     R
          1:  103,  500,  307
          2:  400,   80,  430
          3:  130,  210,  410
          4:  710,  620,  319
          5:  980,  120,  690
          6:  300,  800,  310
Object34: Golde/Return => 1/1, PASS

Object35(in):   X     Y     R
          1:  503,  521,  299
          2:   43, 1003,  421
          3:  694, 1023,  622
          4:   10,  664,  214
          5:  694,  768,  496
          6:  302,  423,  213
Object35: Golde/Return => 1/1, PASS

Object36(out):  X     Y     R
          1:  103,   50,  918
          2:  298,  560,  884
          3:  710,   50,  311
          4:  103,  340,  962
          5:  982,  280,  233
          6:  755,  510,  531
Object36: Golde/Return => 0/0, PASS

Object37(out):  X     Y     R
          1:   10,  664,  815
          2:  694,  768,  180
          3:   43, 1003,  743
          4:  694, 1023,  130
          5:  302,  423,  695
          6:  503,  521,  491
Object37: Golde/Return => 0/0, PASS

Object38(out):  X     Y     R
          1:  400,   80,  836
          2:  300,  800,  110
          3:  103,  500,  454
          4:  980,  120, 1042
          5:  130,  210,  720
          6:  710,  620,  502
Object38: Golde/Return => 0/0, PASS

Object39(in):   X     Y     R
          1:  321,  870,  724
          2:  567, 1003,  786
          3:  321,  127,  333
          4:  432,  123,  230
          5:  970,  280,  334
          6: 1010,  643,  561
Object39: Golde/Return => 1/1, PASS

Object40(in):   X     Y     R
          1:  400,   80,  493
          2:  103,  500,  816
          3:  710,  620,  426
          4:  130,  210,  742
          5:  300,  800,  811
          6:  980,  120,  150
Object40: Golde/Return => 1/1, PASS

Object41(out):  X     Y     R
          1:  970,  280,  344
          2:  321,  870,  774
          3:  432,  123,  217
          4:  321,  127,  326
          5: 1010,  643,  600
          6:  567, 1003,  840
Object41: Golde/Return => 0/0, PASS

Object42(out):  X     Y     R
          1:  321,  127,  936
          2:  321,  870,  655
          3:  970,  280,  519
          4:  567, 1003,  454
          5:  432,  123,  865
          6: 1010,  643,  160
Object42: Golde/Return => 0/0, PASS

Object43(in):   X     Y     R
          1:  567, 1003,  551
          2:  321,  127,  600
          3: 1010,  643,  261
          4:  321,  870,  599
          5:  432,  123,  520
          6:  970,  280,  282
Object43: Golde/Return => 1/1, PASS

Object44(in):   X     Y     R
          1:  710,  620,  514
          2:  130,  210,  270
          3:  300,  800,  598
          4:  103,  500,  415
          5:  400,   80,  130
          6:  980,  120,  586
Object44: Golde/Return => 1/1, PASS

Object45(out):  X     Y     R
          1:   10,  664,  849
          2:  694, 1023,  924
          3:  503,  521,  444
          4:  694,  768,  669
          5:  302,  423,  471
          6:   43, 1003, 1085
Object45: Golde/Return => 0/0, PASS

Object46(out):  X     Y     R
          1:  980,  120,  968
          2:  710,  620,  500
          3:  300,  800,  113
          4:  103,  500,  249
          5:  130,  210,  517
          6:  400,   80,  664
Object46: Golde/Return => 0/0, PASS

Object47(out):  X     Y     R
          1:  103,  500,  420
          2:  300,  800,  739
          3:  400,   80,  270
          4:  130,  210,  130
          5:  710,  620,  792
          6:  980,  120,  850
Object47: Golde/Return => 0/0, PASS

Object48(in):   X     Y     R
          1:  321,  870,  264
          2: 1010,  643,  511
          3:  321,  127,  576
          4:  567, 1003,  334
          5:  432,  123,  556
          6:  970,  280,  613
Object48: Golde/Return => 1/1, PASS

Object49(out):  X     Y     R
          1:  567, 1003, 1016
          2: 1010,  643, 1059
          3:  321,  127,  222
          4:  432,  123,  332
          5:  321,  870,  801
          6:  970,  280,  888
Object49: Golde/Return => 0/0, PASS

Object50(out):  X     Y     R
          1:  321,  870,  130
          2:  432,  123,  883
          3:  970,  280,  969
          4:  567, 1003,  246
          5:  321,  127,  873
          6: 1010,  643,  775
Object50: Golde/Return => 0/0, PASS

-------------------------------------------------
--    Simulation finish,  ALL PASS             --
-------------------------------------------------
Simulation complete via $finish(1) at time 130250 NS + 0
./tb.sv:151              $finish;
ncsim> exit
TOOL:	ncverilog	14.10-s005: Exiting on Apr 13, 2021 at 18:08:07 CST  (total: 00:00:16)
