 
****************************************
Report : area
Design : IOTDF
Version: Q-2019.12
Date   : Tue Apr 13 20:57:45 2021
****************************************

Library(s) Used:

    slow (File: /home/nfs_cad/lib/CBDK_IC_Contest_v2.1/SynopsysDC/db/slow.db)

Number of ports:                         1737
Number of nets:                          7400
Number of cells:                         5096
Number of combinational cells:           4294
Number of sequential cells:               784
Number of macros/black boxes:               0
Number of buf/inv:                       1098
Number of references:                       3

Combinational area:              33742.614338
Buf/Inv area:                     4369.107532
Noncombinational area:           24829.566568
Macro/Black Box area:                0.000000
Net Interconnect area:      undefined  (No wire load specified)

Total cell area:                 58572.180907
Total area:                 undefined
1
