ncverilog(64): 14.10-s005: (c) Copyright 1995-2014 Cadence Design Systems, Inc.
TOOL:	ncverilog	14.10-s005: Started on Feb 04, 2021 at 11:03:47 CST
ncverilog
	-f ncvlog.f
		-sv
		tb.sv
		SME_syn.v
		+access+r
		-v
		/home/nfs_cad/lib/CBDK_IC_Contest_v2.1/Verilog/tsmc13_neg.v
		+define+SDF
		+nc64bit
		+ncmaxdelays
Loading snapshot worklib.testfixture:sv .................... Done
*Verdi* Loading libsscore_ius141.so
ncsim> source /usr/cad/cadence/INCISIV/cur/tools/inca/files/ncsimrc
ncsim> run
FSDB Dumper for IUS, Release Verdi_O-2018.09, Linux x86_64/64bit, 08/30/2018
(C) 1996 - 2018 by Synopsys, Inc.
*Verdi* FSDB WARNING: The FSDB file already exists. Overwriting the FSDB file may crash the programs that are using this file.
*Verdi* : Create FSDB file 'SME.fsdb'
*Verdi* : Begin traversing the scopes, layer (0).
*Verdi* : End of traversing.
*Verdi* : Begin traversing the MDAs, layer (0).
*Verdi* : Enable +mda and +packedmda dumping.
*Verdi* : End of traversing the MDAs.
----------------------
-- Simulation Start --
----------------------
  __________________________________________________________
  == String 1  "abcdijk lmnop q rstuv"
  -- Pattern 1  "1234"
       cycle 6f, expect(0,--) , get(0,--) >> Pass
  -- Pattern 2  "abcd"
       cycle 79, expect(1,00) , get(1,00) >> Pass
  -- Pattern 3  "dijk"
       cycle 8f, expect(1,03) , get(1,03) >> Pass
  -- Pattern 4  "pqrst"
       cycle fa, expect(0,--) , get(0,--) >> Pass
  -- Pattern 5  "pqr.t"
       cycle 165, expect(0,--) , get(0,--) >> Pass
  -- Pattern 6  "c...k"
       cycle 17b, expect(1,02) , get(1,02) >> Pass
  -- Pattern 7  "^lmno"
       cycle 1a9, expect(1,08) , get(1,08) >> Pass
  -- Pattern 8  "rstuv$"
       cycle 217, expect(1,10) , get(1,10) >> Pass
  -- Pattern 9  "^rmn"
       cycle 26c, expect(0,--) , get(0,--) >> Pass
  -- Pattern a  "ijk l$"
       cycle 2ec, expect(0,--) , get(0,--) >> Pass
  -- Pattern b  "v"
       cycle 303, expect(1,14) , get(1,14) >> Pass
  -- Pattern c  "lmnoprst"
       cycle 3ad, expect(0,--) , get(0,--) >> Pass
  -- Pattern d  "^ijk$"
       cycle 417, expect(0,--) , get(0,--) >> Pass
  -- Pattern e  "^q$"
       cycle 445, expect(1,0e) , get(1,0e) >> Pass
  __________________________________________________________
  == String 2  "2x1=2 2x2=4 2x3=6"
  -- Pattern 1  "^2.2.2"
       cycle 4bd, expect(0,--) , get(0,--) >> Pass
  -- Pattern 2  "2.2.2"
       cycle 4dd, expect(1,04) , get(1,04) >> Pass
  -- Pattern 3  "^2.2.4$"
       cycle 50f, expect(1,06) , get(1,06) >> Pass
  -- Pattern 4  "."
       cycle 513, expect(1,00) , get(1,00) >> Pass
  -- Pattern 5  "^.."
       cycle 51a, expect(1,00) , get(1,00) >> Pass
  -- Pattern 6  "^.$"
       cycle 54e, expect(0,--) , get(0,--) >> Pass
  -- Pattern 7  "2.$"
       cycle 583, expect(0,--) , get(0,--) >> Pass
  -- Pattern 8  "2x4=7"
       cycle 5da, expect(0,--) , get(0,--) >> Pass
  -- Pattern 9  "3=6-3"
       cycle 631, expect(0,--) , get(0,--) >> Pass
  -- Pattern a  "1.2=2"
       cycle 688, expect(0,--) , get(0,--) >> Pass
  -- Pattern b  "2*2=4"
       cycle 6a9, expect(1,00) , get(1,00) >> Pass
  __________________________________________________________
  == String 3  "She sees cheese"
  -- Pattern 1  "ees."
       cycle 6d6, expect(1,05) , get(1,05) >> Pass
  -- Pattern 2  "ees.$"
       cycle 719, expect(1,0b) , get(1,0b) >> Pass
  -- Pattern 3  "e..se"
       cycle 766, expect(0,--) , get(0,--) >> Pass
  -- Pattern 4  "e..ee$"
       cycle 7c2, expect(0,--) , get(0,--) >> Pass
  -- Pattern 5  "^ees*"
       cycle 80e, expect(0,--) , get(0,--) >> Pass
  -- Pattern 6  "hee*se"
       cycle 858, expect(1,0a) , get(1,0a) >> Pass
  -- Pattern 7  "he.s"
       cycle 866, expect(1,01) , get(1,01) >> Pass
  -- Pattern 8  "*see$"
       cycle 8a6, expect(0,--) , get(0,--) >> Pass
  -- Pattern 9  "se*ce"
       cycle 8d4, expect(0,--) , get(0,--) >> Pass
  __________________________________________________________
  == String 4  "But she said the butter's bitter"
  -- Pattern 1  "sa*said"
       cycle 98c, expect(0,--) , get(0,--) >> Pass
  -- Pattern 2  "b*tter"
       cycle a04, expect(1,11) , get(1,11) >> Pass
  -- Pattern 3  "b*tter$"
       cycle abd, expect(1,11) , get(1,11) >> Pass
  -- Pattern 4  "ut*r"
       cycle ade, expect(1,01) , get(1,01) >> Pass
  -- Pattern 5  "ut*tted"
       cycle b61, expect(0,--) , get(0,--) >> Pass
  -- Pattern 6  "^ut*tter"
       cycle c62, expect(0,--) , get(0,--) >> Pass
  -- Pattern 7  "*tered"
       cycle d06, expect(0,--) , get(0,--) >> Pass
  __________________________________________________________
  == String 5  "He threw three free throws"
  -- Pattern 1  "thr*the$"
       cycle d92, expect(0,--) , get(0,--) >> Pass
  -- Pattern 2  "^thro*th"
       cycle e3b, expect(0,--) , get(0,--) >> Pass
  -- Pattern 3  ".ree th"
       cycle eb4, expect(1,0f) , get(1,0f) >> Pass
  -- Pattern 4  ".ree  fr"
       cycle f86, expect(0,--) , get(0,--) >> Pass
  -- Pattern 5  ".ree *re"
       cycle fea, expect(1,0a) , get(1,0a) >> Pass
  -- Pattern 6  "re. thr"
       cycle 101d, expect(1,05) , get(1,05) >> Pass
  -- Pattern 7  "ee*ee fr"
       cycle 10c1, expect(0,--) , get(0,--) >> Pass
  -- Pattern 8  "ee*ee th"
       cycle 1142, expect(1,0c) , get(1,0c) >> Pass
  -- Pattern 9  "re*ee.$"
       cycle 11b9, expect(0,--) , get(0,--) >> Pass
  -- Pattern a  "^...$"
       cycle 123c, expect(0,--) , get(0,--) >> Pass
  -- Pattern b  "^....$"
       cycle 129d, expect(1,0f) , get(1,0f) >> Pass
----------------------------------
-- Simulation finish, ALL PASS  --
-- cycle =4766 , Score =100       --
----------------------------------
Simulation complete via $finish(1) at time 57192 NS + 0
./tb.sv:201                     $finish;
ncsim> exit
TOOL:	ncverilog	14.10-s005: Exiting on Feb 04, 2021 at 11:03:51 CST  (total: 00:00:04)
