Host command: /usr/cad/cadence/INCISIV/cur/tools/verilog/bin/verilog.exe
Command arguments:
    -f prev.f
        tb.sv
        SME.v
        +nc64bit
        +access+r

Tool:	VERILOG-XL	08.20.001-d log file created Jan 26, 2021  12:10:59
Tool:	VERILOG-XL	08.20.001-d   Jan 26, 2021  12:10:59

Copyright (c) 1995-2004 Cadence Design Systems, Inc.  All Rights Reserved.
Unpublished -- rights reserved under the copyright laws of the United States.

Copyright (c) 1995-2004 UNIX Systems Laboratories, Inc.  Reproduced with Permission.

THIS SOFTWARE AND ON-LINE DOCUMENTATION CONTAIN CONFIDENTIAL INFORMATION
AND TRADE SECRETS OF CADENCE DESIGN SYSTEMS, INC.  USE, DISCLOSURE, OR
REPRODUCTION IS PROHIBITED WITHOUT THE PRIOR EXPRESS WRITTEN PERMISSION OF
CADENCE DESIGN SYSTEMS, INC.
RESTRICTED RIGHTS LEGEND

Use, duplication, or disclosure by the Government is subject to
restrictions as set forth in subparagraph (c)(1)(ii) of the Rights in
Technical Data and Computer Software clause at DFARS 252.227-7013 or
subparagraphs (c)(1) and (2) of Commercial Computer Software -- Restricted
Rights at 48 CFR 52.227-19, as applicable.

                Cadence Design Systems, Inc.
                555 River Oaks Parkway
                San Jose, California  95134

For technical assistance please contact the Cadence Response Center at
1-877-CDS-4911 or send email to support@cadence.com

For more information on Cadence's Verilog-XL product line send email to
talkv@cadence.com

Compiling source file "tb.sv"

Error!    syntax error                                      [Verilog]          
          "tb.sv", 11: string data;<-

Error!    syntax error                                      [Verilog]          
          "tb.sv", 12: string strnum;<-

Error!    syntax error                                      [Verilog]          
          "tb.sv", 13: string patnum;<-

Error!    syntax error                                      [Verilog]          
          "tb.sv", 14: string strdata;<-

Error!    syntax error                                      [Verilog]          
          "tb.sv", 15: string goldmatch_s;<-

Error!    syntax error                                      [Verilog]          
          "tb.sv", 16: string goldmatch_index_s;<-

Error!    syntax error                                      [Verilog]          
          "tb.sv", 18: reg clk =<-

Error!    syntax error                                      [Verilog]          
          "tb.sv", 20: reg reset =<-

Error!    syntax error                                      [Verilog]          
          "tb.sv", 22: reg isstring=<-

Error!    syntax error                                      [Verilog]          
          "tb.sv", 23: reg ispattern=<-

Error!    Task or function ($fsdbDumpfile) not defined      [Verilog-TOFD]     
          "tb.sv", 42: 

Error!    Task or function ($fsdbDumpvars) not defined      [Verilog-TOFD]     
          "tb.sv", 43: 

Error!    Task or function ($fsdbDumpMDA) not defined       [Verilog-TOFD]     
          "tb.sv", 44: 

Error!    syntax error                                      [Verilog]          
          "tb.sv", 61: reg [22:0] cycle=<-

Error!    syntax error                                      [Verilog]          
          "tb.sv", 93: integer score=<-

Error!    syntax error                                      [Verilog]          
          "tb.sv", 94: integer allpass=<-

Error!    syntax error                                      [Verilog]          
          "tb.sv", 107: score+<-
17 errors
End of Tool:	VERILOG-XL	08.20.001-d   Jan 26, 2021  12:10:59
