 
****************************************
Report : area
Design : DT
Version: Q-2019.12
Date   : Tue Apr 13 20:19:08 2021
****************************************

Library(s) Used:

    slow (File: /home/nfs_cad/lib/CBDK_IC_Contest_v2.1/SynopsysDC/db/slow.db)

Number of ports:                          409
Number of nets:                          1227
Number of cells:                          823
Number of combinational cells:            746
Number of sequential cells:                65
Number of macros/black boxes:               0
Number of buf/inv:                        131
Number of references:                      14

Combinational area:               7460.072912
Buf/Inv area:                      903.016794
Noncombinational area:            2362.780777
Macro/Black Box area:                0.000000
Net Interconnect area:           99680.496338

Total cell area:                  9822.853689
Total area:                     109503.350027
1
