ncsim(64) 14.10-s005
Linux 2.6.32-431.el6.x86_64 #1 SMP Fri Nov 22 03:15:09 UTC 2013 x86_64
CPU cores: 24
Limit information:
======================================
cputime			unlimited
filesize		unlimited
datasize		unlimited
stacksize		10240 kbytes
coredumpsize	0 kbytes
memoryuse		unlimited
vmemoryuse		unlimited
descriptors		4096
memorylocked	64 kbytes
maxproc			1024
======================================
(Special)Runtime environment variables:

Runtime environment variables:
HOSTNAME=ideal125
SELINUX_ROLE_REQUESTED=
TERM=xterm
SHELL=/bin/sh
HISTSIZE=1000
SSH_CLIENT=192.168.102.8 52118 22
SELINUX_USE_CURRENT_RANGE=
QTDIR=/usr/lib64/qt-3.3
QTINC=/usr/lib64/qt-3.3/include
SSH_TTY=/dev/pts/20
USER=max.chen
LS_COLORS=rs=0:di=01;34:ln=01;36:mh=00:pi=40;33:so=01;35:do=01;35:bd=40;33;01:cd=40;33;01:or=40;31;01:mi=01;05;37;41:su=37;41:sg=30;43:ca=30;41:tw=30;42:ow=34;42:st=37;44:ex=01;32:*.tar=01;31:*.tgz=01;31:*.arj=01;31:*.taz=01;31:*.lzh=01;31:*.lzma=01;31:*.tlz=01;31:*.txz=01;31:*.zip=01;31:*.z=01;31:*.Z=01;31:*.dz=01;31:*.gz=01;31:*.lz=01;31:*.xz=01;31:*.bz2=01;31:*.tbz=01;31:*.tbz2=01;31:*.bz=01;31:*.tz=01;31:*.deb=01;31:*.rpm=01;31:*.jar=01;31:*.rar=01;31:*.ace=01;31:*.zoo=01;31:*.cpio=01;31:*.7z=01;31:*.rz=01;31:*.jpg=01;35:*.jpeg=01;35:*.gif=01;35:*.bmp=01;35:*.pbm=01;35:*.pgm=01;35:*.ppm=01;35:*.tga=01;35:*.xbm=01;35:*.xpm=01;35:*.tif=01;35:*.tiff=01;35:*.png=01;35:*.svg=01;35:*.svgz=01;35:*.mng=01;35:*.pcx=01;35:*.mov=01;35:*.mpg=01;35:*.mpeg=01;35:*.m2v=01;35:*.mkv=01;35:*.ogm=01;35:*.mp4=01;35:*.m4v=01;35:*.mp4v=01;35:*.vob=01;35:*.qt=01;35:*.nuv=01;35:*.wmv=01;35:*.asf=01;35:*.rm=01;35:*.rmvb=01;35:*.flc=01;35:*.avi=01;35:*.fli=01;35:*.flv=01;35:*.gl=01;35:*.dl=01;35:*.xcf=01;35:*.xwd=01;35:*.yuv=01;35:*.cgm=01;35:*.emf=01;35:*.axv=01;35:*.anx=01;35:*.ogv=01;35:*.ogx=01;35:*.aac=01;36:*.au=01;36:*.flac=01;36:*.mid=01;36:*.midi=01;36:*.mka=01;36:*.mp3=01;36:*.mpc=01;36:*.ogg=01;36:*.ra=01;36:*.wav=01;36:*.axa=01;36:*.oga=01;36:*.spx=01;36:*.xspf=01;36:
MAIL=/var/spool/mail/max.chen
PATH=/usr/cad/cadence/INCISIV/cur/tools/bin/64bit:/usr/cad/cadence/INCISIV/cur/tools/bin/64bit:/usr/cad/cadence/INCISIV/cur/tools/bin/64bit:/opt/RISCV/bin:/usr/cad/cadence/JASPER/cur/bin:/home/nfs_cad/mentor/calibre/cur/bin:/usr/cad/synopsys/hspice/2015.06/hspice/bin:/usr/cad/synopsys/hspice/2015.06/hspice/GNU/linux64/gcc-4.8.3/bin:/usr/cad/synopsys/hspice/2015.06/hspice/linux64:/usr/bin:/usr/ucb/bin:/home/nfs_cad/synopsys/adp/cur/bin:/home/nfs_cad/synopsys/laker/cur/bin:/usr/cad/cadence/EDI/cur/tools/celtic/bin:/usr/cad/cadence/EDI/cur/tools/plato/bin:/usr/cad/cadence/EDI/cur/tools/dfII/bin:/usr/cad/cadence/EDI/cur/tools/fe/bin:/usr/cad/cadence/EDI/cur/tools/cdsdoc/bin:/usr/cad/cadence/EDI/cur/tools/bin:/usr/cad/cadence/EDI/cur//tools/tlfUtil/bin:/home/nfs_cad/synopsys/icc/cur/amd64/syn/bin:/usr/bin/X11:/home/nfs_cad/synopsys/synthesis/cur/amd64/syn/bin:/home/nfs_cad/synopsys/cosmos_scope/cur/ai_bin:/home/nfs_cad/synopsys/verdi/cur/bin:/home/nfs_cad/synopsys/verdi/cur/nLint/bin:/home/nfs_cad/synopsys/verdi/cur/bin:/home/nfs_cad/synopsys/verdi/cur/nLint/bin:/usr/cad/cadence/INCISIV/cur/tools/bin:/usr/cad/cadence/INCISIV/cur/tools/vtools/vfault/bin:/usr/cad/cadence/INCISIV/cur/tools/dfII/bin:/home/nfs_cad/mentor/modelsim/10.2/modeltech/bin:/usr/lib64/qt-3.3/bin:/usr/local/bin:/bin:/usr/bin:/usr/local/sbin:/usr/sbin:/sbin
PWD=/home/max.chen/ICCONTEST/final/2019/icc2019cb
SELINUX_LEVEL_REQUESTED=
SSH_ASKPASS=/usr/libexec/openssh/gnome-ssh-askpass
HISTCONTROL=ignoredups
SHLVL=2
HOME=/home/max.chen
LANGUAGE=en_US.UTF-8
LOGNAME=max.chen
QTLIB=/usr/lib64/qt-3.3/lib
CVS_RSH=ssh
SSH_CONNECTION=192.168.102.8 52118 140.116.245.125 22
LESSOPEN=|/usr/bin/lesspipe.sh %s
DISPLAY=localhost:30.0
G_BROKEN_FILENAMES=1
_=/bin/tcsh
OLDPWD=/home/max.chen/ICCONTEST/final/2019
HOSTTYPE=x86_64-linux
VENDOR=unknown
OSTYPE=linux
MACHTYPE=x86_64
GROUP=users
HOST=ideal125
REMOTEHOST=192.168.102.8
LM_LICENSE_FILE=1717@lsncku:26585@lsncku:5280@lsncku:5280@lscic:5280@lsnctu
MTI_VCO_MODE=64
MGC_HOME=/home/nfs_cad/mentor/calibre/cur
MGC_TMPDIR=/tmp
MGC_LOCATION_MAP=NO_MAP
LD_LIBRARY_PATH=/usr/cad/synopsys/hspice/2015.06/hspice/linux64/interfaces::/usr/cad/cadence/EDI/cur//tools/tlfUtil/lib:/home/nfs_cad/synopsys/verdi/cur/share/PLI/IUS/LINUX64/:/home/nfs_cad/synopsys/verdi/cur/share/PLI/IUS/LINUX64/:/usr/cad/cadence/INCISIV/cur/tools/lib/64bit:/usr/cad/cadence/INCISIV/cur/tools/lib:/usr/cad/cadence/INCISIV/cur/tools/vtools/vfault/lib:/usr/openwin/lib:/usr/dt/lib:/usr/lib:/usr/local/lib
SHLIB_PATH=/home/nfs_cad/synopsys/verdi/cur/share/PLI/IUS/LINUX64/:/home/nfs_cad/synopsys/verdi/cur/share/PLI/IUS/LINUX64
SYNTHESIS=/home/nfs_cad/synopsys/synthesis/cur
SYNOPSYS=/home/nfs_cad/synopsys/icc/cur
SYN_MAN_DIR=/home/nfs_cad/synopsys/synthesis/cur/doc/syn/man
MANPATH=/home/nfs_cad/synopsys/synthesis/cur/doc/syn/man
ENCOUNTER=/usr/cad/cadence/EDI/cur/tools/fe
OA_HOME=/usr/cad/cadence/EDI/cur/oa
Laker_TCL_L3=1
Laker_TCL_ToolBox=1
installdir=/usr/cad/synopsys/hspice/2015.06/hspice
ARCH=linux64
CMIARCH=RH
mraarch=linux64
TMIARCH=RH
HSP_HOME=/usr/cad/synopsys/hspice/2015.06/hspice
SNPS_PLATFORM=linux64
HSP_GCC=/usr/cad/synopsys/hspice/2015.06/hspice/GNU/linux64/gcc-4.8.3/bin/gcc -m64 
SNPS_64=1
HSP_GCC_VERSION=4.8.3
CDS_LOAD_ENV=CSF
_IRUNROOT_=/usr/cad/cadence/INCISIV/cur/tools
CDS_ARCH=lnx86
NCRUNMODE=ncverilog:./INCA_libs/irun.lnx8664.14.10.nc
IRUNBATCH=FALSE
IMPERAS_PORT_FILE=.vsp_ovp_gdb_port
TCL_LIBRARY=/usr/cad/cadence/INCISIV/cur/tools/inca/files/tcl/library
Runtime command line arguments:
argv[0]=ncverilog
argv[1]=-f
argv[2]=ncvlog.f
argv[3]=testfixture.v
argv[4]=IOTDF_syn.v
argv[5]=+define+F1
argv[6]=+access+r
argv[7]=-v
argv[8]=tsmc13_neg.v
argv[9]=+define+SDF
argv[10]=+nc64bit
100 profile - 100
          CPU/Mem usage: 0.040 sys,  0.040 user,  97.36M sys,  0.00M vm
101 VC callback profile - scalar:0 vector:0
102 Fri Mar 19 17:35:36 2021
103 pliAppInit
104 FSDB_GATE is disabled.
105 Enable Parallel Dumping.
106 pliAppMiscSet: New Sim Round
107 pliEntryInit
108 LIBSSCORE=found /home/nfs_cad/synopsys/verdi/cur/share/PLI/IUS/LINUX64/libsscore_ius141.so through $LD_LIBRARY_PATH setting.
109 argv[0]: IOTDF_F1.fsdb
110 FSDB Dumper for IUS, Release Verdi_O-2018.09, Linux x86_64/64bit, 08/30/2018
111 (C) 1996 - 2018 by Synopsys, Inc.
112 sps_call_fsdbDumpfile at 0 : /home/max.chen/ICCONTEST/final/2019/icc2019cb/testfixture.v(118)
113 argv[0]: IOTDF_F1.fsdb
114 *Verdi* FSDB WARNING: The FSDB file already exists. Overwriting the FSDB file may crash the programs that are using this file.
115 *Verdi* : Create FSDB file 'IOTDF_F1.fsdb'
116 sps_call_fsdbDumpvars at 0 : /home/max.chen/ICCONTEST/final/2019/icc2019cb/testfixture.v(120)
117 *Verdi* : Begin traversing the scopes, layer (0).
118 Cell instance `test.u_IOTDF.U1'.
119 *Verdi* : End of traversing.
120 fsdbDumpvars traverse var: profile - 
          CPU/Mem usage: 0.050 sys,  1.030 user,  196.23M sys,  0.00M vm
                   incr: 0.010 sys,  0.980 user,  15.79M sys,  0.00M vm
                   accu: 0.010 sys,  0.980 user,  15.79M sys,  0.00M vm
              accu incr: 0.010 sys,  0.980 user,  15.79M sys,  0.00M vm

          Count usage: 38519 var,  10336 idcode,  10336 callback
                 incr: 38519 var,  10336 idcode,  10336 callback
                 accu: 38519 var,  10336 idcode,  10336 callback
            accu incr: 38519 var,  10336 idcode,  10336 callback
121 VC callback profile - scalar:0 vector:0
122 Fri Mar 19 17:35:38 2021
123 fsdbDumpvars: profile - 
          CPU/Mem usage: 0.050 sys,  1.050 user,  197.28M sys,  0.00M vm
                   incr: 0.000 sys,  0.020 user,  1.05M sys,  0.00M vm
                   accu: 0.010 sys,  1.000 user,  16.84M sys,  0.00M vm
              accu incr: 0.000 sys,  0.020 user,  1.05M sys,  0.00M vm

          Count usage: 38519 var,  10336 idcode,  10336 callback
                 incr: 0 var,  0 idcode,  0 callback
                 accu: 38519 var,  10336 idcode,  10336 callback
            accu incr: 0 var,  0 idcode,  0 callback
124 VC callback profile - scalar:10322 vector:14
125 Fri Mar 19 17:35:38 2021
126 sps_call_fsdbDumpMDA at 0 : /home/max.chen/ICCONTEST/final/2019/icc2019cb/testfixture.v(121)
127 *Verdi* : Begin traversing the MDAs, layer (0).
128 *Verdi* : Enable +mda and +packedmda dumping.
129 Cell instance `test.u_IOTDF.U1'.
130 *Verdi* : End of traversing the MDAs.
131 fsdbDumpMDA traverse var: profile - 
          CPU/Mem usage: 0.050 sys,  1.250 user,  197.42M sys,  0.00M vm
                   incr: 0.000 sys,  0.200 user,  0.14M sys,  0.00M vm
                   accu: 0.000 sys,  0.200 user,  0.14M sys,  0.00M vm
              accu incr: 0.000 sys,  0.200 user,  0.14M sys,  0.00M vm

          Count usage: 38756 var,  10573 idcode,  10573 callback
                 incr: 237 var,  237 idcode,  237 callback
                 accu: 237 var,  237 idcode,  237 callback
            accu incr: 237 var,  237 idcode,  237 callback
132 VC callback profile - scalar:10322 vector:14
133 Fri Mar 19 17:35:38 2021
134 fsdbDumpMDA: profile - 
          CPU/Mem usage: 0.050 sys,  1.250 user,  197.42M sys,  0.00M vm
                   incr: 0.000 sys,  0.000 user,  0.00M sys,  0.00M vm
                   accu: 0.000 sys,  0.200 user,  0.14M sys,  0.00M vm
              accu incr: 0.000 sys,  0.000 user,  0.00M sys,  0.00M vm

          Count usage: 38756 var,  10573 idcode,  10573 callback
                 incr: 0 var,  0 idcode,  0 callback
                 accu: 237 var,  237 idcode,  237 callback
            accu incr: 0 var,  0 idcode,  0 callback
135 VC callback profile - scalar:10322 vector:251
136 Fri Mar 19 17:35:38 2021
137 End of simulation at 18270000
138 VC callback profile - scalar:432772 vector:6717
139 Fri Mar 19 17:35:38 2021
140 Begin FSDB profile info:
141 FSDB Writer : bc1(432772) bcn(6717) mtf/stf(0/0)
FSDB Writer elapsed time : flush(0.245055) io wait(0.000000) theadpool wait(0.000000) target functin(0.000000)
FSDB Writer cpu time : MT Compression : 0
142 End FSDB profile info
143 Parallel profile    -  Flush:4 Expand:0 ProduceWait:0 ConsumerWait:1 BlockUsed:2
144                        ProduceTime:1.738363886 ConsumerTime:0.062201330 Buffer:64MB
145 SimExit
146 Sim process exit
